2023-11-20T12:05:02.915+0400 [DEBUG] [org.gradle.launcher.daemon.bootstrap.DaemonMain] Assuming the daemon was started with following jvm opts: [--add-opens=java.base/java.util.concurrent.atomic=ALL-UNNAMED, -XX:MaxMetaspaceSize=384m, -XX:+HeapDumpOnOutOfMemoryError, --add-opens=java.base/java.util=ALL-UNNAMED, --add-opens=java.base/java.lang=ALL-UNNAMED, --add-opens=java.base/java.lang.invoke=ALL-UNNAMED, --add-opens=java.prefs/java.util.prefs=ALL-UNNAMED, --add-opens=java.base/java.nio.charset=ALL-UNNAMED, --add-opens=java.base/java.net=ALL-UNNAMED, --add-opens=java.base/java.util.concurrent.atomic=ALL-UNNAMED, -Xms256m, -Xmx512m, -Dfile.encoding=windows-1252, -Duser.country=US, -Duser.language=en, -Duser.variant]
2023-11-20T12:05:03.203+0400 [DEBUG] [org.gradle.internal.nativeintegration.services.NativeServices] Native-platform posix files integration is not available. Continuing with fallback.
2023-11-20T12:05:03.227+0400 [INFO] [org.gradle.launcher.daemon.server.Daemon] start() called on daemon - DefaultDaemonContext[uid=3c849530-c4f1-4b78-b2fd-8bba4549cad1,javaHome=C:\Program Files\Java\jdk-17,daemonRegistryDir=C:\Users\Rufet\IdeaProjects\PaymentApp\daemon,pid=10688,idleTimeout=10800000,priority=NORMAL,applyInstrumentationAgent=true,daemonOpts=--add-opens=java.base/java.util.concurrent.atomic=ALL-UNNAMED,-XX:MaxMetaspaceSize=384m,-XX:+HeapDumpOnOutOfMemoryError,--add-opens=java.base/java.util=ALL-UNNAMED,--add-opens=java.base/java.lang=ALL-UNNAMED,--add-opens=java.base/java.lang.invoke=ALL-UNNAMED,--add-opens=java.prefs/java.util.prefs=ALL-UNNAMED,--add-opens=java.base/java.nio.charset=ALL-UNNAMED,--add-opens=java.base/java.net=ALL-UNNAMED,--add-opens=java.base/java.util.concurrent.atomic=ALL-UNNAMED,-Xms256m,-Xmx512m,-Dfile.encoding=windows-1252,-Duser.country=US,-Duser.language=en,-Duser.variant]
2023-11-20T12:05:03.555+0400 [DEBUG] [org.gradle.internal.remote.internal.inet.InetAddresses] Adding IP addresses for network interface Software Loopback Interface 1
2023-11-20T12:05:03.562+0400 [DEBUG] [org.gradle.internal.remote.internal.inet.InetAddresses] Is this a loopback interface? true
2023-11-20T12:05:03.562+0400 [DEBUG] [org.gradle.internal.remote.internal.inet.InetAddresses] Adding loopback address /127.0.0.1
2023-11-20T12:05:03.563+0400 [DEBUG] [org.gradle.internal.remote.internal.inet.InetAddresses] Adding loopback address /0:0:0:0:0:0:0:1
2023-11-20T12:05:03.564+0400 [DEBUG] [org.gradle.internal.remote.internal.inet.InetAddresses] Adding IP addresses for network interface Microsoft 6to4 Adapter
2023-11-20T12:05:03.571+0400 [DEBUG] [org.gradle.internal.remote.internal.inet.InetAddresses] Is this a loopback interface? false
2023-11-20T12:05:03.572+0400 [DEBUG] [org.gradle.internal.remote.internal.inet.InetAddresses] Adding IP addresses for network interface Hyper-V Virtual Switch Extension Adapter
2023-11-20T12:05:03.582+0400 [DEBUG] [org.gradle.internal.remote.internal.inet.InetAddresses] Is this a loopback interface? false
2023-11-20T12:05:03.583+0400 [DEBUG] [org.gradle.internal.remote.internal.inet.InetAddresses] Adding IP addresses for network interface Hyper-V Virtual Switch Extension Adapter #2-Hyper-V Virtual Switch Extension Filter-0000
2023-11-20T12:05:03.594+0400 [DEBUG] [org.gradle.internal.remote.internal.inet.InetAddresses] Is this a loopback interface? false
2023-11-20T12:05:03.595+0400 [DEBUG] [org.gradle.internal.remote.internal.inet.InetAddresses] Adding IP addresses for network interface WAN Miniport (IP)
2023-11-20T12:05:03.602+0400 [DEBUG] [org.gradle.internal.remote.internal.inet.InetAddresses] Is this a loopback interface? false
2023-11-20T12:05:03.603+0400 [DEBUG] [org.gradle.internal.remote.internal.inet.InetAddresses] Adding IP addresses for network interface Microsoft IP-HTTPS Platform Adapter
2023-11-20T12:05:03.609+0400 [DEBUG] [org.gradle.internal.remote.internal.inet.InetAddresses] Is this a loopback interface? false
2023-11-20T12:05:03.613+0400 [DEBUG] [org.gradle.internal.remote.internal.inet.InetAddresses] Adding IP addresses for network interface WAN Miniport (L2TP)
2023-11-20T12:05:03.621+0400 [DEBUG] [org.gradle.internal.remote.internal.inet.InetAddresses] Is this a loopback interface? false
2023-11-20T12:05:03.621+0400 [DEBUG] [org.gradle.internal.remote.internal.inet.InetAddresses] Adding IP addresses for network interface WAN Miniport (PPPOE)
2023-11-20T12:05:03.630+0400 [DEBUG] [org.gradle.internal.remote.internal.inet.InetAddresses] Is this a loopback interface? false
2023-11-20T12:05:03.630+0400 [DEBUG] [org.gradle.internal.remote.internal.inet.InetAddresses] Adding IP addresses for network interface Microsoft Wi-Fi Direct Virtual Adapter
2023-11-20T12:05:03.638+0400 [DEBUG] [org.gradle.internal.remote.internal.inet.InetAddresses] Is this a loopback interface? false
2023-11-20T12:05:03.638+0400 [DEBUG] [org.gradle.internal.remote.internal.inet.InetAddresses] Adding IP addresses for network interface WAN Miniport (IPv6)
2023-11-20T12:05:03.644+0400 [DEBUG] [org.gradle.internal.remote.internal.inet.InetAddresses] Is this a loopback interface? false
2023-11-20T12:05:03.645+0400 [DEBUG] [org.gradle.internal.remote.internal.inet.InetAddresses] Adding IP addresses for network interface Microsoft Teredo Tunneling Adapter
2023-11-20T12:05:03.651+0400 [DEBUG] [org.gradle.internal.remote.internal.inet.InetAddresses] Is this a loopback interface? false
2023-11-20T12:05:03.652+0400 [DEBUG] [org.gradle.internal.remote.internal.inet.InetAddresses] Adding IP addresses for network interface Microsoft Wi-Fi Direct Virtual Adapter #3
2023-11-20T12:05:03.659+0400 [DEBUG] [org.gradle.internal.remote.internal.inet.InetAddresses] Is this a loopback interface? false
2023-11-20T12:05:03.660+0400 [DEBUG] [org.gradle.internal.remote.internal.inet.InetAddresses] Adding remote address /fe80:0:0:0:74b4:c4bb:23f1:14ee%wlan1
2023-11-20T12:05:03.661+0400 [DEBUG] [org.gradle.internal.remote.internal.inet.InetAddresses] Adding IP addresses for network interface VirtualBox Host-Only Ethernet Adapter
2023-11-20T12:05:03.669+0400 [DEBUG] [org.gradle.internal.remote.internal.inet.InetAddresses] Is this a loopback interface? false
2023-11-20T12:05:03.671+0400 [DEBUG] [org.gradle.internal.remote.internal.inet.InetAddresses] Adding remote address /192.168.56.1
2023-11-20T12:05:03.672+0400 [DEBUG] [org.gradle.internal.remote.internal.inet.InetAddresses] Adding remote address /fe80:0:0:0:a816:349c:e019:651d%eth4
2023-11-20T12:05:03.672+0400 [DEBUG] [org.gradle.internal.remote.internal.inet.InetAddresses] Adding IP addresses for network interface Microsoft Kernel Debug Network Adapter
2023-11-20T12:05:03.679+0400 [DEBUG] [org.gradle.internal.remote.internal.inet.InetAddresses] Is this a loopback interface? false
2023-11-20T12:05:03.680+0400 [DEBUG] [org.gradle.internal.remote.internal.inet.InetAddresses] Adding IP addresses for network interface Hyper-V Virtual Ethernet Adapter
2023-11-20T12:05:03.689+0400 [DEBUG] [org.gradle.internal.remote.internal.inet.InetAddresses] Is this a loopback interface? false
2023-11-20T12:05:03.690+0400 [DEBUG] [org.gradle.internal.remote.internal.inet.InetAddresses] Adding remote address /172.25.80.1
2023-11-20T12:05:03.690+0400 [DEBUG] [org.gradle.internal.remote.internal.inet.InetAddresses] Adding remote address /fe80:0:0:0:9a69:e6ea:2cdc:9150%eth6
2023-11-20T12:05:03.690+0400 [DEBUG] [org.gradle.internal.remote.internal.inet.InetAddresses] Adding IP addresses for network interface Microsoft Wi-Fi Direct Virtual Adapter #2
2023-11-20T12:05:03.696+0400 [DEBUG] [org.gradle.internal.remote.internal.inet.InetAddresses] Is this a loopback interface? false
2023-11-20T12:05:03.698+0400 [DEBUG] [org.gradle.internal.remote.internal.inet.InetAddresses] Adding IP addresses for network interface Hyper-V Virtual Ethernet Adapter-WFP Native MAC Layer LightWeight Filter-0000
2023-11-20T12:05:03.706+0400 [DEBUG] [org.gradle.internal.remote.internal.inet.InetAddresses] Is this a loopback interface? false
2023-11-20T12:05:03.706+0400 [DEBUG] [org.gradle.internal.remote.internal.inet.InetAddresses] Adding IP addresses for network interface WAN Miniport (IP)-WFP Native MAC Layer LightWeight Filter-0000
2023-11-20T12:05:03.712+0400 [DEBUG] [org.gradle.internal.remote.internal.inet.InetAddresses] Is this a loopback interface? false
2023-11-20T12:05:03.712+0400 [DEBUG] [org.gradle.internal.remote.internal.inet.InetAddresses] Adding IP addresses for network interface Bluetooth Device (Personal Area Network)
2023-11-20T12:05:03.719+0400 [DEBUG] [org.gradle.internal.remote.internal.inet.InetAddresses] Is this a loopback interface? false
2023-11-20T12:05:03.719+0400 [DEBUG] [org.gradle.internal.remote.internal.inet.InetAddresses] Adding remote address /fe80:0:0:0:bb59:97a2:2369:a911%eth9
2023-11-20T12:05:03.720+0400 [DEBUG] [org.gradle.internal.remote.internal.inet.InetAddresses] Adding IP addresses for network interface Intel(R) Wi-Fi 6 AX201 160MHz
2023-11-20T12:05:03.728+0400 [DEBUG] [org.gradle.internal.remote.internal.inet.InetAddresses] Is this a loopback interface? false
2023-11-20T12:05:03.730+0400 [DEBUG] [org.gradle.internal.remote.internal.inet.InetAddresses] Adding remote address /10.3.24.168
2023-11-20T12:05:03.733+0400 [DEBUG] [org.gradle.internal.remote.internal.inet.InetAddresses] Adding remote address /fe80:0:0:0:f542:b92c:c215:edf%wlan3
2023-11-20T12:05:03.734+0400 [DEBUG] [org.gradle.internal.remote.internal.inet.InetAddresses] Adding IP addresses for network interface WAN Miniport (SSTP)
2023-11-20T12:05:03.742+0400 [DEBUG] [org.gradle.internal.remote.internal.inet.InetAddresses] Is this a loopback interface? false
2023-11-20T12:05:03.744+0400 [DEBUG] [org.gradle.internal.remote.internal.inet.InetAddresses] Adding IP addresses for network interface WAN Miniport (IKEv2)
2023-11-20T12:05:03.751+0400 [DEBUG] [org.gradle.internal.remote.internal.inet.InetAddresses] Is this a loopback interface? false
2023-11-20T12:05:03.751+0400 [DEBUG] [org.gradle.internal.remote.internal.inet.InetAddresses] Adding IP addresses for network interface Microsoft Wi-Fi Direct Virtual Adapter #4
2023-11-20T12:05:03.758+0400 [DEBUG] [org.gradle.internal.remote.internal.inet.InetAddresses] Is this a loopback interface? false
2023-11-20T12:05:03.758+0400 [DEBUG] [org.gradle.internal.remote.internal.inet.InetAddresses] Adding remote address /fe80:0:0:0:34d6:2de6:9347:d50d%wlan4
2023-11-20T12:05:03.758+0400 [DEBUG] [org.gradle.internal.remote.internal.inet.InetAddresses] Adding IP addresses for network interface Realtek PCIe GbE Family Controller
2023-11-20T12:05:03.768+0400 [DEBUG] [org.gradle.internal.remote.internal.inet.InetAddresses] Is this a loopback interface? false
2023-11-20T12:05:03.769+0400 [DEBUG] [org.gradle.internal.remote.internal.inet.InetAddresses] Adding remote address /fe80:0:0:0:75ef:ba06:85d8:745f%eth10
2023-11-20T12:05:03.775+0400 [DEBUG] [org.gradle.internal.remote.internal.inet.InetAddresses] Adding IP addresses for network interface Hyper-V Virtual Ethernet Adapter-VirtualBox NDIS Light-Weight Filter-0000
2023-11-20T12:05:03.783+0400 [DEBUG] [org.gradle.internal.remote.internal.inet.InetAddresses] Is this a loopback interface? false
2023-11-20T12:05:03.784+0400 [DEBUG] [org.gradle.internal.remote.internal.inet.InetAddresses] Adding IP addresses for network interface WAN Miniport (PPTP)
2023-11-20T12:05:03.790+0400 [DEBUG] [org.gradle.internal.remote.internal.inet.InetAddresses] Is this a loopback interface? false
2023-11-20T12:05:03.791+0400 [DEBUG] [org.gradle.internal.remote.internal.inet.InetAddresses] Adding IP addresses for network interface WAN Miniport (Network Monitor)
2023-11-20T12:05:03.801+0400 [DEBUG] [org.gradle.internal.remote.internal.inet.InetAddresses] Is this a loopback interface? false
2023-11-20T12:05:03.802+0400 [DEBUG] [org.gradle.internal.remote.internal.inet.InetAddresses] Adding IP addresses for network interface VirtualBox Host-Only Ethernet Adapter #2
2023-11-20T12:05:03.811+0400 [DEBUG] [org.gradle.internal.remote.internal.inet.InetAddresses] Is this a loopback interface? false
2023-11-20T12:05:03.811+0400 [DEBUG] [org.gradle.internal.remote.internal.inet.InetAddresses] Adding remote address /192.168.179.1
2023-11-20T12:05:03.812+0400 [DEBUG] [org.gradle.internal.remote.internal.inet.InetAddresses] Adding remote address /fe80:0:0:0:cb96:fd6b:18a1:b807%eth13
2023-11-20T12:05:03.812+0400 [DEBUG] [org.gradle.internal.remote.internal.inet.InetAddresses] Adding IP addresses for network interface Hyper-V Virtual Ethernet Adapter-QoS Packet Scheduler-0000
2023-11-20T12:05:03.818+0400 [DEBUG] [org.gradle.internal.remote.internal.inet.InetAddresses] Is this a loopback interface? false
2023-11-20T12:05:03.819+0400 [DEBUG] [org.gradle.internal.remote.internal.inet.InetAddresses] Adding IP addresses for network interface Hyper-V Virtual Ethernet Adapter-WFP 802.3 MAC Layer LightWeight Filter-0000
2023-11-20T12:05:03.825+0400 [DEBUG] [org.gradle.internal.remote.internal.inet.InetAddresses] Is this a loopback interface? false
2023-11-20T12:05:03.825+0400 [DEBUG] [org.gradle.internal.remote.internal.inet.InetAddresses] Adding IP addresses for network interface Hyper-V Virtual Switch Extension Adapter #2-Virtual Filtering Platform VMSwitch Extension-0000
2023-11-20T12:05:03.835+0400 [DEBUG] [org.gradle.internal.remote.internal.inet.InetAddresses] Is this a loopback interface? false
2023-11-20T12:05:03.835+0400 [DEBUG] [org.gradle.internal.remote.internal.inet.InetAddresses] Adding IP addresses for network interface Hyper-V Virtual Switch Extension Adapter-Hyper-V Virtual Switch Extension Filter-0000
2023-11-20T12:05:03.844+0400 [DEBUG] [org.gradle.internal.remote.internal.inet.InetAddresses] Is this a loopback interface? false
2023-11-20T12:05:03.845+0400 [DEBUG] [org.gradle.internal.remote.internal.inet.InetAddresses] Adding IP addresses for network interface Microsoft Wi-Fi Direct Virtual Adapter #3-WFP Native MAC Layer LightWeight Filter-0000
2023-11-20T12:05:03.853+0400 [DEBUG] [org.gradle.internal.remote.internal.inet.InetAddresses] Is this a loopback interface? false
2023-11-20T12:05:03.854+0400 [DEBUG] [org.gradle.internal.remote.internal.inet.InetAddresses] Adding IP addresses for network interface Microsoft Wi-Fi Direct Virtual Adapter #3-Native WiFi Filter Driver-0000
2023-11-20T12:05:03.863+0400 [DEBUG] [org.gradle.internal.remote.internal.inet.InetAddresses] Is this a loopback interface? false
2023-11-20T12:05:03.864+0400 [DEBUG] [org.gradle.internal.remote.internal.inet.InetAddresses] Adding IP addresses for network interface Microsoft Wi-Fi Direct Virtual Adapter #3-VirtualBox NDIS Light-Weight Filter-0000
2023-11-20T12:05:03.872+0400 [DEBUG] [org.gradle.internal.remote.internal.inet.InetAddresses] Is this a loopback interface? false
2023-11-20T12:05:03.873+0400 [DEBUG] [org.gradle.internal.remote.internal.inet.InetAddresses] Adding IP addresses for network interface Microsoft Wi-Fi Direct Virtual Adapter #3-QoS Packet Scheduler-0000
2023-11-20T12:05:03.880+0400 [DEBUG] [org.gradle.internal.remote.internal.inet.InetAddresses] Is this a loopback interface? false
2023-11-20T12:05:03.884+0400 [DEBUG] [org.gradle.internal.remote.internal.inet.InetAddresses] Adding IP addresses for network interface Microsoft Wi-Fi Direct Virtual Adapter #3-WFP 802.3 MAC Layer LightWeight Filter-0000
2023-11-20T12:05:03.893+0400 [DEBUG] [org.gradle.internal.remote.internal.inet.InetAddresses] Is this a loopback interface? false
2023-11-20T12:05:03.893+0400 [DEBUG] [org.gradle.internal.remote.internal.inet.InetAddresses] Adding IP addresses for network interface Microsoft Wi-Fi Direct Virtual Adapter #4-WFP Native MAC Layer LightWeight Filter-0000
2023-11-20T12:05:03.906+0400 [DEBUG] [org.gradle.internal.remote.internal.inet.InetAddresses] Is this a loopback interface? false
2023-11-20T12:05:03.907+0400 [DEBUG] [org.gradle.internal.remote.internal.inet.InetAddresses] Adding IP addresses for network interface Microsoft Wi-Fi Direct Virtual Adapter #4-Native WiFi Filter Driver-0000
2023-11-20T12:05:03.914+0400 [DEBUG] [org.gradle.internal.remote.internal.inet.InetAddresses] Is this a loopback interface? false
2023-11-20T12:05:03.915+0400 [DEBUG] [org.gradle.internal.remote.internal.inet.InetAddresses] Adding IP addresses for network interface Microsoft Wi-Fi Direct Virtual Adapter #4-VirtualBox NDIS Light-Weight Filter-0000
2023-11-20T12:05:03.923+0400 [DEBUG] [org.gradle.internal.remote.internal.inet.InetAddresses] Is this a loopback interface? false
2023-11-20T12:05:03.923+0400 [DEBUG] [org.gradle.internal.remote.internal.inet.InetAddresses] Adding IP addresses for network interface VirtualBox Host-Only Ethernet Adapter-WFP Native MAC Layer LightWeight Filter-0000
2023-11-20T12:05:03.930+0400 [DEBUG] [org.gradle.internal.remote.internal.inet.InetAddresses] Is this a loopback interface? false
2023-11-20T12:05:03.931+0400 [DEBUG] [org.gradle.internal.remote.internal.inet.InetAddresses] Adding IP addresses for network interface VirtualBox Host-Only Ethernet Adapter-QoS Packet Scheduler-0000
2023-11-20T12:05:03.938+0400 [DEBUG] [org.gradle.internal.remote.internal.inet.InetAddresses] Is this a loopback interface? false
2023-11-20T12:05:03.939+0400 [DEBUG] [org.gradle.internal.remote.internal.inet.InetAddresses] Adding IP addresses for network interface VirtualBox Host-Only Ethernet Adapter-WFP 802.3 MAC Layer LightWeight Filter-0000
2023-11-20T12:05:03.946+0400 [DEBUG] [org.gradle.internal.remote.internal.inet.InetAddresses] Is this a loopback interface? false
2023-11-20T12:05:03.946+0400 [DEBUG] [org.gradle.internal.remote.internal.inet.InetAddresses] Adding IP addresses for network interface VirtualBox Host-Only Ethernet Adapter #2-WFP Native MAC Layer LightWeight Filter-0000
2023-11-20T12:05:03.955+0400 [DEBUG] [org.gradle.internal.remote.internal.inet.InetAddresses] Is this a loopback interface? false
2023-11-20T12:05:03.956+0400 [DEBUG] [org.gradle.internal.remote.internal.inet.InetAddresses] Adding IP addresses for network interface VirtualBox Host-Only Ethernet Adapter #2-QoS Packet Scheduler-0000
2023-11-20T12:05:03.974+0400 [DEBUG] [org.gradle.internal.remote.internal.inet.InetAddresses] Is this a loopback interface? false
2023-11-20T12:05:03.975+0400 [DEBUG] [org.gradle.internal.remote.internal.inet.InetAddresses] Adding IP addresses for network interface VirtualBox Host-Only Ethernet Adapter #2-WFP 802.3 MAC Layer LightWeight Filter-0000
2023-11-20T12:05:03.985+0400 [DEBUG] [org.gradle.internal.remote.internal.inet.InetAddresses] Is this a loopback interface? false
2023-11-20T12:05:03.986+0400 [DEBUG] [org.gradle.internal.remote.internal.inet.InetAddresses] Adding IP addresses for network interface Hyper-V Virtual Switch Extension Adapter #2
2023-11-20T12:05:03.999+0400 [DEBUG] [org.gradle.internal.remote.internal.inet.InetAddresses] Is this a loopback interface? false
2023-11-20T12:05:04.000+0400 [DEBUG] [org.gradle.internal.remote.internal.inet.InetAddresses] Adding IP addresses for network interface Microsoft Wi-Fi Direct Virtual Adapter #4-QoS Packet Scheduler-0000
2023-11-20T12:05:04.011+0400 [DEBUG] [org.gradle.internal.remote.internal.inet.InetAddresses] Is this a loopback interface? false
2023-11-20T12:05:04.013+0400 [DEBUG] [org.gradle.internal.remote.internal.inet.InetAddresses] Adding IP addresses for network interface Microsoft Wi-Fi Direct Virtual Adapter #4-WFP 802.3 MAC Layer LightWeight Filter-0000
2023-11-20T12:05:04.077+0400 [DEBUG] [org.gradle.internal.remote.internal.inet.InetAddresses] Is this a loopback interface? false
2023-11-20T12:05:04.078+0400 [DEBUG] [org.gradle.internal.remote.internal.inet.InetAddresses] Adding IP addresses for network interface Hyper-V Virtual Ethernet Adapter #2
2023-11-20T12:05:04.089+0400 [DEBUG] [org.gradle.internal.remote.internal.inet.InetAddresses] Is this a loopback interface? false
2023-11-20T12:05:04.089+0400 [DEBUG] [org.gradle.internal.remote.internal.inet.InetAddresses] Adding remote address /172.21.64.1
2023-11-20T12:05:04.090+0400 [DEBUG] [org.gradle.internal.remote.internal.inet.InetAddresses] Adding remote address /fe80:0:0:0:930:fc61:1f7e:8d0%eth25
2023-11-20T12:05:04.090+0400 [DEBUG] [org.gradle.internal.remote.internal.inet.InetAddresses] Adding IP addresses for network interface Realtek PCIe GbE Family Controller-WFP Native MAC Layer LightWeight Filter-0000
2023-11-20T12:05:04.123+0400 [DEBUG] [org.gradle.internal.remote.internal.inet.InetAddresses] Is this a loopback interface? false
2023-11-20T12:05:04.123+0400 [DEBUG] [org.gradle.internal.remote.internal.inet.InetAddresses] Adding IP addresses for network interface Realtek PCIe GbE Family Controller-VirtualBox NDIS Light-Weight Filter-0000
2023-11-20T12:05:04.134+0400 [DEBUG] [org.gradle.internal.remote.internal.inet.InetAddresses] Is this a loopback interface? false
2023-11-20T12:05:04.134+0400 [DEBUG] [org.gradle.internal.remote.internal.inet.InetAddresses] Adding IP addresses for network interface Realtek PCIe GbE Family Controller-QoS Packet Scheduler-0000
2023-11-20T12:05:04.155+0400 [DEBUG] [org.gradle.internal.remote.internal.inet.InetAddresses] Is this a loopback interface? false
2023-11-20T12:05:04.156+0400 [DEBUG] [org.gradle.internal.remote.internal.inet.InetAddresses] Adding IP addresses for network interface Realtek PCIe GbE Family Controller-WFP 802.3 MAC Layer LightWeight Filter-0000
2023-11-20T12:05:04.168+0400 [DEBUG] [org.gradle.internal.remote.internal.inet.InetAddresses] Is this a loopback interface? false
2023-11-20T12:05:04.178+0400 [DEBUG] [org.gradle.internal.remote.internal.inet.InetAddresses] Adding IP addresses for network interface Intel(R) Wi-Fi 6 AX201 160MHz-WFP Native MAC Layer LightWeight Filter-0000
2023-11-20T12:05:04.202+0400 [DEBUG] [org.gradle.internal.remote.internal.inet.InetAddresses] Is this a loopback interface? false
2023-11-20T12:05:04.203+0400 [DEBUG] [org.gradle.internal.remote.internal.inet.InetAddresses] Adding IP addresses for network interface Intel(R) Wi-Fi 6 AX201 160MHz-Virtual WiFi Filter Driver-0000
2023-11-20T12:05:04.240+0400 [DEBUG] [org.gradle.internal.remote.internal.inet.InetAddresses] Is this a loopback interface? false
2023-11-20T12:05:04.241+0400 [DEBUG] [org.gradle.internal.remote.internal.inet.InetAddresses] Adding IP addresses for network interface Intel(R) Wi-Fi 6 AX201 160MHz-Native WiFi Filter Driver-0000
2023-11-20T12:05:04.255+0400 [DEBUG] [org.gradle.internal.remote.internal.inet.InetAddresses] Is this a loopback interface? false
2023-11-20T12:05:04.256+0400 [DEBUG] [org.gradle.internal.remote.internal.inet.InetAddresses] Adding IP addresses for network interface Intel(R) Wi-Fi 6 AX201 160MHz-VirtualBox NDIS Light-Weight Filter-0000
2023-11-20T12:05:04.272+0400 [DEBUG] [org.gradle.internal.remote.internal.inet.InetAddresses] Is this a loopback interface? false
2023-11-20T12:05:04.273+0400 [DEBUG] [org.gradle.internal.remote.internal.inet.InetAddresses] Adding IP addresses for network interface Intel(R) Wi-Fi 6 AX201 160MHz-QoS Packet Scheduler-0000
2023-11-20T12:05:04.287+0400 [DEBUG] [org.gradle.internal.remote.internal.inet.InetAddresses] Is this a loopback interface? false
2023-11-20T12:05:04.287+0400 [DEBUG] [org.gradle.internal.remote.internal.inet.InetAddresses] Adding IP addresses for network interface Intel(R) Wi-Fi 6 AX201 160MHz-WFP 802.3 MAC Layer LightWeight Filter-0000
2023-11-20T12:05:04.301+0400 [DEBUG] [org.gradle.internal.remote.internal.inet.InetAddresses] Is this a loopback interface? false
2023-11-20T12:05:04.306+0400 [DEBUG] [org.gradle.internal.remote.internal.inet.InetAddresses] Adding IP addresses for network interface WAN Miniport (IP)-QoS Packet Scheduler-0000
2023-11-20T12:05:04.320+0400 [DEBUG] [org.gradle.internal.remote.internal.inet.InetAddresses] Is this a loopback interface? false
2023-11-20T12:05:04.321+0400 [DEBUG] [org.gradle.internal.remote.internal.inet.InetAddresses] Adding IP addresses for network interface WAN Miniport (IPv6)-WFP Native MAC Layer LightWeight Filter-0000
2023-11-20T12:05:04.330+0400 [DEBUG] [org.gradle.internal.remote.internal.inet.InetAddresses] Is this a loopback interface? false
2023-11-20T12:05:04.332+0400 [DEBUG] [org.gradle.internal.remote.internal.inet.InetAddresses] Adding IP addresses for network interface WAN Miniport (IPv6)-QoS Packet Scheduler-0000
2023-11-20T12:05:04.341+0400 [DEBUG] [org.gradle.internal.remote.internal.inet.InetAddresses] Is this a loopback interface? false
2023-11-20T12:05:04.341+0400 [DEBUG] [org.gradle.internal.remote.internal.inet.InetAddresses] Adding IP addresses for network interface WAN Miniport (Network Monitor)-WFP Native MAC Layer LightWeight Filter-0000
2023-11-20T12:05:04.349+0400 [DEBUG] [org.gradle.internal.remote.internal.inet.InetAddresses] Is this a loopback interface? false
2023-11-20T12:05:04.350+0400 [DEBUG] [org.gradle.internal.remote.internal.inet.InetAddresses] Adding IP addresses for network interface WAN Miniport (Network Monitor)-QoS Packet Scheduler-0000
2023-11-20T12:05:04.358+0400 [DEBUG] [org.gradle.internal.remote.internal.inet.InetAddresses] Is this a loopback interface? false
2023-11-20T12:05:04.358+0400 [DEBUG] [org.gradle.internal.remote.internal.inet.InetAddresses] Adding IP addresses for network interface Hyper-V Virtual Ethernet Adapter #2-WFP Native MAC Layer LightWeight Filter-0000
2023-11-20T12:05:04.370+0400 [DEBUG] [org.gradle.internal.remote.internal.inet.InetAddresses] Is this a loopback interface? false
2023-11-20T12:05:04.370+0400 [DEBUG] [org.gradle.internal.remote.internal.inet.InetAddresses] Adding IP addresses for network interface Hyper-V Virtual Ethernet Adapter #2-VirtualBox NDIS Light-Weight Filter-0000
2023-11-20T12:05:04.381+0400 [DEBUG] [org.gradle.internal.remote.internal.inet.InetAddresses] Is this a loopback interface? false
2023-11-20T12:05:04.381+0400 [DEBUG] [org.gradle.internal.remote.internal.inet.InetAddresses] Adding IP addresses for network interface Hyper-V Virtual Ethernet Adapter #2-QoS Packet Scheduler-0000
2023-11-20T12:05:04.388+0400 [DEBUG] [org.gradle.internal.remote.internal.inet.InetAddresses] Is this a loopback interface? false
2023-11-20T12:05:04.389+0400 [DEBUG] [org.gradle.internal.remote.internal.inet.InetAddresses] Adding IP addresses for network interface Hyper-V Virtual Ethernet Adapter #2-WFP 802.3 MAC Layer LightWeight Filter-0000
2023-11-20T12:05:04.398+0400 [DEBUG] [org.gradle.internal.remote.internal.inet.InetAddresses] Is this a loopback interface? false
2023-11-20T12:05:04.427+0400 [DEBUG] [org.gradle.internal.remote.internal.inet.TcpIncomingConnector] Listening on [ddb105be-fb36-4f0c-9d7d-53def1c1e1f7 port:53897, addresses:[localhost/127.0.0.1]].
2023-11-20T12:05:04.524+0400 [DEBUG] [org.gradle.launcher.daemon.server.Daemon] Daemon starting at: Mon Nov 20 12:05:04 AZT 2023, with address: [ddb105be-fb36-4f0c-9d7d-53def1c1e1f7 port:53897, addresses:[localhost/127.0.0.1]]
2023-11-20T12:05:04.524+0400 [INFO] [org.gradle.launcher.daemon.server.DaemonRegistryUpdater] Advertising the daemon address to the clients: [ddb105be-fb36-4f0c-9d7d-53def1c1e1f7 port:53897, addresses:[localhost/127.0.0.1]]
2023-11-20T12:05:04.525+0400 [DEBUG] [org.gradle.launcher.daemon.server.DaemonRegistryUpdater] Advertised daemon context: DefaultDaemonContext[uid=3c849530-c4f1-4b78-b2fd-8bba4549cad1,javaHome=C:\Program Files\Java\jdk-17,daemonRegistryDir=C:\Users\Rufet\IdeaProjects\PaymentApp\daemon,pid=10688,idleTimeout=10800000,priority=NORMAL,applyInstrumentationAgent=true,daemonOpts=--add-opens=java.base/java.util.concurrent.atomic=ALL-UNNAMED,-XX:MaxMetaspaceSize=384m,-XX:+HeapDumpOnOutOfMemoryError,--add-opens=java.base/java.util=ALL-UNNAMED,--add-opens=java.base/java.lang=ALL-UNNAMED,--add-opens=java.base/java.lang.invoke=ALL-UNNAMED,--add-opens=java.prefs/java.util.prefs=ALL-UNNAMED,--add-opens=java.base/java.nio.charset=ALL-UNNAMED,--add-opens=java.base/java.net=ALL-UNNAMED,--add-opens=java.base/java.util.concurrent.atomic=ALL-UNNAMED,-Xms256m,-Xmx512m,-Dfile.encoding=windows-1252,-Duser.country=US,-Duser.language=en,-Duser.variant]
2023-11-20T12:05:04.526+0400 [DEBUG] [org.gradle.launcher.daemon.registry.PersistentDaemonRegistry] Storing daemon address: [ddb105be-fb36-4f0c-9d7d-53def1c1e1f7 port:53897, addresses:[localhost/127.0.0.1]], context: DefaultDaemonContext[uid=3c849530-c4f1-4b78-b2fd-8bba4549cad1,javaHome=C:\Program Files\Java\jdk-17,daemonRegistryDir=C:\Users\Rufet\IdeaProjects\PaymentApp\daemon,pid=10688,idleTimeout=10800000,priority=NORMAL,applyInstrumentationAgent=true,daemonOpts=--add-opens=java.base/java.util.concurrent.atomic=ALL-UNNAMED,-XX:MaxMetaspaceSize=384m,-XX:+HeapDumpOnOutOfMemoryError,--add-opens=java.base/java.util=ALL-UNNAMED,--add-opens=java.base/java.lang=ALL-UNNAMED,--add-opens=java.base/java.lang.invoke=ALL-UNNAMED,--add-opens=java.prefs/java.util.prefs=ALL-UNNAMED,--add-opens=java.base/java.nio.charset=ALL-UNNAMED,--add-opens=java.base/java.net=ALL-UNNAMED,--add-opens=java.base/java.util.concurrent.atomic=ALL-UNNAMED,-Xms256m,-Xmx512m,-Dfile.encoding=windows-1252,-Duser.country=US,-Duser.language=en,-Duser.variant]
2023-11-20T12:05:04.573+0400 [DEBUG] [org.gradle.cache.internal.DefaultFileLockManager] Waiting to acquire exclusive lock on daemon addresses registry.
2023-11-20T12:05:04.583+0400 [DEBUG] [org.gradle.cache.internal.DefaultFileLockManager] Lock acquired on daemon addresses registry.
2023-11-20T12:05:04.594+0400 [DEBUG] [org.gradle.cache.internal.DefaultFileLockManager] Releasing lock on daemon addresses registry.
2023-11-20T12:05:04.595+0400 [LIFECYCLE] [org.gradle.launcher.daemon.server.Daemon] Daemon server started.
2023-11-20T12:05:04.597+0400 [DEBUG] [org.gradle.launcher.daemon.bootstrap.DaemonStartupCommunication] Completed writing the daemon greeting. Closing streams...
2023-11-20T12:05:04.613+0400 [DEBUG] [org.gradle.launcher.daemon.server.Daemon] stopOnExpiration() called on daemon
2023-11-20T12:05:04.615+0400 [DEBUG] [org.gradle.launcher.daemon.server.Daemon] awaitExpiration() called on daemon
2023-11-20T12:05:04.616+0400 [DEBUG] [org.gradle.launcher.daemon.server.DaemonStateCoordinator] daemon is running. Sleeping until state changes.
2023-11-20T12:05:04.646+0400 [DEBUG] [org.gradle.internal.remote.internal.inet.TcpIncomingConnector] Accepted connection from /127.0.0.1:53898 to /127.0.0.1:53897.
2023-11-20T12:05:04.965+0400 [DEBUG] [org.gradle.launcher.daemon.server.SynchronizedDispatchConnection] thread 22: received class org.gradle.launcher.daemon.protocol.Build
2023-11-20T12:05:04.966+0400 [DEBUG] [org.gradle.launcher.daemon.server.DefaultDaemonConnection] thread 22: Received non-IO message from client: Build{id=99409b3e-b0cb-44f2-bab4-429c4dcfedd5, currentDir=C:\Users\Rufet\IdeaProjects\PaymentApp}
2023-11-20T12:05:04.966+0400 [INFO] [org.gradle.launcher.daemon.server.DefaultIncomingConnectionHandler] Received command: Build{id=99409b3e-b0cb-44f2-bab4-429c4dcfedd5, currentDir=C:\Users\Rufet\IdeaProjects\PaymentApp}.
2023-11-20T12:05:04.967+0400 [DEBUG] [org.gradle.launcher.daemon.server.DefaultIncomingConnectionHandler] Starting executing command: Build{id=99409b3e-b0cb-44f2-bab4-429c4dcfedd5, currentDir=C:\Users\Rufet\IdeaProjects\PaymentApp} with connection: socket connection from /127.0.0.1:53897 to /127.0.0.1:53898.
2023-11-20T12:05:04.973+0400 [DEBUG] [org.gradle.launcher.daemon.server.DaemonStateCoordinator] Command execution: started DaemonCommandExecution[command = Build{id=99409b3e-b0cb-44f2-bab4-429c4dcfedd5, currentDir=C:\Users\Rufet\IdeaProjects\PaymentApp}, connection = DefaultDaemonConnection: socket connection from /127.0.0.1:53897 to /127.0.0.1:53898] after 0.0 minutes of idle
2023-11-20T12:05:04.973+0400 [INFO] [org.gradle.launcher.daemon.server.DaemonRegistryUpdater] Marking the daemon as busy, address: [ddb105be-fb36-4f0c-9d7d-53def1c1e1f7 port:53897, addresses:[localhost/127.0.0.1]]
2023-11-20T12:05:04.973+0400 [DEBUG] [org.gradle.launcher.daemon.registry.PersistentDaemonRegistry] Marking busy by address: [ddb105be-fb36-4f0c-9d7d-53def1c1e1f7 port:53897, addresses:[localhost/127.0.0.1]]
2023-11-20T12:05:04.977+0400 [DEBUG] [org.gradle.cache.internal.DefaultFileLockManager] Waiting to acquire exclusive lock on daemon addresses registry.
2023-11-20T12:05:04.978+0400 [DEBUG] [org.gradle.cache.internal.DefaultFileLockManager] Lock acquired on daemon addresses registry.
2023-11-20T12:05:04.981+0400 [DEBUG] [org.gradle.cache.internal.DefaultFileLockManager] Releasing lock on daemon addresses registry.
2023-11-20T12:05:04.981+0400 [DEBUG] [org.gradle.launcher.daemon.server.DaemonStateCoordinator] resetting idle timer
2023-11-20T12:05:04.982+0400 [DEBUG] [org.gradle.launcher.daemon.server.DaemonStateCoordinator] daemon is running. Sleeping until state changes.
2023-11-20T12:05:04.983+0400 [INFO] [org.gradle.launcher.daemon.server.exec.StartBuildOrRespondWithBusy] Daemon is about to start building Build{id=99409b3e-b0cb-44f2-bab4-429c4dcfedd5, currentDir=C:\Users\Rufet\IdeaProjects\PaymentApp}. Dispatching build started information...
2023-11-20T12:05:04.984+0400 [DEBUG] [org.gradle.launcher.daemon.server.SynchronizedDispatchConnection] thread 24: dispatching org.gradle.launcher.daemon.protocol.BuildStarted@4d296409
2023-11-20T12:05:04.987+0400 [DEBUG] [org.gradle.launcher.daemon.server.exec.EstablishBuildEnvironment] Configuring env variables: [USERDOMAIN_ROAMINGPROFILE, PROCESSOR_LEVEL, SESSIONNAME, ALLUSERSPROFILE, PROCESSOR_ARCHITECTURE, PSModulePath, SystemDrive, USERNAME, ProgramFiles(x86), FPS_BROWSER_USER_PROFILE_STRING, PATHEXT, DriverData, ProgramData, ProgramW6432, HOMEPATH, PROCESSOR_IDENTIFIER, ProgramFiles, PUBLIC, windir, =::, ZES_ENABLE_SYSMAN, IGCCSVC_DB, LOCALAPPDATA, ChocolateyLastPathUpdate, IntelliJ IDEA, USERDOMAIN, LOGONSERVER, FPS_BROWSER_APP_PROFILE_STRING, OneDrive, APPDATA, ChocolateyInstall, VBOX_MSI_INSTALL_PATH, CommonProgramFiles, Path, OS, COMPUTERNAME, EFC_24992, PROCESSOR_REVISION, CommonProgramW6432, ComSpec, TEMP, SystemRoot, HOMEDRIVE, USERPROFILE, TMP, CommonProgramFiles(x86), NUMBER_OF_PROCESSORS, IDEA_INITIAL_DIRECTORY]
2023-11-20T12:05:04.993+0400 [DEBUG] [org.gradle.launcher.daemon.server.SynchronizedDispatchConnection] thread 22: received class org.gradle.launcher.daemon.protocol.CloseInput
2023-11-20T12:05:04.993+0400 [DEBUG] [org.gradle.launcher.daemon.server.DefaultDaemonConnection] thread 22: Received IO message from client: org.gradle.launcher.daemon.protocol.CloseInput@766f9b59
2023-11-20T12:05:04.996+0400 [DEBUG] [org.gradle.launcher.daemon.server.exec.LogToClient] About to start relaying all logs to the client via the connection.
2023-11-20T12:05:04.996+0400 [INFO] [org.gradle.launcher.daemon.server.exec.LogToClient] The client will now receive all logging from the daemon (pid: 10688). The daemon log file: C:\Users\Rufet\IdeaProjects\PaymentApp\daemon\8.4\daemon-10688.out.log
2023-11-20T12:05:04.999+0400 [INFO] [org.gradle.launcher.daemon.server.exec.LogAndCheckHealth] Starting build in new daemon [memory: 512 MiB]
2023-11-20T12:05:05.004+0400 [INFO] [org.gradle.launcher.daemon.server.exec.ForwardClientInput] Closing daemon's stdin at end of input.
2023-11-20T12:05:05.004+0400 [INFO] [org.gradle.launcher.daemon.server.exec.ForwardClientInput] The daemon will no longer process any standard input.
2023-11-20T12:05:05.006+0400 [DEBUG] [org.gradle.launcher.daemon.server.exec.ExecuteBuild] The daemon has started executing the build.
2023-11-20T12:05:05.007+0400 [DEBUG] [org.gradle.launcher.daemon.server.exec.ExecuteBuild] Executing build with daemon context: DefaultDaemonContext[uid=3c849530-c4f1-4b78-b2fd-8bba4549cad1,javaHome=C:\Program Files\Java\jdk-17,daemonRegistryDir=C:\Users\Rufet\IdeaProjects\PaymentApp\daemon,pid=10688,idleTimeout=10800000,priority=NORMAL,applyInstrumentationAgent=true,daemonOpts=--add-opens=java.base/java.util.concurrent.atomic=ALL-UNNAMED,-XX:MaxMetaspaceSize=384m,-XX:+HeapDumpOnOutOfMemoryError,--add-opens=java.base/java.util=ALL-UNNAMED,--add-opens=java.base/java.lang=ALL-UNNAMED,--add-opens=java.base/java.lang.invoke=ALL-UNNAMED,--add-opens=java.prefs/java.util.prefs=ALL-UNNAMED,--add-opens=java.base/java.nio.charset=ALL-UNNAMED,--add-opens=java.base/java.net=ALL-UNNAMED,--add-opens=java.base/java.util.concurrent.atomic=ALL-UNNAMED,-Xms256m,-Xmx512m,-Dfile.encoding=windows-1252,-Duser.country=US,-Duser.language=en,-Duser.variant]

BUILD SUCCESSFUL in 40s
2023-11-20T12:05:33.783+0400 [DEBUG] [org.gradle.launcher.daemon.server.exec.ExecuteBuild] The daemon has finished executing the build.
2023-11-20T12:05:33.802+0400 [DEBUG] [org.gradle.launcher.daemon.server.DaemonStateCoordinator] daemon is running. Sleeping until state changes.
2023-11-20T12:05:33.802+0400 [DEBUG] [org.gradle.launcher.daemon.server.DaemonStateCoordinator] Command execution: finished waiting for DaemonCommandExecution[command = Build{id=99409b3e-b0cb-44f2-bab4-429c4dcfedd5, currentDir=C:\Users\Rufet\IdeaProjects\PaymentApp}, connection = DefaultDaemonConnection: socket connection from /127.0.0.1:53897 to /127.0.0.1:53898]. Result org.gradle.launcher.daemon.server.DaemonStateCoordinator@245c24d4 with state Busy
2023-11-20T12:05:33.802+0400 [DEBUG] [org.gradle.launcher.daemon.server.DaemonStateCoordinator] Command execution: completed DaemonCommandExecution[command = Build{id=99409b3e-b0cb-44f2-bab4-429c4dcfedd5, currentDir=C:\Users\Rufet\IdeaProjects\PaymentApp}, connection = DefaultDaemonConnection: socket connection from /127.0.0.1:53897 to /127.0.0.1:53898]
2023-11-20T12:05:33.803+0400 [DEBUG] [org.gradle.launcher.daemon.server.DaemonStateCoordinator] resetting idle timer
2023-11-20T12:05:33.803+0400 [INFO] [org.gradle.launcher.daemon.server.DaemonRegistryUpdater] Marking the daemon as idle, address: [ddb105be-fb36-4f0c-9d7d-53def1c1e1f7 port:53897, addresses:[localhost/127.0.0.1]]
2023-11-20T12:05:33.803+0400 [DEBUG] [org.gradle.launcher.daemon.registry.PersistentDaemonRegistry] Marking busy by address: [ddb105be-fb36-4f0c-9d7d-53def1c1e1f7 port:53897, addresses:[localhost/127.0.0.1]]
2023-11-20T12:05:33.805+0400 [DEBUG] [org.gradle.cache.internal.DefaultFileLockManager] Waiting to acquire exclusive lock on daemon addresses registry.
2023-11-20T12:05:33.805+0400 [DEBUG] [org.gradle.cache.internal.DefaultFileLockManager] Lock acquired on daemon addresses registry.
2023-11-20T12:05:33.807+0400 [DEBUG] [org.gradle.cache.internal.DefaultFileLockManager] Releasing lock on daemon addresses registry.
2023-11-20T12:05:33.808+0400 [DEBUG] [org.gradle.launcher.daemon.server.DaemonStateCoordinator] daemon is running. Sleeping until state changes.
2023-11-20T12:05:33.808+0400 [DEBUG] [org.gradle.launcher.daemon.server.exec.ReturnResult] Daemon is dispatching the build result: Success[value=org.gradle.launcher.exec.BuildActionResult@2132515d]
2023-11-20T12:05:33.808+0400 [DEBUG] [org.gradle.launcher.daemon.server.SynchronizedDispatchConnection] thread 21: dispatching Success[value=org.gradle.launcher.exec.BuildActionResult@2132515d]
2023-11-20T12:05:33.809+0400 [DEBUG] [org.gradle.launcher.daemon.server.DefaultIncomingConnectionHandler] Finishing executing command: Build{id=99409b3e-b0cb-44f2-bab4-429c4dcfedd5, currentDir=C:\Users\Rufet\IdeaProjects\PaymentApp}
2023-11-20T12:05:33.865+0400 [DEBUG] [org.gradle.launcher.daemon.server.SynchronizedDispatchConnection] thread 22: received class org.gradle.launcher.daemon.protocol.Finished
2023-11-20T12:05:33.866+0400 [DEBUG] [org.gradle.launcher.daemon.server.DefaultDaemonConnection] thread 22: Received non-IO message from client: org.gradle.launcher.daemon.protocol.Finished@89add75
2023-11-20T12:05:33.867+0400 [DEBUG] [org.gradle.launcher.daemon.server.DefaultIncomingConnectionHandler] Received finished message: org.gradle.launcher.daemon.protocol.Finished@89add75
2023-11-20T12:05:33.867+0400 [DEBUG] [org.gradle.launcher.daemon.server.SynchronizedDispatchConnection] thread 21: stopping connection
2023-11-20T12:05:33.868+0400 [DEBUG] [org.gradle.internal.remote.internal.inet.SocketConnection] Discarding EOFException: java.io.EOFException
2023-11-20T12:05:33.868+0400 [DEBUG] [org.gradle.launcher.daemon.server.SynchronizedDispatchConnection] thread 22: received null
2023-11-20T12:05:33.868+0400 [DEBUG] [org.gradle.launcher.daemon.server.DefaultDaemonConnection] thread 22: Received end-of-input from client.
2023-11-20T12:05:33.869+0400 [DEBUG] [org.gradle.launcher.daemon.server.SynchronizedDispatchConnection] thread 21: stopping connection
2023-11-20T12:05:34.631+0400 [DEBUG] [org.gradle.cache.internal.DefaultFileLockManager] Waiting to acquire shared lock on daemon addresses registry.
2023-11-20T12:05:34.631+0400 [DEBUG] [org.gradle.cache.internal.DefaultFileLockManager] Lock acquired on daemon addresses registry.
2023-11-20T12:05:34.632+0400 [DEBUG] [org.gradle.cache.internal.DefaultFileLockManager] Releasing lock on daemon addresses registry.
2023-11-20T12:05:34.634+0400 [DEBUG] [org.gradle.cache.internal.DefaultFileLockManager] Waiting to acquire shared lock on daemon addresses registry.
2023-11-20T12:05:34.634+0400 [DEBUG] [org.gradle.cache.internal.DefaultFileLockManager] Lock acquired on daemon addresses registry.
2023-11-20T12:05:34.635+0400 [DEBUG] [org.gradle.cache.internal.DefaultFileLockManager] Releasing lock on daemon addresses registry.
2023-11-20T12:05:36.653+0400 [DEBUG] [org.gradle.process.internal.health.memory.DefaultMemoryManager] 831183257 physical memory requested, 431984640 free
2023-11-20T12:05:36.653+0400 [DEBUG] [org.gradle.workers.internal.WorkerDaemonExpiration] Will attempt to release 792 of memory
2023-11-20T12:05:36.653+0400 [DEBUG] [org.gradle.process.internal.health.memory.DefaultMemoryManager] 831183257 physical memory requested, 0 released, 431984640 free
2023-11-20T12:05:44.626+0400 [DEBUG] [org.gradle.cache.internal.DefaultFileLockManager] Waiting to acquire shared lock on daemon addresses registry.
2023-11-20T12:05:44.626+0400 [DEBUG] [org.gradle.cache.internal.DefaultFileLockManager] Lock acquired on daemon addresses registry.
2023-11-20T12:05:44.627+0400 [DEBUG] [org.gradle.cache.internal.DefaultFileLockManager] Releasing lock on daemon addresses registry.
2023-11-20T12:05:44.628+0400 [DEBUG] [org.gradle.cache.internal.DefaultFileLockManager] Waiting to acquire shared lock on daemon addresses registry.
2023-11-20T12:05:44.628+0400 [DEBUG] [org.gradle.cache.internal.DefaultFileLockManager] Lock acquired on daemon addresses registry.
2023-11-20T12:05:44.629+0400 [DEBUG] [org.gradle.cache.internal.DefaultFileLockManager] Releasing lock on daemon addresses registry.
2023-11-20T12:05:44.630+0400 [DEBUG] [org.gradle.cache.internal.DefaultFileLockManager] Waiting to acquire shared lock on daemon addresses registry.
2023-11-20T12:05:44.630+0400 [DEBUG] [org.gradle.cache.internal.DefaultFileLockManager] Lock acquired on daemon addresses registry.
2023-11-20T12:05:44.631+0400 [DEBUG] [org.gradle.cache.internal.DefaultFileLockManager] Releasing lock on daemon addresses registry.
2023-11-20T12:05:54.627+0400 [DEBUG] [org.gradle.cache.internal.DefaultFileLockManager] Waiting to acquire shared lock on daemon addresses registry.
2023-11-20T12:05:54.627+0400 [DEBUG] [org.gradle.cache.internal.DefaultFileLockManager] Lock acquired on daemon addresses registry.
2023-11-20T12:05:54.628+0400 [DEBUG] [org.gradle.cache.internal.DefaultFileLockManager] Releasing lock on daemon addresses registry.
2023-11-20T12:05:54.629+0400 [DEBUG] [org.gradle.cache.internal.DefaultFileLockManager] Waiting to acquire shared lock on daemon addresses registry.
2023-11-20T12:05:54.629+0400 [DEBUG] [org.gradle.cache.internal.DefaultFileLockManager] Lock acquired on daemon addresses registry.
2023-11-20T12:05:54.629+0400 [DEBUG] [org.gradle.cache.internal.DefaultFileLockManager] Releasing lock on daemon addresses registry.
2023-11-20T12:05:54.630+0400 [DEBUG] [org.gradle.cache.internal.DefaultFileLockManager] Waiting to acquire shared lock on daemon addresses registry.
2023-11-20T12:05:54.630+0400 [DEBUG] [org.gradle.cache.internal.DefaultFileLockManager] Lock acquired on daemon addresses registry.
2023-11-20T12:05:54.631+0400 [DEBUG] [org.gradle.cache.internal.DefaultFileLockManager] Releasing lock on daemon addresses registry.
2023-11-20T12:05:56.578+0400 [DEBUG] [org.gradle.process.internal.health.memory.DefaultMemoryManager] 831183257 physical memory requested, 821399552 free
2023-11-20T12:05:56.578+0400 [DEBUG] [org.gradle.workers.internal.WorkerDaemonExpiration] Will attempt to release 792 of memory
2023-11-20T12:05:56.578+0400 [DEBUG] [org.gradle.process.internal.health.memory.DefaultMemoryManager] 831183257 physical memory requested, 0 released, 821399552 free
2023-11-20T12:06:01.589+0400 [DEBUG] [org.gradle.process.internal.health.memory.DefaultMemoryManager] 831183257 physical memory requested, 781651968 free
2023-11-20T12:06:01.589+0400 [DEBUG] [org.gradle.workers.internal.WorkerDaemonExpiration] Will attempt to release 792 of memory
2023-11-20T12:06:01.589+0400 [DEBUG] [org.gradle.process.internal.health.memory.DefaultMemoryManager] 831183257 physical memory requested, 0 released, 781651968 free
2023-11-20T12:06:04.624+0400 [DEBUG] [org.gradle.cache.internal.DefaultFileLockManager] Waiting to acquire shared lock on daemon addresses registry.
2023-11-20T12:06:04.625+0400 [DEBUG] [org.gradle.cache.internal.DefaultFileLockManager] Lock acquired on daemon addresses registry.
2023-11-20T12:06:04.626+0400 [DEBUG] [org.gradle.cache.internal.DefaultFileLockManager] Releasing lock on daemon addresses registry.
2023-11-20T12:06:04.628+0400 [DEBUG] [org.gradle.cache.internal.DefaultFileLockManager] Waiting to acquire shared lock on daemon addresses registry.
2023-11-20T12:06:04.628+0400 [DEBUG] [org.gradle.cache.internal.DefaultFileLockManager] Lock acquired on daemon addresses registry.
2023-11-20T12:06:04.629+0400 [DEBUG] [org.gradle.cache.internal.DefaultFileLockManager] Releasing lock on daemon addresses registry.
2023-11-20T12:06:04.629+0400 [DEBUG] [org.gradle.cache.internal.DefaultFileLockManager] Waiting to acquire shared lock on daemon addresses registry.
2023-11-20T12:06:04.630+0400 [DEBUG] [org.gradle.cache.internal.DefaultFileLockManager] Lock acquired on daemon addresses registry.
2023-11-20T12:06:04.630+0400 [DEBUG] [org.gradle.cache.internal.DefaultFileLockManager] Releasing lock on daemon addresses registry.
2023-11-20T12:06:06.583+0400 [DEBUG] [org.gradle.process.internal.health.memory.DefaultMemoryManager] 831183257 physical memory requested, 736903168 free
2023-11-20T12:06:06.583+0400 [DEBUG] [org.gradle.workers.internal.WorkerDaemonExpiration] Will attempt to release 792 of memory
2023-11-20T12:06:06.583+0400 [DEBUG] [org.gradle.process.internal.health.memory.DefaultMemoryManager] 831183257 physical memory requested, 0 released, 736903168 free
2023-11-20T12:06:11.591+0400 [DEBUG] [org.gradle.process.internal.health.memory.DefaultMemoryManager] 831183257 physical memory requested, 691478528 free
2023-11-20T12:06:11.591+0400 [DEBUG] [org.gradle.workers.internal.WorkerDaemonExpiration] Will attempt to release 792 of memory
2023-11-20T12:06:11.591+0400 [DEBUG] [org.gradle.process.internal.health.memory.DefaultMemoryManager] 831183257 physical memory requested, 0 released, 691478528 free
2023-11-20T12:06:14.621+0400 [DEBUG] [org.gradle.cache.internal.DefaultFileLockManager] Waiting to acquire shared lock on daemon addresses registry.
2023-11-20T12:06:14.621+0400 [DEBUG] [org.gradle.cache.internal.DefaultFileLockManager] Lock acquired on daemon addresses registry.
2023-11-20T12:06:14.622+0400 [DEBUG] [org.gradle.cache.internal.DefaultFileLockManager] Releasing lock on daemon addresses registry.
2023-11-20T12:06:14.624+0400 [DEBUG] [org.gradle.cache.internal.DefaultFileLockManager] Waiting to acquire shared lock on daemon addresses registry.
2023-11-20T12:06:14.624+0400 [DEBUG] [org.gradle.cache.internal.DefaultFileLockManager] Lock acquired on daemon addresses registry.
2023-11-20T12:06:14.625+0400 [DEBUG] [org.gradle.cache.internal.DefaultFileLockManager] Releasing lock on daemon addresses registry.
2023-11-20T12:06:14.626+0400 [DEBUG] [org.gradle.cache.internal.DefaultFileLockManager] Waiting to acquire shared lock on daemon addresses registry.
2023-11-20T12:06:14.626+0400 [DEBUG] [org.gradle.cache.internal.DefaultFileLockManager] Lock acquired on daemon addresses registry.
2023-11-20T12:06:14.626+0400 [DEBUG] [org.gradle.cache.internal.DefaultFileLockManager] Releasing lock on daemon addresses registry.
2023-11-20T12:06:16.590+0400 [DEBUG] [org.gradle.process.internal.health.memory.DefaultMemoryManager] 831183257 physical memory requested, 620949504 free
2023-11-20T12:06:16.591+0400 [DEBUG] [org.gradle.workers.internal.WorkerDaemonExpiration] Will attempt to release 792 of memory
2023-11-20T12:06:16.591+0400 [DEBUG] [org.gradle.process.internal.health.memory.DefaultMemoryManager] 831183257 physical memory requested, 0 released, 620949504 free
2023-11-20T12:06:21.584+0400 [DEBUG] [org.gradle.process.internal.health.memory.DefaultMemoryManager] 831183257 physical memory requested, 632750080 free
2023-11-20T12:06:21.584+0400 [DEBUG] [org.gradle.workers.internal.WorkerDaemonExpiration] Will attempt to release 792 of memory
2023-11-20T12:06:21.584+0400 [DEBUG] [org.gradle.process.internal.health.memory.DefaultMemoryManager] 831183257 physical memory requested, 0 released, 632750080 free
2023-11-20T12:06:24.623+0400 [DEBUG] [org.gradle.cache.internal.DefaultFileLockManager] Waiting to acquire shared lock on daemon addresses registry.
2023-11-20T12:06:24.623+0400 [DEBUG] [org.gradle.cache.internal.DefaultFileLockManager] Lock acquired on daemon addresses registry.
2023-11-20T12:06:24.624+0400 [DEBUG] [org.gradle.cache.internal.DefaultFileLockManager] Releasing lock on daemon addresses registry.
2023-11-20T12:06:24.626+0400 [DEBUG] [org.gradle.cache.internal.DefaultFileLockManager] Waiting to acquire shared lock on daemon addresses registry.
2023-11-20T12:06:24.626+0400 [DEBUG] [org.gradle.cache.internal.DefaultFileLockManager] Lock acquired on daemon addresses registry.
2023-11-20T12:06:24.627+0400 [DEBUG] [org.gradle.cache.internal.DefaultFileLockManager] Releasing lock on daemon addresses registry.
2023-11-20T12:06:24.628+0400 [DEBUG] [org.gradle.cache.internal.DefaultFileLockManager] Waiting to acquire shared lock on daemon addresses registry.
2023-11-20T12:06:24.628+0400 [DEBUG] [org.gradle.cache.internal.DefaultFileLockManager] Lock acquired on daemon addresses registry.
2023-11-20T12:06:24.629+0400 [DEBUG] [org.gradle.cache.internal.DefaultFileLockManager] Releasing lock on daemon addresses registry.
2023-11-20T12:06:26.580+0400 [DEBUG] [org.gradle.process.internal.health.memory.DefaultMemoryManager] 831183257 physical memory requested, 618565632 free
2023-11-20T12:06:26.580+0400 [DEBUG] [org.gradle.workers.internal.WorkerDaemonExpiration] Will attempt to release 792 of memory
2023-11-20T12:06:26.580+0400 [DEBUG] [org.gradle.process.internal.health.memory.DefaultMemoryManager] 831183257 physical memory requested, 0 released, 618565632 free
2023-11-20T12:06:31.604+0400 [DEBUG] [org.gradle.process.internal.health.memory.DefaultMemoryManager] 831183257 physical memory requested, 388390912 free
2023-11-20T12:06:31.604+0400 [DEBUG] [org.gradle.workers.internal.WorkerDaemonExpiration] Will attempt to release 792 of memory
2023-11-20T12:06:31.604+0400 [DEBUG] [org.gradle.process.internal.health.memory.DefaultMemoryManager] 831183257 physical memory requested, 0 released, 388390912 free
2023-11-20T12:06:34.624+0400 [DEBUG] [org.gradle.cache.internal.DefaultFileLockManager] Waiting to acquire shared lock on daemon addresses registry.
2023-11-20T12:06:34.624+0400 [DEBUG] [org.gradle.cache.internal.DefaultFileLockManager] Lock acquired on daemon addresses registry.
2023-11-20T12:06:34.625+0400 [DEBUG] [org.gradle.cache.internal.DefaultFileLockManager] Releasing lock on daemon addresses registry.
2023-11-20T12:06:34.627+0400 [DEBUG] [org.gradle.cache.internal.DefaultFileLockManager] Waiting to acquire shared lock on daemon addresses registry.
2023-11-20T12:06:34.628+0400 [DEBUG] [org.gradle.cache.internal.DefaultFileLockManager] Lock acquired on daemon addresses registry.
2023-11-20T12:06:34.628+0400 [DEBUG] [org.gradle.cache.internal.DefaultFileLockManager] Releasing lock on daemon addresses registry.
2023-11-20T12:06:34.630+0400 [DEBUG] [org.gradle.cache.internal.DefaultFileLockManager] Waiting to acquire shared lock on daemon addresses registry.
2023-11-20T12:06:34.630+0400 [DEBUG] [org.gradle.cache.internal.DefaultFileLockManager] Lock acquired on daemon addresses registry.
2023-11-20T12:06:34.631+0400 [DEBUG] [org.gradle.cache.internal.DefaultFileLockManager] Releasing lock on daemon addresses registry.
2023-11-20T12:06:36.605+0400 [DEBUG] [org.gradle.process.internal.health.memory.DefaultMemoryManager] 831183257 physical memory requested, 257552384 free
2023-11-20T12:06:36.606+0400 [DEBUG] [org.gradle.workers.internal.WorkerDaemonExpiration] Will attempt to release 792 of memory
2023-11-20T12:06:36.606+0400 [DEBUG] [org.gradle.process.internal.health.memory.DefaultMemoryManager] 831183257 physical memory requested, 0 released, 257552384 free
2023-11-20T12:06:41.581+0400 [DEBUG] [org.gradle.process.internal.health.memory.DefaultMemoryManager] 831183257 physical memory requested, 147464192 free
2023-11-20T12:06:41.581+0400 [DEBUG] [org.gradle.workers.internal.WorkerDaemonExpiration] Will attempt to release 792 of memory
2023-11-20T12:06:41.582+0400 [DEBUG] [org.gradle.process.internal.health.memory.DefaultMemoryManager] 831183257 physical memory requested, 0 released, 147464192 free
2023-11-20T12:06:44.634+0400 [DEBUG] [org.gradle.cache.internal.DefaultFileLockManager] Waiting to acquire shared lock on daemon addresses registry.
2023-11-20T12:06:44.634+0400 [DEBUG] [org.gradle.cache.internal.DefaultFileLockManager] Lock acquired on daemon addresses registry.
2023-11-20T12:06:44.636+0400 [DEBUG] [org.gradle.cache.internal.DefaultFileLockManager] Releasing lock on daemon addresses registry.
2023-11-20T12:06:44.638+0400 [DEBUG] [org.gradle.cache.internal.DefaultFileLockManager] Waiting to acquire shared lock on daemon addresses registry.
2023-11-20T12:06:44.639+0400 [DEBUG] [org.gradle.cache.internal.DefaultFileLockManager] Lock acquired on daemon addresses registry.
2023-11-20T12:06:44.640+0400 [DEBUG] [org.gradle.cache.internal.DefaultFileLockManager] Releasing lock on daemon addresses registry.
2023-11-20T12:06:44.641+0400 [DEBUG] [org.gradle.cache.internal.DefaultFileLockManager] Waiting to acquire shared lock on daemon addresses registry.
2023-11-20T12:06:44.641+0400 [DEBUG] [org.gradle.cache.internal.DefaultFileLockManager] Lock acquired on daemon addresses registry.
2023-11-20T12:06:44.642+0400 [DEBUG] [org.gradle.cache.internal.DefaultFileLockManager] Releasing lock on daemon addresses registry.
2023-11-20T12:06:46.811+0400 [DEBUG] [org.gradle.process.internal.health.memory.DefaultMemoryManager] 831183257 physical memory requested, 61927424 free
2023-11-20T12:06:46.812+0400 [DEBUG] [org.gradle.workers.internal.WorkerDaemonExpiration] Will attempt to release 792 of memory
2023-11-20T12:06:46.814+0400 [DEBUG] [org.gradle.process.internal.health.memory.DefaultMemoryManager] 831183257 physical memory requested, 0 released, 61927424 free
2023-11-20T12:06:51.719+0400 [DEBUG] [org.gradle.process.internal.health.memory.DefaultMemoryManager] 831183257 physical memory requested, 74604544 free
2023-11-20T12:06:51.720+0400 [DEBUG] [org.gradle.workers.internal.WorkerDaemonExpiration] Will attempt to release 792 of memory
2023-11-20T12:06:51.721+0400 [DEBUG] [org.gradle.process.internal.health.memory.DefaultMemoryManager] 831183257 physical memory requested, 0 released, 74604544 free
2023-11-20T12:06:54.633+0400 [DEBUG] [org.gradle.cache.internal.DefaultFileLockManager] Waiting to acquire shared lock on daemon addresses registry.
2023-11-20T12:06:54.635+0400 [DEBUG] [org.gradle.cache.internal.DefaultFileLockManager] Lock acquired on daemon addresses registry.
2023-11-20T12:06:54.638+0400 [DEBUG] [org.gradle.cache.internal.DefaultFileLockManager] Releasing lock on daemon addresses registry.
2023-11-20T12:06:54.641+0400 [DEBUG] [org.gradle.cache.internal.DefaultFileLockManager] Waiting to acquire shared lock on daemon addresses registry.
2023-11-20T12:06:54.641+0400 [DEBUG] [org.gradle.cache.internal.DefaultFileLockManager] Lock acquired on daemon addresses registry.
2023-11-20T12:06:54.642+0400 [DEBUG] [org.gradle.cache.internal.DefaultFileLockManager] Releasing lock on daemon addresses registry.
2023-11-20T12:06:54.644+0400 [DEBUG] [org.gradle.cache.internal.DefaultFileLockManager] Waiting to acquire shared lock on daemon addresses registry.
2023-11-20T12:06:54.644+0400 [DEBUG] [org.gradle.cache.internal.DefaultFileLockManager] Lock acquired on daemon addresses registry.
2023-11-20T12:06:54.645+0400 [DEBUG] [org.gradle.cache.internal.DefaultFileLockManager] Releasing lock on daemon addresses registry.
2023-11-20T12:06:56.600+0400 [DEBUG] [org.gradle.process.internal.health.memory.DefaultMemoryManager] 831183257 physical memory requested, 497889280 free
2023-11-20T12:06:56.601+0400 [DEBUG] [org.gradle.workers.internal.WorkerDaemonExpiration] Will attempt to release 792 of memory
2023-11-20T12:06:56.602+0400 [DEBUG] [org.gradle.process.internal.health.memory.DefaultMemoryManager] 831183257 physical memory requested, 0 released, 497889280 free
2023-11-20T12:07:04.635+0400 [DEBUG] [org.gradle.cache.internal.DefaultFileLockManager] Waiting to acquire shared lock on daemon addresses registry.
2023-11-20T12:07:04.636+0400 [DEBUG] [org.gradle.cache.internal.DefaultFileLockManager] Lock acquired on daemon addresses registry.
2023-11-20T12:07:04.638+0400 [DEBUG] [org.gradle.cache.internal.DefaultFileLockManager] Releasing lock on daemon addresses registry.
2023-11-20T12:07:04.643+0400 [DEBUG] [org.gradle.cache.internal.DefaultFileLockManager] Waiting to acquire shared lock on daemon addresses registry.
2023-11-20T12:07:04.643+0400 [DEBUG] [org.gradle.cache.internal.DefaultFileLockManager] Lock acquired on daemon addresses registry.
2023-11-20T12:07:04.647+0400 [DEBUG] [org.gradle.cache.internal.DefaultFileLockManager] Releasing lock on daemon addresses registry.
2023-11-20T12:07:04.650+0400 [DEBUG] [org.gradle.cache.internal.DefaultFileLockManager] Waiting to acquire shared lock on daemon addresses registry.
2023-11-20T12:07:04.651+0400 [DEBUG] [org.gradle.cache.internal.DefaultFileLockManager] Lock acquired on daemon addresses registry.
2023-11-20T12:07:04.652+0400 [DEBUG] [org.gradle.cache.internal.DefaultFileLockManager] Releasing lock on daemon addresses registry.
2023-11-20T12:07:11.579+0400 [DEBUG] [org.gradle.process.internal.health.memory.DefaultMemoryManager] 831183257 physical memory requested, 649003008 free
2023-11-20T12:07:11.580+0400 [DEBUG] [org.gradle.workers.internal.WorkerDaemonExpiration] Will attempt to release 792 of memory
2023-11-20T12:07:11.580+0400 [DEBUG] [org.gradle.process.internal.health.memory.DefaultMemoryManager] 831183257 physical memory requested, 0 released, 649003008 free
2023-11-20T12:07:14.633+0400 [DEBUG] [org.gradle.cache.internal.DefaultFileLockManager] Waiting to acquire shared lock on daemon addresses registry.
2023-11-20T12:07:14.633+0400 [DEBUG] [org.gradle.cache.internal.DefaultFileLockManager] Lock acquired on daemon addresses registry.
2023-11-20T12:07:14.634+0400 [DEBUG] [org.gradle.cache.internal.DefaultFileLockManager] Releasing lock on daemon addresses registry.
2023-11-20T12:07:14.637+0400 [DEBUG] [org.gradle.cache.internal.DefaultFileLockManager] Waiting to acquire shared lock on daemon addresses registry.
2023-11-20T12:07:14.637+0400 [DEBUG] [org.gradle.cache.internal.DefaultFileLockManager] Lock acquired on daemon addresses registry.
2023-11-20T12:07:14.638+0400 [DEBUG] [org.gradle.cache.internal.DefaultFileLockManager] Releasing lock on daemon addresses registry.
2023-11-20T12:07:14.640+0400 [DEBUG] [org.gradle.cache.internal.DefaultFileLockManager] Waiting to acquire shared lock on daemon addresses registry.
2023-11-20T12:07:14.640+0400 [DEBUG] [org.gradle.cache.internal.DefaultFileLockManager] Lock acquired on daemon addresses registry.
2023-11-20T12:07:14.641+0400 [DEBUG] [org.gradle.cache.internal.DefaultFileLockManager] Releasing lock on daemon addresses registry.
2023-11-20T12:07:21.581+0400 [DEBUG] [org.gradle.process.internal.health.memory.DefaultMemoryManager] 831183257 physical memory requested, 553607168 free
2023-11-20T12:07:21.596+0400 [DEBUG] [org.gradle.workers.internal.WorkerDaemonExpiration] Will attempt to release 792 of memory
2023-11-20T12:07:21.596+0400 [DEBUG] [org.gradle.process.internal.health.memory.DefaultMemoryManager] 831183257 physical memory requested, 0 released, 553607168 free
2023-11-20T12:07:24.620+0400 [DEBUG] [org.gradle.cache.internal.DefaultFileLockManager] Waiting to acquire shared lock on daemon addresses registry.
2023-11-20T12:07:24.620+0400 [DEBUG] [org.gradle.cache.internal.DefaultFileLockManager] Lock acquired on daemon addresses registry.
2023-11-20T12:07:24.627+0400 [DEBUG] [org.gradle.cache.internal.DefaultFileLockManager] Releasing lock on daemon addresses registry.
2023-11-20T12:07:24.629+0400 [DEBUG] [org.gradle.cache.internal.DefaultFileLockManager] Waiting to acquire shared lock on daemon addresses registry.
2023-11-20T12:07:24.630+0400 [DEBUG] [org.gradle.cache.internal.DefaultFileLockManager] Lock acquired on daemon addresses registry.
2023-11-20T12:07:24.632+0400 [DEBUG] [org.gradle.cache.internal.DefaultFileLockManager] Releasing lock on daemon addresses registry.
2023-11-20T12:07:24.636+0400 [DEBUG] [org.gradle.cache.internal.DefaultFileLockManager] Waiting to acquire shared lock on daemon addresses registry.
2023-11-20T12:07:24.637+0400 [DEBUG] [org.gradle.cache.internal.DefaultFileLockManager] Lock acquired on daemon addresses registry.
2023-11-20T12:07:24.638+0400 [DEBUG] [org.gradle.cache.internal.DefaultFileLockManager] Releasing lock on daemon addresses registry.
2023-11-20T12:07:26.583+0400 [DEBUG] [org.gradle.process.internal.health.memory.DefaultMemoryManager] 831183257 physical memory requested, 275648512 free
2023-11-20T12:07:26.584+0400 [DEBUG] [org.gradle.workers.internal.WorkerDaemonExpiration] Will attempt to release 792 of memory
2023-11-20T12:07:26.584+0400 [DEBUG] [org.gradle.process.internal.health.memory.DefaultMemoryManager] 831183257 physical memory requested, 0 released, 275648512 free
2023-11-20T12:07:31.592+0400 [DEBUG] [org.gradle.process.internal.health.memory.DefaultMemoryManager] 831183257 physical memory requested, 283164672 free
2023-11-20T12:07:31.592+0400 [DEBUG] [org.gradle.workers.internal.WorkerDaemonExpiration] Will attempt to release 792 of memory
2023-11-20T12:07:31.592+0400 [DEBUG] [org.gradle.process.internal.health.memory.DefaultMemoryManager] 831183257 physical memory requested, 0 released, 283164672 free
2023-11-20T12:07:34.629+0400 [DEBUG] [org.gradle.cache.internal.DefaultFileLockManager] Waiting to acquire shared lock on daemon addresses registry.
2023-11-20T12:07:34.629+0400 [DEBUG] [org.gradle.cache.internal.DefaultFileLockManager] Lock acquired on daemon addresses registry.
2023-11-20T12:07:34.630+0400 [DEBUG] [org.gradle.cache.internal.DefaultFileLockManager] Releasing lock on daemon addresses registry.
2023-11-20T12:07:34.632+0400 [DEBUG] [org.gradle.cache.internal.DefaultFileLockManager] Waiting to acquire shared lock on daemon addresses registry.
2023-11-20T12:07:34.632+0400 [DEBUG] [org.gradle.cache.internal.DefaultFileLockManager] Lock acquired on daemon addresses registry.
2023-11-20T12:07:34.633+0400 [DEBUG] [org.gradle.cache.internal.DefaultFileLockManager] Releasing lock on daemon addresses registry.
2023-11-20T12:07:34.634+0400 [DEBUG] [org.gradle.cache.internal.DefaultFileLockManager] Waiting to acquire shared lock on daemon addresses registry.
2023-11-20T12:07:34.634+0400 [DEBUG] [org.gradle.cache.internal.DefaultFileLockManager] Lock acquired on daemon addresses registry.
2023-11-20T12:07:34.635+0400 [DEBUG] [org.gradle.cache.internal.DefaultFileLockManager] Releasing lock on daemon addresses registry.
2023-11-20T12:07:36.584+0400 [DEBUG] [org.gradle.process.internal.health.memory.DefaultMemoryManager] 831183257 physical memory requested, 292679680 free
2023-11-20T12:07:36.584+0400 [DEBUG] [org.gradle.workers.internal.WorkerDaemonExpiration] Will attempt to release 792 of memory
2023-11-20T12:07:36.585+0400 [DEBUG] [org.gradle.process.internal.health.memory.DefaultMemoryManager] 831183257 physical memory requested, 0 released, 292679680 free
2023-11-20T12:07:41.578+0400 [DEBUG] [org.gradle.process.internal.health.memory.DefaultMemoryManager] 831183257 physical memory requested, 494092288 free
2023-11-20T12:07:41.578+0400 [DEBUG] [org.gradle.workers.internal.WorkerDaemonExpiration] Will attempt to release 792 of memory
2023-11-20T12:07:41.578+0400 [DEBUG] [org.gradle.process.internal.health.memory.DefaultMemoryManager] 831183257 physical memory requested, 0 released, 494092288 free
2023-11-20T12:07:44.637+0400 [DEBUG] [org.gradle.cache.internal.DefaultFileLockManager] Waiting to acquire shared lock on daemon addresses registry.
2023-11-20T12:07:44.637+0400 [DEBUG] [org.gradle.cache.internal.DefaultFileLockManager] Lock acquired on daemon addresses registry.
2023-11-20T12:07:44.638+0400 [DEBUG] [org.gradle.cache.internal.DefaultFileLockManager] Releasing lock on daemon addresses registry.
2023-11-20T12:07:44.640+0400 [DEBUG] [org.gradle.cache.internal.DefaultFileLockManager] Waiting to acquire shared lock on daemon addresses registry.
2023-11-20T12:07:44.641+0400 [DEBUG] [org.gradle.cache.internal.DefaultFileLockManager] Lock acquired on daemon addresses registry.
2023-11-20T12:07:44.642+0400 [DEBUG] [org.gradle.cache.internal.DefaultFileLockManager] Releasing lock on daemon addresses registry.
2023-11-20T12:07:44.644+0400 [DEBUG] [org.gradle.cache.internal.DefaultFileLockManager] Waiting to acquire shared lock on daemon addresses registry.
2023-11-20T12:07:44.648+0400 [DEBUG] [org.gradle.cache.internal.DefaultFileLockManager] Lock acquired on daemon addresses registry.
2023-11-20T12:07:44.649+0400 [DEBUG] [org.gradle.cache.internal.DefaultFileLockManager] Releasing lock on daemon addresses registry.
2023-11-20T12:07:46.591+0400 [DEBUG] [org.gradle.process.internal.health.memory.DefaultMemoryManager] 831183257 physical memory requested, 747003904 free
2023-11-20T12:07:46.592+0400 [DEBUG] [org.gradle.workers.internal.WorkerDaemonExpiration] Will attempt to release 792 of memory
2023-11-20T12:07:46.592+0400 [DEBUG] [org.gradle.process.internal.health.memory.DefaultMemoryManager] 831183257 physical memory requested, 0 released, 747003904 free
2023-11-20T12:07:51.595+0400 [DEBUG] [org.gradle.process.internal.health.memory.DefaultMemoryManager] 831183257 physical memory requested, 536313856 free
2023-11-20T12:07:51.596+0400 [DEBUG] [org.gradle.workers.internal.WorkerDaemonExpiration] Will attempt to release 792 of memory
2023-11-20T12:07:51.596+0400 [DEBUG] [org.gradle.process.internal.health.memory.DefaultMemoryManager] 831183257 physical memory requested, 0 released, 536313856 free
2023-11-20T12:07:54.623+0400 [DEBUG] [org.gradle.cache.internal.DefaultFileLockManager] Waiting to acquire shared lock on daemon addresses registry.
2023-11-20T12:07:54.624+0400 [DEBUG] [org.gradle.cache.internal.DefaultFileLockManager] Lock acquired on daemon addresses registry.
2023-11-20T12:07:54.624+0400 [DEBUG] [org.gradle.cache.internal.DefaultFileLockManager] Releasing lock on daemon addresses registry.
2023-11-20T12:07:54.626+0400 [DEBUG] [org.gradle.cache.internal.DefaultFileLockManager] Waiting to acquire shared lock on daemon addresses registry.
2023-11-20T12:07:54.626+0400 [DEBUG] [org.gradle.cache.internal.DefaultFileLockManager] Lock acquired on daemon addresses registry.
2023-11-20T12:07:54.627+0400 [DEBUG] [org.gradle.cache.internal.DefaultFileLockManager] Releasing lock on daemon addresses registry.
2023-11-20T12:07:54.628+0400 [DEBUG] [org.gradle.cache.internal.DefaultFileLockManager] Waiting to acquire shared lock on daemon addresses registry.
2023-11-20T12:07:54.628+0400 [DEBUG] [org.gradle.cache.internal.DefaultFileLockManager] Lock acquired on daemon addresses registry.
2023-11-20T12:07:54.629+0400 [DEBUG] [org.gradle.cache.internal.DefaultFileLockManager] Releasing lock on daemon addresses registry.
2023-11-20T12:07:56.579+0400 [DEBUG] [org.gradle.process.internal.health.memory.DefaultMemoryManager] 831183257 physical memory requested, 540086272 free
2023-11-20T12:07:56.579+0400 [DEBUG] [org.gradle.workers.internal.WorkerDaemonExpiration] Will attempt to release 792 of memory
2023-11-20T12:07:56.580+0400 [DEBUG] [org.gradle.process.internal.health.memory.DefaultMemoryManager] 831183257 physical memory requested, 0 released, 540086272 free
2023-11-20T12:07:56.986+0400 [DEBUG] [org.gradle.cache.internal.LockOnDemandCrossProcessCacheAccess] Lock on journal cache (C:\Users\Rufet\IdeaProjects\PaymentApp\caches\journal-1) requested by another process - releasing lock.
2023-11-20T12:07:56.988+0400 [DEBUG] [org.gradle.cache.internal.LockOnDemandCrossProcessCacheAccess] Releasing file lock for journal cache (C:\Users\Rufet\IdeaProjects\PaymentApp\caches\journal-1)
2023-11-20T12:07:57.056+0400 [DEBUG] [org.gradle.cache.internal.btree.BTreePersistentIndexedCache] Closing cache file-access.bin (C:\Users\Rufet\IdeaProjects\PaymentApp\caches\journal-1\file-access.bin)
2023-11-20T12:07:57.091+0400 [DEBUG] [org.gradle.cache.internal.DefaultFileLockManager] Releasing lock on journal cache (C:\Users\Rufet\IdeaProjects\PaymentApp\caches\journal-1).
2023-11-20T12:07:57.099+0400 [DEBUG] [org.gradle.cache.internal.locklistener.FileLockCommunicator] Confirming lock release to Gradle process at port 55368 for lock with id -3195114946787190086.
2023-11-20T12:07:57.104+0400 [DEBUG] [org.gradle.cache.internal.locklistener.FileLockCommunicator] Confirming lock release to Gradle process at port 55368 for lock with id -3195114946787190086.
2023-11-20T12:07:57.409+0400 [DEBUG] [org.gradle.cache.internal.LockOnDemandCrossProcessCacheAccess] Lock on file hash cache (C:\Users\Rufet\IdeaProjects\PaymentApp\caches\8.4\fileHashes) requested by another process - releasing lock.
2023-11-20T12:07:57.409+0400 [DEBUG] [org.gradle.cache.internal.LockOnDemandCrossProcessCacheAccess] Releasing file lock for file hash cache (C:\Users\Rufet\IdeaProjects\PaymentApp\caches\8.4\fileHashes)
2023-11-20T12:07:57.411+0400 [DEBUG] [org.gradle.cache.internal.btree.BTreePersistentIndexedCache] Closing cache fileHashes.bin (C:\Users\Rufet\IdeaProjects\PaymentApp\caches\8.4\fileHashes\fileHashes.bin)
2023-11-20T12:07:57.413+0400 [DEBUG] [org.gradle.cache.internal.btree.BTreePersistentIndexedCache] Closing cache resourceHashesCache.bin (C:\Users\Rufet\IdeaProjects\PaymentApp\caches\8.4\fileHashes\resourceHashesCache.bin)
2023-11-20T12:07:57.415+0400 [DEBUG] [org.gradle.cache.internal.DefaultFileLockManager] Releasing lock on file hash cache (C:\Users\Rufet\IdeaProjects\PaymentApp\caches\8.4\fileHashes).
2023-11-20T12:07:57.416+0400 [DEBUG] [org.gradle.cache.internal.locklistener.FileLockCommunicator] Confirming lock release to Gradle process at port 55368 for lock with id -1455414262624136425.
2023-11-20T12:07:57.417+0400 [DEBUG] [org.gradle.cache.internal.locklistener.FileLockCommunicator] Confirming lock release to Gradle process at port 55368 for lock with id -1455414262624136425.
2023-11-20T12:07:58.306+0400 [DEBUG] [org.gradle.cache.internal.LockOnDemandCrossProcessCacheAccess] Lock on file content cache (C:\Users\Rufet\IdeaProjects\PaymentApp\caches\8.4\fileContent) requested by another process - releasing lock.
2023-11-20T12:07:58.306+0400 [DEBUG] [org.gradle.cache.internal.LockOnDemandCrossProcessCacheAccess] Releasing file lock for file content cache (C:\Users\Rufet\IdeaProjects\PaymentApp\caches\8.4\fileContent)
2023-11-20T12:07:58.307+0400 [DEBUG] [org.gradle.cache.internal.DefaultFileLockManager] Releasing lock on file content cache (C:\Users\Rufet\IdeaProjects\PaymentApp\caches\8.4\fileContent).
2023-11-20T12:07:58.308+0400 [DEBUG] [org.gradle.cache.internal.locklistener.FileLockCommunicator] Confirming lock release to Gradle process at port 55368 for lock with id 8282644212300074238.
2023-11-20T12:07:58.308+0400 [DEBUG] [org.gradle.cache.internal.locklistener.FileLockCommunicator] Confirming lock release to Gradle process at port 55368 for lock with id 8282644212300074238.
2023-11-20T12:07:58.502+0400 [DEBUG] [org.gradle.cache.internal.LockOnDemandCrossProcessCacheAccess] Lock on execution history cache (C:\Users\Rufet\IdeaProjects\PaymentApp\caches\8.4\executionHistory) requested by another process - releasing lock.
2023-11-20T12:07:58.502+0400 [DEBUG] [org.gradle.cache.internal.LockOnDemandCrossProcessCacheAccess] Releasing file lock for execution history cache (C:\Users\Rufet\IdeaProjects\PaymentApp\caches\8.4\executionHistory)
2023-11-20T12:07:58.503+0400 [DEBUG] [org.gradle.cache.internal.DefaultFileLockManager] Releasing lock on execution history cache (C:\Users\Rufet\IdeaProjects\PaymentApp\caches\8.4\executionHistory).
2023-11-20T12:07:58.503+0400 [DEBUG] [org.gradle.cache.internal.locklistener.FileLockCommunicator] Confirming lock release to Gradle process at port 55368 for lock with id 1807212511480531379.
2023-11-20T12:07:58.504+0400 [DEBUG] [org.gradle.cache.internal.locklistener.FileLockCommunicator] Confirming lock release to Gradle process at port 55368 for lock with id 1807212511480531379.
2023-11-20T12:07:58.833+0400 [DEBUG] [org.gradle.cache.internal.LockOnDemandCrossProcessCacheAccess] Lock on jars (C:\Users\Rufet\IdeaProjects\PaymentApp\caches\jars-9) requested by another process - releasing lock.
2023-11-20T12:07:58.833+0400 [DEBUG] [org.gradle.cache.internal.LockOnDemandCrossProcessCacheAccess] Releasing file lock for jars (C:\Users\Rufet\IdeaProjects\PaymentApp\caches\jars-9)
2023-11-20T12:07:58.833+0400 [DEBUG] [org.gradle.cache.internal.DefaultFileLockManager] Releasing lock on jars (C:\Users\Rufet\IdeaProjects\PaymentApp\caches\jars-9).
2023-11-20T12:07:58.834+0400 [DEBUG] [org.gradle.cache.internal.locklistener.FileLockCommunicator] Confirming lock release to Gradle process at port 55368 for lock with id 7797069549165138715.
2023-11-20T12:07:58.835+0400 [DEBUG] [org.gradle.cache.internal.locklistener.DefaultFileLockContentionHandler] Gradle process at port 55368 confirmed unlock request for lock with id 7797069549165138715.
2023-11-20T12:08:00.777+0400 [DEBUG] [org.gradle.cache.internal.LockOnDemandCrossProcessCacheAccess] Lock on artifact cache (C:\Users\Rufet\IdeaProjects\PaymentApp\caches\modules-2) requested by another process - releasing lock.
2023-11-20T12:08:00.777+0400 [DEBUG] [org.gradle.cache.internal.LockOnDemandCrossProcessCacheAccess] Releasing file lock for artifact cache (C:\Users\Rufet\IdeaProjects\PaymentApp\caches\modules-2)
2023-11-20T12:08:00.779+0400 [DEBUG] [org.gradle.cache.internal.btree.BTreePersistentIndexedCache] Closing cache module-artifact.bin (C:\Users\Rufet\IdeaProjects\PaymentApp\caches\modules-2\metadata-2.106\module-artifact.bin)
2023-11-20T12:08:00.786+0400 [DEBUG] [org.gradle.cache.internal.btree.BTreePersistentIndexedCache] Closing cache module-metadata.bin (C:\Users\Rufet\IdeaProjects\PaymentApp\caches\modules-2\metadata-2.106\module-metadata.bin)
2023-11-20T12:08:00.792+0400 [DEBUG] [org.gradle.cache.internal.btree.BTreePersistentIndexedCache] Closing cache module-artifacts.bin (C:\Users\Rufet\IdeaProjects\PaymentApp\caches\modules-2\metadata-2.106\module-artifacts.bin)
2023-11-20T12:08:00.805+0400 [DEBUG] [org.gradle.cache.internal.DefaultFileLockManager] Releasing lock on artifact cache (C:\Users\Rufet\IdeaProjects\PaymentApp\caches\modules-2).
2023-11-20T12:08:00.806+0400 [DEBUG] [org.gradle.cache.internal.locklistener.FileLockCommunicator] Confirming lock release to Gradle process at port 55368 for lock with id 2435848537399336806.
2023-11-20T12:08:00.807+0400 [DEBUG] [org.gradle.cache.internal.locklistener.FileLockCommunicator] Confirming lock release to Gradle process at port 55368 for lock with id 2435848537399336806.
2023-11-20T12:08:01.592+0400 [DEBUG] [org.gradle.process.internal.health.memory.DefaultMemoryManager] 831183257 physical memory requested, 264826880 free
2023-11-20T12:08:01.592+0400 [DEBUG] [org.gradle.workers.internal.WorkerDaemonExpiration] Will attempt to release 792 of memory
2023-11-20T12:08:01.593+0400 [DEBUG] [org.gradle.process.internal.health.memory.DefaultMemoryManager] 831183257 physical memory requested, 0 released, 264826880 free
2023-11-20T12:08:04.620+0400 [DEBUG] [org.gradle.cache.internal.DefaultFileLockManager] Waiting to acquire shared lock on daemon addresses registry.
2023-11-20T12:08:04.621+0400 [DEBUG] [org.gradle.cache.internal.DefaultFileLockManager] Lock acquired on daemon addresses registry.
2023-11-20T12:08:04.622+0400 [DEBUG] [org.gradle.cache.internal.DefaultFileLockManager] Releasing lock on daemon addresses registry.
2023-11-20T12:08:04.625+0400 [DEBUG] [org.gradle.cache.internal.DefaultFileLockManager] Waiting to acquire shared lock on daemon addresses registry.
2023-11-20T12:08:04.625+0400 [DEBUG] [org.gradle.cache.internal.DefaultFileLockManager] Lock acquired on daemon addresses registry.
2023-11-20T12:08:04.626+0400 [DEBUG] [org.gradle.cache.internal.DefaultFileLockManager] Releasing lock on daemon addresses registry.
2023-11-20T12:08:04.627+0400 [DEBUG] [org.gradle.cache.internal.DefaultFileLockManager] Waiting to acquire shared lock on daemon addresses registry.
2023-11-20T12:08:04.628+0400 [DEBUG] [org.gradle.cache.internal.DefaultFileLockManager] Lock acquired on daemon addresses registry.
2023-11-20T12:08:04.628+0400 [DEBUG] [org.gradle.cache.internal.DefaultFileLockManager] Releasing lock on daemon addresses registry.
2023-11-20T12:08:06.600+0400 [DEBUG] [org.gradle.process.internal.health.memory.DefaultMemoryManager] 831183257 physical memory requested, 416301056 free
2023-11-20T12:08:06.600+0400 [DEBUG] [org.gradle.workers.internal.WorkerDaemonExpiration] Will attempt to release 792 of memory
2023-11-20T12:08:06.600+0400 [DEBUG] [org.gradle.process.internal.health.memory.DefaultMemoryManager] 831183257 physical memory requested, 0 released, 416301056 free
2023-11-20T12:08:11.587+0400 [DEBUG] [org.gradle.process.internal.health.memory.DefaultMemoryManager] 831183257 physical memory requested, 372924416 free
2023-11-20T12:08:11.587+0400 [DEBUG] [org.gradle.workers.internal.WorkerDaemonExpiration] Will attempt to release 792 of memory
2023-11-20T12:08:11.587+0400 [DEBUG] [org.gradle.process.internal.health.memory.DefaultMemoryManager] 831183257 physical memory requested, 0 released, 372924416 free
2023-11-20T12:08:14.628+0400 [DEBUG] [org.gradle.cache.internal.DefaultFileLockManager] Waiting to acquire shared lock on daemon addresses registry.
2023-11-20T12:08:14.628+0400 [DEBUG] [org.gradle.cache.internal.DefaultFileLockManager] Lock acquired on daemon addresses registry.
2023-11-20T12:08:14.629+0400 [DEBUG] [org.gradle.cache.internal.DefaultFileLockManager] Releasing lock on daemon addresses registry.
2023-11-20T12:08:14.639+0400 [DEBUG] [org.gradle.cache.internal.DefaultFileLockManager] Waiting to acquire shared lock on daemon addresses registry.
2023-11-20T12:08:14.639+0400 [DEBUG] [org.gradle.cache.internal.DefaultFileLockManager] Lock acquired on daemon addresses registry.
2023-11-20T12:08:14.640+0400 [DEBUG] [org.gradle.cache.internal.DefaultFileLockManager] Releasing lock on daemon addresses registry.
2023-11-20T12:08:14.650+0400 [INFO] [org.gradle.launcher.daemon.server.health.LowMemoryDaemonExpirationStrategy] after free system physical memory (355.6 MiB) fell below threshold of 396.3 MiB
2023-11-20T12:08:14.670+0400 [DEBUG] [org.gradle.cache.internal.DefaultFileLockManager] Waiting to acquire shared lock on daemon addresses registry.
2023-11-20T12:08:14.670+0400 [DEBUG] [org.gradle.cache.internal.DefaultFileLockManager] Lock acquired on daemon addresses registry.
2023-11-20T12:08:14.671+0400 [DEBUG] [org.gradle.cache.internal.DefaultFileLockManager] Releasing lock on daemon addresses registry.
2023-11-20T12:08:14.685+0400 [DEBUG] [org.gradle.launcher.daemon.server.DaemonRegistryUpdater] Storing daemon stop event: after being idle for 2 minutes and not recently used and to reclaim system physical memory
2023-11-20T12:08:14.814+0400 [DEBUG] [org.gradle.launcher.daemon.registry.PersistentDaemonRegistry] Storing daemon stop event with timestamp 1700467694689
2023-11-20T12:08:14.835+0400 [DEBUG] [org.gradle.cache.internal.DefaultFileLockManager] Waiting to acquire exclusive lock on daemon addresses registry.
2023-11-20T12:08:14.842+0400 [DEBUG] [org.gradle.cache.internal.DefaultFileLockManager] Lock acquired on daemon addresses registry.
2023-11-20T12:08:14.852+0400 [DEBUG] [org.gradle.cache.internal.DefaultFileLockManager] Releasing lock on daemon addresses registry.
2023-11-20T12:08:14.854+0400 [LIFECYCLE] [org.gradle.launcher.daemon.server.DaemonStateCoordinator] Daemon will be stopped at the end of the build after being idle for 2 minutes and not recently used and to reclaim system physical memory
2023-11-20T12:08:14.856+0400 [DEBUG] [org.gradle.launcher.daemon.server.DaemonStateCoordinator] Marking daemon stopped due to after being idle for 2 minutes and not recently used and to reclaim system physical memory. The daemon is running a build: false
2023-11-20T12:08:14.863+0400 [DEBUG] [org.gradle.launcher.daemon.server.DaemonStateCoordinator] daemon has stopped.
2023-11-20T12:08:14.865+0400 [DEBUG] [org.gradle.launcher.daemon.server.Daemon] stop() called on daemon
2023-11-20T12:08:14.865+0400 [INFO] [org.gradle.launcher.daemon.server.Daemon] Stop requested. Daemon is removing its presence from the registry...
2023-11-20T12:08:14.872+0400 [DEBUG] [org.gradle.launcher.daemon.server.DaemonRegistryUpdater] Removing our presence to clients, eg. removing this address from the registry: [ddb105be-fb36-4f0c-9d7d-53def1c1e1f7 port:53897, addresses:[localhost/127.0.0.1]]
2023-11-20T12:08:14.873+0400 [DEBUG] [org.gradle.launcher.daemon.registry.PersistentDaemonRegistry] Removing daemon address: [ddb105be-fb36-4f0c-9d7d-53def1c1e1f7 port:53897, addresses:[localhost/127.0.0.1]]
2023-11-20T12:08:14.890+0400 [DEBUG] [org.gradle.cache.internal.DefaultFileLockManager] Waiting to acquire exclusive lock on daemon addresses registry.
2023-11-20T12:08:14.891+0400 [DEBUG] [org.gradle.cache.internal.DefaultFileLockManager] Lock acquired on daemon addresses registry.
2023-11-20T12:08:14.900+0400 [DEBUG] [org.gradle.cache.internal.DefaultFileLockManager] Releasing lock on daemon addresses registry.
2023-11-20T12:08:14.901+0400 [DEBUG] [org.gradle.launcher.daemon.server.DaemonRegistryUpdater] Address removed from registry.
2023-11-20T12:08:15.009+0400 [DEBUG] [org.gradle.cache.internal.DefaultPersistentDirectoryStore] jars (C:\Users\Rufet\IdeaProjects\PaymentApp\caches\jars-9) has last been fully cleaned up 17 hours ago
2023-11-20T12:08:15.091+0400 [DEBUG] [org.gradle.cache.internal.DefaultPersistentDirectoryStore] Artifact transforms cache (C:\Users\Rufet\IdeaProjects\PaymentApp\caches\transforms-3) has last been fully cleaned up 17 hours ago
2023-11-20T12:08:15.091+0400 [DEBUG] [org.gradle.cache.internal.DefaultCacheCoordinator] Cache Artifact transforms cache (C:\Users\Rufet\IdeaProjects\PaymentApp\caches\transforms-3) was closed 0 times.
2023-11-20T12:08:15.220+0400 [DEBUG] [org.gradle.internal.watch.vfs.impl.WatchingVirtualFileSystem] Closing VFS, dropping state
2023-11-20T12:08:15.286+0400 [DEBUG] [org.gradle.internal.watch.registry.impl.DefaultFileWatcherRegistry] Finished listening to file system change events
2023-11-20T12:08:15.287+0400 [DEBUG] [org.gradle.cache.internal.DefaultCacheCoordinator] Cache Generated Gradle JARs cache (C:\Users\Rufet\IdeaProjects\PaymentApp\caches\8.4\generated-gradle-jars) was closed 0 times.
2023-11-20T12:08:15.289+0400 [DEBUG] [org.gradle.cache.internal.DefaultPersistentDirectoryStore] artifact cache (C:\Users\Rufet\IdeaProjects\PaymentApp\caches\modules-2) has last been fully cleaned up 17 hours ago
2023-11-20T12:08:15.344+0400 [DEBUG] [org.gradle.launcher.daemon.registry.PersistentDaemonRegistry] Removing daemon address: [ddb105be-fb36-4f0c-9d7d-53def1c1e1f7 port:53897, addresses:[localhost/127.0.0.1]]
Daemon vm is shutting down... The daemon has exited normally or was terminated in response to a user interrupt.
2023-11-20T12:08:15.346+0400 [DEBUG] [org.gradle.cache.internal.DefaultFileLockManager] Waiting to acquire exclusive lock on daemon addresses registry.
2023-11-20T12:08:15.346+0400 [DEBUG] [org.gradle.cache.internal.DefaultFileLockManager] Lock acquired on daemon addresses registry.
2023-11-20T12:08:15.348+0400 [DEBUG] [org.gradle.cache.internal.DefaultFileLockManager] Releasing lock on daemon addresses registry.
