2023-11-18T14:53:46.964+0400 [DEBUG] [org.gradle.launcher.daemon.bootstrap.DaemonMain] Assuming the daemon was started with following jvm opts: [--add-opens=java.base/java.util.concurrent.atomic=ALL-UNNAMED, -XX:MaxMetaspaceSize=384m, -XX:+HeapDumpOnOutOfMemoryError, --add-opens=java.base/java.util=ALL-UNNAMED, --add-opens=java.base/java.lang=ALL-UNNAMED, --add-opens=java.base/java.lang.invoke=ALL-UNNAMED, --add-opens=java.prefs/java.util.prefs=ALL-UNNAMED, --add-opens=java.base/java.nio.charset=ALL-UNNAMED, --add-opens=java.base/java.net=ALL-UNNAMED, --add-opens=java.base/java.util.concurrent.atomic=ALL-UNNAMED, -Xms256m, -Xmx512m, -Dfile.encoding=windows-1252, -Duser.country=US, -Duser.language=en, -Duser.variant]
2023-11-18T14:53:47.257+0400 [DEBUG] [org.gradle.internal.nativeintegration.services.NativeServices] Native-platform posix files integration is not available. Continuing with fallback.
2023-11-18T14:53:47.278+0400 [INFO] [org.gradle.launcher.daemon.server.Daemon] start() called on daemon - DefaultDaemonContext[uid=f2550704-5489-4f9f-a853-e22b114834ca,javaHome=C:\Program Files\Java\jdk-17,daemonRegistryDir=C:\Users\Rufet\IdeaProjects\PaymentApp\daemon,pid=13144,idleTimeout=10800000,priority=NORMAL,applyInstrumentationAgent=true,daemonOpts=--add-opens=java.base/java.util.concurrent.atomic=ALL-UNNAMED,-XX:MaxMetaspaceSize=384m,-XX:+HeapDumpOnOutOfMemoryError,--add-opens=java.base/java.util=ALL-UNNAMED,--add-opens=java.base/java.lang=ALL-UNNAMED,--add-opens=java.base/java.lang.invoke=ALL-UNNAMED,--add-opens=java.prefs/java.util.prefs=ALL-UNNAMED,--add-opens=java.base/java.nio.charset=ALL-UNNAMED,--add-opens=java.base/java.net=ALL-UNNAMED,--add-opens=java.base/java.util.concurrent.atomic=ALL-UNNAMED,-Xms256m,-Xmx512m,-Dfile.encoding=windows-1252,-Duser.country=US,-Duser.language=en,-Duser.variant]
2023-11-18T14:53:47.635+0400 [DEBUG] [org.gradle.internal.remote.internal.inet.InetAddresses] Adding IP addresses for network interface Software Loopback Interface 1
2023-11-18T14:53:47.642+0400 [DEBUG] [org.gradle.internal.remote.internal.inet.InetAddresses] Is this a loopback interface? true
2023-11-18T14:53:47.645+0400 [DEBUG] [org.gradle.internal.remote.internal.inet.InetAddresses] Adding loopback address /127.0.0.1
2023-11-18T14:53:47.646+0400 [DEBUG] [org.gradle.internal.remote.internal.inet.InetAddresses] Adding loopback address /0:0:0:0:0:0:0:1
2023-11-18T14:53:47.647+0400 [DEBUG] [org.gradle.internal.remote.internal.inet.InetAddresses] Adding IP addresses for network interface Microsoft 6to4 Adapter
2023-11-18T14:53:47.653+0400 [DEBUG] [org.gradle.internal.remote.internal.inet.InetAddresses] Is this a loopback interface? false
2023-11-18T14:53:47.654+0400 [DEBUG] [org.gradle.internal.remote.internal.inet.InetAddresses] Adding IP addresses for network interface WAN Miniport (IP)
2023-11-18T14:53:47.660+0400 [DEBUG] [org.gradle.internal.remote.internal.inet.InetAddresses] Is this a loopback interface? false
2023-11-18T14:53:47.661+0400 [DEBUG] [org.gradle.internal.remote.internal.inet.InetAddresses] Adding IP addresses for network interface Microsoft IP-HTTPS Platform Adapter
2023-11-18T14:53:47.666+0400 [DEBUG] [org.gradle.internal.remote.internal.inet.InetAddresses] Is this a loopback interface? false
2023-11-18T14:53:47.667+0400 [DEBUG] [org.gradle.internal.remote.internal.inet.InetAddresses] Adding IP addresses for network interface WAN Miniport (L2TP)
2023-11-18T14:53:47.672+0400 [DEBUG] [org.gradle.internal.remote.internal.inet.InetAddresses] Is this a loopback interface? false
2023-11-18T14:53:47.673+0400 [DEBUG] [org.gradle.internal.remote.internal.inet.InetAddresses] Adding IP addresses for network interface WAN Miniport (PPPOE)
2023-11-18T14:53:47.679+0400 [DEBUG] [org.gradle.internal.remote.internal.inet.InetAddresses] Is this a loopback interface? false
2023-11-18T14:53:47.680+0400 [DEBUG] [org.gradle.internal.remote.internal.inet.InetAddresses] Adding IP addresses for network interface Microsoft Wi-Fi Direct Virtual Adapter
2023-11-18T14:53:47.685+0400 [DEBUG] [org.gradle.internal.remote.internal.inet.InetAddresses] Is this a loopback interface? false
2023-11-18T14:53:47.686+0400 [DEBUG] [org.gradle.internal.remote.internal.inet.InetAddresses] Adding IP addresses for network interface Hyper-V Virtual Switch Extension Adapter #2-Hyper-V Virtual Switch Extension Filter-0000
2023-11-18T14:53:47.692+0400 [DEBUG] [org.gradle.internal.remote.internal.inet.InetAddresses] Is this a loopback interface? false
2023-11-18T14:53:47.692+0400 [DEBUG] [org.gradle.internal.remote.internal.inet.InetAddresses] Adding IP addresses for network interface WAN Miniport (IPv6)
2023-11-18T14:53:47.698+0400 [DEBUG] [org.gradle.internal.remote.internal.inet.InetAddresses] Is this a loopback interface? false
2023-11-18T14:53:47.698+0400 [DEBUG] [org.gradle.internal.remote.internal.inet.InetAddresses] Adding IP addresses for network interface Microsoft Teredo Tunneling Adapter
2023-11-18T14:53:47.708+0400 [DEBUG] [org.gradle.internal.remote.internal.inet.InetAddresses] Is this a loopback interface? false
2023-11-18T14:53:47.709+0400 [DEBUG] [org.gradle.internal.remote.internal.inet.InetAddresses] Adding IP addresses for network interface Microsoft Wi-Fi Direct Virtual Adapter #3
2023-11-18T14:53:47.715+0400 [DEBUG] [org.gradle.internal.remote.internal.inet.InetAddresses] Is this a loopback interface? false
2023-11-18T14:53:47.715+0400 [DEBUG] [org.gradle.internal.remote.internal.inet.InetAddresses] Adding remote address /fe80:0:0:0:74b4:c4bb:23f1:14ee%wlan1
2023-11-18T14:53:47.716+0400 [DEBUG] [org.gradle.internal.remote.internal.inet.InetAddresses] Adding IP addresses for network interface VirtualBox Host-Only Ethernet Adapter
2023-11-18T14:53:47.722+0400 [DEBUG] [org.gradle.internal.remote.internal.inet.InetAddresses] Is this a loopback interface? false
2023-11-18T14:53:47.723+0400 [DEBUG] [org.gradle.internal.remote.internal.inet.InetAddresses] Adding remote address /192.168.56.1
2023-11-18T14:53:47.723+0400 [DEBUG] [org.gradle.internal.remote.internal.inet.InetAddresses] Adding remote address /fe80:0:0:0:40eb:7258:5781:3151%eth3
2023-11-18T14:53:47.724+0400 [DEBUG] [org.gradle.internal.remote.internal.inet.InetAddresses] Adding IP addresses for network interface Microsoft Kernel Debug Network Adapter
2023-11-18T14:53:47.728+0400 [DEBUG] [org.gradle.internal.remote.internal.inet.InetAddresses] Is this a loopback interface? false
2023-11-18T14:53:47.728+0400 [DEBUG] [org.gradle.internal.remote.internal.inet.InetAddresses] Adding IP addresses for network interface Microsoft Wi-Fi Direct Virtual Adapter #2
2023-11-18T14:53:47.735+0400 [DEBUG] [org.gradle.internal.remote.internal.inet.InetAddresses] Is this a loopback interface? false
2023-11-18T14:53:47.737+0400 [DEBUG] [org.gradle.internal.remote.internal.inet.InetAddresses] Adding IP addresses for network interface Bluetooth Device (Personal Area Network)
2023-11-18T14:53:47.745+0400 [DEBUG] [org.gradle.internal.remote.internal.inet.InetAddresses] Is this a loopback interface? false
2023-11-18T14:53:47.745+0400 [DEBUG] [org.gradle.internal.remote.internal.inet.InetAddresses] Adding remote address /fe80:0:0:0:bb59:97a2:2369:a911%eth5
2023-11-18T14:53:47.745+0400 [DEBUG] [org.gradle.internal.remote.internal.inet.InetAddresses] Adding IP addresses for network interface Intel(R) Wi-Fi 6 AX201 160MHz
2023-11-18T14:53:47.753+0400 [DEBUG] [org.gradle.internal.remote.internal.inet.InetAddresses] Is this a loopback interface? false
2023-11-18T14:53:47.754+0400 [DEBUG] [org.gradle.internal.remote.internal.inet.InetAddresses] Adding remote address /192.168.1.116
2023-11-18T14:53:47.754+0400 [DEBUG] [org.gradle.internal.remote.internal.inet.InetAddresses] Adding remote address /fe80:0:0:0:f542:b92c:c215:edf%wlan3
2023-11-18T14:53:47.755+0400 [DEBUG] [org.gradle.internal.remote.internal.inet.InetAddresses] Adding IP addresses for network interface WAN Miniport (SSTP)
2023-11-18T14:53:47.759+0400 [DEBUG] [org.gradle.internal.remote.internal.inet.InetAddresses] Is this a loopback interface? false
2023-11-18T14:53:47.759+0400 [DEBUG] [org.gradle.internal.remote.internal.inet.InetAddresses] Adding IP addresses for network interface WAN Miniport (IKEv2)
2023-11-18T14:53:47.763+0400 [DEBUG] [org.gradle.internal.remote.internal.inet.InetAddresses] Is this a loopback interface? false
2023-11-18T14:53:47.764+0400 [DEBUG] [org.gradle.internal.remote.internal.inet.InetAddresses] Adding IP addresses for network interface Microsoft Wi-Fi Direct Virtual Adapter #4
2023-11-18T14:53:47.768+0400 [DEBUG] [org.gradle.internal.remote.internal.inet.InetAddresses] Is this a loopback interface? false
2023-11-18T14:53:47.769+0400 [DEBUG] [org.gradle.internal.remote.internal.inet.InetAddresses] Adding remote address /fe80:0:0:0:34d6:2de6:9347:d50d%wlan4
2023-11-18T14:53:47.769+0400 [DEBUG] [org.gradle.internal.remote.internal.inet.InetAddresses] Adding IP addresses for network interface Realtek PCIe GbE Family Controller
2023-11-18T14:53:47.774+0400 [DEBUG] [org.gradle.internal.remote.internal.inet.InetAddresses] Is this a loopback interface? false
2023-11-18T14:53:47.775+0400 [DEBUG] [org.gradle.internal.remote.internal.inet.InetAddresses] Adding remote address /fe80:0:0:0:75ef:ba06:85d8:745f%eth6
2023-11-18T14:53:47.775+0400 [DEBUG] [org.gradle.internal.remote.internal.inet.InetAddresses] Adding IP addresses for network interface WAN Miniport (PPTP)
2023-11-18T14:53:47.780+0400 [DEBUG] [org.gradle.internal.remote.internal.inet.InetAddresses] Is this a loopback interface? false
2023-11-18T14:53:47.780+0400 [DEBUG] [org.gradle.internal.remote.internal.inet.InetAddresses] Adding IP addresses for network interface WAN Miniport (Network Monitor)
2023-11-18T14:53:47.785+0400 [DEBUG] [org.gradle.internal.remote.internal.inet.InetAddresses] Is this a loopback interface? false
2023-11-18T14:53:47.785+0400 [DEBUG] [org.gradle.internal.remote.internal.inet.InetAddresses] Adding IP addresses for network interface Hyper-V Virtual Switch Extension Adapter
2023-11-18T14:53:47.789+0400 [DEBUG] [org.gradle.internal.remote.internal.inet.InetAddresses] Is this a loopback interface? false
2023-11-18T14:53:47.790+0400 [DEBUG] [org.gradle.internal.remote.internal.inet.InetAddresses] Adding IP addresses for network interface VirtualBox Host-Only Ethernet Adapter #2
2023-11-18T14:53:47.795+0400 [DEBUG] [org.gradle.internal.remote.internal.inet.InetAddresses] Is this a loopback interface? false
2023-11-18T14:53:47.795+0400 [DEBUG] [org.gradle.internal.remote.internal.inet.InetAddresses] Adding remote address /192.168.179.1
2023-11-18T14:53:47.795+0400 [DEBUG] [org.gradle.internal.remote.internal.inet.InetAddresses] Adding remote address /fe80:0:0:0:278b:4e18:8e65:a12%eth9
2023-11-18T14:53:47.795+0400 [DEBUG] [org.gradle.internal.remote.internal.inet.InetAddresses] Adding IP addresses for network interface Hyper-V Virtual Switch Extension Adapter-Hyper-V Virtual Switch Extension Filter-0000
2023-11-18T14:53:47.800+0400 [DEBUG] [org.gradle.internal.remote.internal.inet.InetAddresses] Is this a loopback interface? false
2023-11-18T14:53:47.800+0400 [DEBUG] [org.gradle.internal.remote.internal.inet.InetAddresses] Adding IP addresses for network interface Hyper-V Virtual Ethernet Adapter
2023-11-18T14:53:47.805+0400 [DEBUG] [org.gradle.internal.remote.internal.inet.InetAddresses] Is this a loopback interface? false
2023-11-18T14:53:47.806+0400 [DEBUG] [org.gradle.internal.remote.internal.inet.InetAddresses] Adding remote address /172.22.80.1
2023-11-18T14:53:47.806+0400 [DEBUG] [org.gradle.internal.remote.internal.inet.InetAddresses] Adding remote address /fe80:0:0:0:6840:90a9:c53f:c78b%eth11
2023-11-18T14:53:47.806+0400 [DEBUG] [org.gradle.internal.remote.internal.inet.InetAddresses] Adding IP addresses for network interface Hyper-V Virtual Ethernet Adapter-WFP Native MAC Layer LightWeight Filter-0000
2023-11-18T14:53:47.810+0400 [DEBUG] [org.gradle.internal.remote.internal.inet.InetAddresses] Is this a loopback interface? false
2023-11-18T14:53:47.810+0400 [DEBUG] [org.gradle.internal.remote.internal.inet.InetAddresses] Adding IP addresses for network interface Hyper-V Virtual Ethernet Adapter-VirtualBox NDIS Light-Weight Filter-0000
2023-11-18T14:53:47.823+0400 [DEBUG] [org.gradle.internal.remote.internal.inet.InetAddresses] Is this a loopback interface? false
2023-11-18T14:53:47.823+0400 [DEBUG] [org.gradle.internal.remote.internal.inet.InetAddresses] Adding IP addresses for network interface VirtualBox Host-Only Ethernet Adapter-WFP Native MAC Layer LightWeight Filter-0000
2023-11-18T14:53:47.828+0400 [DEBUG] [org.gradle.internal.remote.internal.inet.InetAddresses] Is this a loopback interface? false
2023-11-18T14:53:47.828+0400 [DEBUG] [org.gradle.internal.remote.internal.inet.InetAddresses] Adding IP addresses for network interface VirtualBox Host-Only Ethernet Adapter-QoS Packet Scheduler-0000
2023-11-18T14:53:47.833+0400 [DEBUG] [org.gradle.internal.remote.internal.inet.InetAddresses] Is this a loopback interface? false
2023-11-18T14:53:47.833+0400 [DEBUG] [org.gradle.internal.remote.internal.inet.InetAddresses] Adding IP addresses for network interface VirtualBox Host-Only Ethernet Adapter-WFP 802.3 MAC Layer LightWeight Filter-0000
2023-11-18T14:53:47.839+0400 [DEBUG] [org.gradle.internal.remote.internal.inet.InetAddresses] Is this a loopback interface? false
2023-11-18T14:53:47.840+0400 [DEBUG] [org.gradle.internal.remote.internal.inet.InetAddresses] Adding IP addresses for network interface VirtualBox Host-Only Ethernet Adapter #2-WFP Native MAC Layer LightWeight Filter-0000
2023-11-18T14:53:47.845+0400 [DEBUG] [org.gradle.internal.remote.internal.inet.InetAddresses] Is this a loopback interface? false
2023-11-18T14:53:47.845+0400 [DEBUG] [org.gradle.internal.remote.internal.inet.InetAddresses] Adding IP addresses for network interface VirtualBox Host-Only Ethernet Adapter #2-QoS Packet Scheduler-0000
2023-11-18T14:53:47.850+0400 [DEBUG] [org.gradle.internal.remote.internal.inet.InetAddresses] Is this a loopback interface? false
2023-11-18T14:53:47.850+0400 [DEBUG] [org.gradle.internal.remote.internal.inet.InetAddresses] Adding IP addresses for network interface VirtualBox Host-Only Ethernet Adapter #2-WFP 802.3 MAC Layer LightWeight Filter-0000
2023-11-18T14:53:47.856+0400 [DEBUG] [org.gradle.internal.remote.internal.inet.InetAddresses] Is this a loopback interface? false
2023-11-18T14:53:47.856+0400 [DEBUG] [org.gradle.internal.remote.internal.inet.InetAddresses] Adding IP addresses for network interface Microsoft Wi-Fi Direct Virtual Adapter #3-WFP Native MAC Layer LightWeight Filter-0000
2023-11-18T14:53:47.862+0400 [DEBUG] [org.gradle.internal.remote.internal.inet.InetAddresses] Is this a loopback interface? false
2023-11-18T14:53:47.863+0400 [DEBUG] [org.gradle.internal.remote.internal.inet.InetAddresses] Adding IP addresses for network interface Realtek PCIe GbE Family Controller-WFP Native MAC Layer LightWeight Filter-0000
2023-11-18T14:53:47.867+0400 [DEBUG] [org.gradle.internal.remote.internal.inet.InetAddresses] Is this a loopback interface? false
2023-11-18T14:53:47.867+0400 [DEBUG] [org.gradle.internal.remote.internal.inet.InetAddresses] Adding IP addresses for network interface Realtek PCIe GbE Family Controller-VirtualBox NDIS Light-Weight Filter-0000
2023-11-18T14:53:47.876+0400 [DEBUG] [org.gradle.internal.remote.internal.inet.InetAddresses] Is this a loopback interface? false
2023-11-18T14:53:47.876+0400 [DEBUG] [org.gradle.internal.remote.internal.inet.InetAddresses] Adding IP addresses for network interface Realtek PCIe GbE Family Controller-QoS Packet Scheduler-0000
2023-11-18T14:53:47.881+0400 [DEBUG] [org.gradle.internal.remote.internal.inet.InetAddresses] Is this a loopback interface? false
2023-11-18T14:53:47.882+0400 [DEBUG] [org.gradle.internal.remote.internal.inet.InetAddresses] Adding IP addresses for network interface Realtek PCIe GbE Family Controller-WFP 802.3 MAC Layer LightWeight Filter-0000
2023-11-18T14:53:47.886+0400 [DEBUG] [org.gradle.internal.remote.internal.inet.InetAddresses] Is this a loopback interface? false
2023-11-18T14:53:47.886+0400 [DEBUG] [org.gradle.internal.remote.internal.inet.InetAddresses] Adding IP addresses for network interface Intel(R) Wi-Fi 6 AX201 160MHz-WFP Native MAC Layer LightWeight Filter-0000
2023-11-18T14:53:47.895+0400 [DEBUG] [org.gradle.internal.remote.internal.inet.InetAddresses] Is this a loopback interface? false
2023-11-18T14:53:47.896+0400 [DEBUG] [org.gradle.internal.remote.internal.inet.InetAddresses] Adding IP addresses for network interface Intel(R) Wi-Fi 6 AX201 160MHz-Virtual WiFi Filter Driver-0000
2023-11-18T14:53:47.902+0400 [DEBUG] [org.gradle.internal.remote.internal.inet.InetAddresses] Is this a loopback interface? false
2023-11-18T14:53:47.902+0400 [DEBUG] [org.gradle.internal.remote.internal.inet.InetAddresses] Adding IP addresses for network interface Intel(R) Wi-Fi 6 AX201 160MHz-Native WiFi Filter Driver-0000
2023-11-18T14:53:47.912+0400 [DEBUG] [org.gradle.internal.remote.internal.inet.InetAddresses] Is this a loopback interface? false
2023-11-18T14:53:47.912+0400 [DEBUG] [org.gradle.internal.remote.internal.inet.InetAddresses] Adding IP addresses for network interface Intel(R) Wi-Fi 6 AX201 160MHz-VirtualBox NDIS Light-Weight Filter-0000
2023-11-18T14:53:47.917+0400 [DEBUG] [org.gradle.internal.remote.internal.inet.InetAddresses] Is this a loopback interface? false
2023-11-18T14:53:47.917+0400 [DEBUG] [org.gradle.internal.remote.internal.inet.InetAddresses] Adding IP addresses for network interface Intel(R) Wi-Fi 6 AX201 160MHz-QoS Packet Scheduler-0000
2023-11-18T14:53:47.928+0400 [DEBUG] [org.gradle.internal.remote.internal.inet.InetAddresses] Is this a loopback interface? false
2023-11-18T14:53:47.929+0400 [DEBUG] [org.gradle.internal.remote.internal.inet.InetAddresses] Adding IP addresses for network interface Intel(R) Wi-Fi 6 AX201 160MHz-WFP 802.3 MAC Layer LightWeight Filter-0000
2023-11-18T14:53:47.933+0400 [DEBUG] [org.gradle.internal.remote.internal.inet.InetAddresses] Is this a loopback interface? false
2023-11-18T14:53:47.933+0400 [DEBUG] [org.gradle.internal.remote.internal.inet.InetAddresses] Adding IP addresses for network interface WAN Miniport (IP)-WFP Native MAC Layer LightWeight Filter-0000
2023-11-18T14:53:47.939+0400 [DEBUG] [org.gradle.internal.remote.internal.inet.InetAddresses] Is this a loopback interface? false
2023-11-18T14:53:47.939+0400 [DEBUG] [org.gradle.internal.remote.internal.inet.InetAddresses] Adding IP addresses for network interface WAN Miniport (IP)-QoS Packet Scheduler-0000
2023-11-18T14:53:47.944+0400 [DEBUG] [org.gradle.internal.remote.internal.inet.InetAddresses] Is this a loopback interface? false
2023-11-18T14:53:47.944+0400 [DEBUG] [org.gradle.internal.remote.internal.inet.InetAddresses] Adding IP addresses for network interface WAN Miniport (IPv6)-WFP Native MAC Layer LightWeight Filter-0000
2023-11-18T14:53:47.950+0400 [DEBUG] [org.gradle.internal.remote.internal.inet.InetAddresses] Is this a loopback interface? false
2023-11-18T14:53:47.950+0400 [DEBUG] [org.gradle.internal.remote.internal.inet.InetAddresses] Adding IP addresses for network interface WAN Miniport (IPv6)-QoS Packet Scheduler-0000
2023-11-18T14:53:47.957+0400 [DEBUG] [org.gradle.internal.remote.internal.inet.InetAddresses] Is this a loopback interface? false
2023-11-18T14:53:47.957+0400 [DEBUG] [org.gradle.internal.remote.internal.inet.InetAddresses] Adding IP addresses for network interface WAN Miniport (Network Monitor)-WFP Native MAC Layer LightWeight Filter-0000
2023-11-18T14:53:47.961+0400 [DEBUG] [org.gradle.internal.remote.internal.inet.InetAddresses] Is this a loopback interface? false
2023-11-18T14:53:47.962+0400 [DEBUG] [org.gradle.internal.remote.internal.inet.InetAddresses] Adding IP addresses for network interface WAN Miniport (Network Monitor)-QoS Packet Scheduler-0000
2023-11-18T14:53:47.970+0400 [DEBUG] [org.gradle.internal.remote.internal.inet.InetAddresses] Is this a loopback interface? false
2023-11-18T14:53:47.971+0400 [DEBUG] [org.gradle.internal.remote.internal.inet.InetAddresses] Adding IP addresses for network interface Microsoft Wi-Fi Direct Virtual Adapter #3-Native WiFi Filter Driver-0000
2023-11-18T14:53:47.976+0400 [DEBUG] [org.gradle.internal.remote.internal.inet.InetAddresses] Is this a loopback interface? false
2023-11-18T14:53:47.976+0400 [DEBUG] [org.gradle.internal.remote.internal.inet.InetAddresses] Adding IP addresses for network interface Microsoft Wi-Fi Direct Virtual Adapter #3-VirtualBox NDIS Light-Weight Filter-0000
2023-11-18T14:53:47.980+0400 [DEBUG] [org.gradle.internal.remote.internal.inet.InetAddresses] Is this a loopback interface? false
2023-11-18T14:53:47.980+0400 [DEBUG] [org.gradle.internal.remote.internal.inet.InetAddresses] Adding IP addresses for network interface Microsoft Wi-Fi Direct Virtual Adapter #3-QoS Packet Scheduler-0000
2023-11-18T14:53:47.986+0400 [DEBUG] [org.gradle.internal.remote.internal.inet.InetAddresses] Is this a loopback interface? false
2023-11-18T14:53:47.987+0400 [DEBUG] [org.gradle.internal.remote.internal.inet.InetAddresses] Adding IP addresses for network interface Hyper-V Virtual Ethernet Adapter-QoS Packet Scheduler-0000
2023-11-18T14:53:47.991+0400 [DEBUG] [org.gradle.internal.remote.internal.inet.InetAddresses] Is this a loopback interface? false
2023-11-18T14:53:47.992+0400 [DEBUG] [org.gradle.internal.remote.internal.inet.InetAddresses] Adding IP addresses for network interface Hyper-V Virtual Ethernet Adapter-WFP 802.3 MAC Layer LightWeight Filter-0000
2023-11-18T14:53:47.996+0400 [DEBUG] [org.gradle.internal.remote.internal.inet.InetAddresses] Is this a loopback interface? false
2023-11-18T14:53:47.997+0400 [DEBUG] [org.gradle.internal.remote.internal.inet.InetAddresses] Adding IP addresses for network interface Microsoft Wi-Fi Direct Virtual Adapter #3-WFP 802.3 MAC Layer LightWeight Filter-0000
2023-11-18T14:53:48.001+0400 [DEBUG] [org.gradle.internal.remote.internal.inet.InetAddresses] Is this a loopback interface? false
2023-11-18T14:53:48.001+0400 [DEBUG] [org.gradle.internal.remote.internal.inet.InetAddresses] Adding IP addresses for network interface Microsoft Wi-Fi Direct Virtual Adapter #4-WFP Native MAC Layer LightWeight Filter-0000
2023-11-18T14:53:48.007+0400 [DEBUG] [org.gradle.internal.remote.internal.inet.InetAddresses] Is this a loopback interface? false
2023-11-18T14:53:48.007+0400 [DEBUG] [org.gradle.internal.remote.internal.inet.InetAddresses] Adding IP addresses for network interface Microsoft Wi-Fi Direct Virtual Adapter #4-Native WiFi Filter Driver-0000
2023-11-18T14:53:48.016+0400 [DEBUG] [org.gradle.internal.remote.internal.inet.InetAddresses] Is this a loopback interface? false
2023-11-18T14:53:48.016+0400 [DEBUG] [org.gradle.internal.remote.internal.inet.InetAddresses] Adding IP addresses for network interface Microsoft Wi-Fi Direct Virtual Adapter #4-VirtualBox NDIS Light-Weight Filter-0000
2023-11-18T14:53:48.022+0400 [DEBUG] [org.gradle.internal.remote.internal.inet.InetAddresses] Is this a loopback interface? false
2023-11-18T14:53:48.022+0400 [DEBUG] [org.gradle.internal.remote.internal.inet.InetAddresses] Adding IP addresses for network interface Microsoft Wi-Fi Direct Virtual Adapter #4-QoS Packet Scheduler-0000
2023-11-18T14:53:48.028+0400 [DEBUG] [org.gradle.internal.remote.internal.inet.InetAddresses] Is this a loopback interface? false
2023-11-18T14:53:48.028+0400 [DEBUG] [org.gradle.internal.remote.internal.inet.InetAddresses] Adding IP addresses for network interface Hyper-V Virtual Switch Extension Adapter #2
2023-11-18T14:53:48.033+0400 [DEBUG] [org.gradle.internal.remote.internal.inet.InetAddresses] Is this a loopback interface? false
2023-11-18T14:53:48.033+0400 [DEBUG] [org.gradle.internal.remote.internal.inet.InetAddresses] Adding IP addresses for network interface Microsoft Wi-Fi Direct Virtual Adapter #4-WFP 802.3 MAC Layer LightWeight Filter-0000
2023-11-18T14:53:48.038+0400 [DEBUG] [org.gradle.internal.remote.internal.inet.InetAddresses] Is this a loopback interface? false
2023-11-18T14:53:48.038+0400 [DEBUG] [org.gradle.internal.remote.internal.inet.InetAddresses] Adding IP addresses for network interface Hyper-V Virtual Ethernet Adapter #2
2023-11-18T14:53:48.043+0400 [DEBUG] [org.gradle.internal.remote.internal.inet.InetAddresses] Is this a loopback interface? false
2023-11-18T14:53:48.043+0400 [DEBUG] [org.gradle.internal.remote.internal.inet.InetAddresses] Adding remote address /172.21.192.1
2023-11-18T14:53:48.043+0400 [DEBUG] [org.gradle.internal.remote.internal.inet.InetAddresses] Adding remote address /fe80:0:0:0:20db:e272:248a:bf91%eth33
2023-11-18T14:53:48.043+0400 [DEBUG] [org.gradle.internal.remote.internal.inet.InetAddresses] Adding IP addresses for network interface Hyper-V Virtual Ethernet Adapter #2-WFP Native MAC Layer LightWeight Filter-0000
2023-11-18T14:53:48.047+0400 [DEBUG] [org.gradle.internal.remote.internal.inet.InetAddresses] Is this a loopback interface? false
2023-11-18T14:53:48.047+0400 [DEBUG] [org.gradle.internal.remote.internal.inet.InetAddresses] Adding IP addresses for network interface Hyper-V Virtual Ethernet Adapter #2-VirtualBox NDIS Light-Weight Filter-0000
2023-11-18T14:53:48.052+0400 [DEBUG] [org.gradle.internal.remote.internal.inet.InetAddresses] Is this a loopback interface? false
2023-11-18T14:53:48.052+0400 [DEBUG] [org.gradle.internal.remote.internal.inet.InetAddresses] Adding IP addresses for network interface Hyper-V Virtual Ethernet Adapter #2-QoS Packet Scheduler-0000
2023-11-18T14:53:48.057+0400 [DEBUG] [org.gradle.internal.remote.internal.inet.InetAddresses] Is this a loopback interface? false
2023-11-18T14:53:48.057+0400 [DEBUG] [org.gradle.internal.remote.internal.inet.InetAddresses] Adding IP addresses for network interface Hyper-V Virtual Ethernet Adapter #2-WFP 802.3 MAC Layer LightWeight Filter-0000
2023-11-18T14:53:48.063+0400 [DEBUG] [org.gradle.internal.remote.internal.inet.InetAddresses] Is this a loopback interface? false
2023-11-18T14:53:48.063+0400 [DEBUG] [org.gradle.internal.remote.internal.inet.InetAddresses] Adding IP addresses for network interface Hyper-V Virtual Switch Extension Adapter #3
2023-11-18T14:53:48.068+0400 [DEBUG] [org.gradle.internal.remote.internal.inet.InetAddresses] Is this a loopback interface? false
2023-11-18T14:53:48.068+0400 [DEBUG] [org.gradle.internal.remote.internal.inet.InetAddresses] Adding IP addresses for network interface Hyper-V Virtual Switch Extension Adapter #3-Hyper-V Virtual Switch Extension Filter-0000
2023-11-18T14:53:48.072+0400 [DEBUG] [org.gradle.internal.remote.internal.inet.InetAddresses] Is this a loopback interface? false
2023-11-18T14:53:48.072+0400 [DEBUG] [org.gradle.internal.remote.internal.inet.InetAddresses] Adding IP addresses for network interface Hyper-V Virtual Switch Extension Adapter #3-Virtual Filtering Platform VMSwitch Extension-0000
2023-11-18T14:53:48.076+0400 [DEBUG] [org.gradle.internal.remote.internal.inet.InetAddresses] Is this a loopback interface? false
2023-11-18T14:53:48.076+0400 [DEBUG] [org.gradle.internal.remote.internal.inet.InetAddresses] Adding IP addresses for network interface Hyper-V Virtual Ethernet Adapter #3
2023-11-18T14:53:48.080+0400 [DEBUG] [org.gradle.internal.remote.internal.inet.InetAddresses] Is this a loopback interface? false
2023-11-18T14:53:48.080+0400 [DEBUG] [org.gradle.internal.remote.internal.inet.InetAddresses] Adding remote address /172.21.64.1
2023-11-18T14:53:48.080+0400 [DEBUG] [org.gradle.internal.remote.internal.inet.InetAddresses] Adding remote address /fe80:0:0:0:dad4:74f5:667a:9be9%eth41
2023-11-18T14:53:48.080+0400 [DEBUG] [org.gradle.internal.remote.internal.inet.InetAddresses] Adding IP addresses for network interface Hyper-V Virtual Ethernet Adapter #3-WFP Native MAC Layer LightWeight Filter-0000
2023-11-18T14:53:48.084+0400 [DEBUG] [org.gradle.internal.remote.internal.inet.InetAddresses] Is this a loopback interface? false
2023-11-18T14:53:48.084+0400 [DEBUG] [org.gradle.internal.remote.internal.inet.InetAddresses] Adding IP addresses for network interface Hyper-V Virtual Ethernet Adapter #3-VirtualBox NDIS Light-Weight Filter-0000
2023-11-18T14:53:48.088+0400 [DEBUG] [org.gradle.internal.remote.internal.inet.InetAddresses] Is this a loopback interface? false
2023-11-18T14:53:48.088+0400 [DEBUG] [org.gradle.internal.remote.internal.inet.InetAddresses] Adding IP addresses for network interface Hyper-V Virtual Ethernet Adapter #3-QoS Packet Scheduler-0000
2023-11-18T14:53:48.092+0400 [DEBUG] [org.gradle.internal.remote.internal.inet.InetAddresses] Is this a loopback interface? false
2023-11-18T14:53:48.092+0400 [DEBUG] [org.gradle.internal.remote.internal.inet.InetAddresses] Adding IP addresses for network interface Hyper-V Virtual Ethernet Adapter #3-WFP 802.3 MAC Layer LightWeight Filter-0000
2023-11-18T14:53:48.096+0400 [DEBUG] [org.gradle.internal.remote.internal.inet.InetAddresses] Is this a loopback interface? false
2023-11-18T14:53:48.111+0400 [DEBUG] [org.gradle.internal.remote.internal.inet.TcpIncomingConnector] Listening on [66a8f84f-53d9-4c5d-ae8b-e27a308714dd port:53822, addresses:[localhost/127.0.0.1]].
2023-11-18T14:53:48.144+0400 [DEBUG] [org.gradle.launcher.daemon.server.Daemon] Daemon starting at: Sat Nov 18 14:53:48 AZT 2023, with address: [66a8f84f-53d9-4c5d-ae8b-e27a308714dd port:53822, addresses:[localhost/127.0.0.1]]
2023-11-18T14:53:48.144+0400 [INFO] [org.gradle.launcher.daemon.server.DaemonRegistryUpdater] Advertising the daemon address to the clients: [66a8f84f-53d9-4c5d-ae8b-e27a308714dd port:53822, addresses:[localhost/127.0.0.1]]
2023-11-18T14:53:48.145+0400 [DEBUG] [org.gradle.launcher.daemon.server.DaemonRegistryUpdater] Advertised daemon context: DefaultDaemonContext[uid=f2550704-5489-4f9f-a853-e22b114834ca,javaHome=C:\Program Files\Java\jdk-17,daemonRegistryDir=C:\Users\Rufet\IdeaProjects\PaymentApp\daemon,pid=13144,idleTimeout=10800000,priority=NORMAL,applyInstrumentationAgent=true,daemonOpts=--add-opens=java.base/java.util.concurrent.atomic=ALL-UNNAMED,-XX:MaxMetaspaceSize=384m,-XX:+HeapDumpOnOutOfMemoryError,--add-opens=java.base/java.util=ALL-UNNAMED,--add-opens=java.base/java.lang=ALL-UNNAMED,--add-opens=java.base/java.lang.invoke=ALL-UNNAMED,--add-opens=java.prefs/java.util.prefs=ALL-UNNAMED,--add-opens=java.base/java.nio.charset=ALL-UNNAMED,--add-opens=java.base/java.net=ALL-UNNAMED,--add-opens=java.base/java.util.concurrent.atomic=ALL-UNNAMED,-Xms256m,-Xmx512m,-Dfile.encoding=windows-1252,-Duser.country=US,-Duser.language=en,-Duser.variant]
2023-11-18T14:53:48.146+0400 [DEBUG] [org.gradle.launcher.daemon.registry.PersistentDaemonRegistry] Storing daemon address: [66a8f84f-53d9-4c5d-ae8b-e27a308714dd port:53822, addresses:[localhost/127.0.0.1]], context: DefaultDaemonContext[uid=f2550704-5489-4f9f-a853-e22b114834ca,javaHome=C:\Program Files\Java\jdk-17,daemonRegistryDir=C:\Users\Rufet\IdeaProjects\PaymentApp\daemon,pid=13144,idleTimeout=10800000,priority=NORMAL,applyInstrumentationAgent=true,daemonOpts=--add-opens=java.base/java.util.concurrent.atomic=ALL-UNNAMED,-XX:MaxMetaspaceSize=384m,-XX:+HeapDumpOnOutOfMemoryError,--add-opens=java.base/java.util=ALL-UNNAMED,--add-opens=java.base/java.lang=ALL-UNNAMED,--add-opens=java.base/java.lang.invoke=ALL-UNNAMED,--add-opens=java.prefs/java.util.prefs=ALL-UNNAMED,--add-opens=java.base/java.nio.charset=ALL-UNNAMED,--add-opens=java.base/java.net=ALL-UNNAMED,--add-opens=java.base/java.util.concurrent.atomic=ALL-UNNAMED,-Xms256m,-Xmx512m,-Dfile.encoding=windows-1252,-Duser.country=US,-Duser.language=en,-Duser.variant]
2023-11-18T14:53:48.182+0400 [DEBUG] [org.gradle.cache.internal.DefaultFileLockManager] Waiting to acquire exclusive lock on daemon addresses registry.
2023-11-18T14:53:48.188+0400 [DEBUG] [org.gradle.cache.internal.DefaultFileLockManager] Lock acquired on daemon addresses registry.
2023-11-18T14:53:48.195+0400 [DEBUG] [org.gradle.cache.internal.DefaultFileLockManager] Releasing lock on daemon addresses registry.
2023-11-18T14:53:48.196+0400 [LIFECYCLE] [org.gradle.launcher.daemon.server.Daemon] Daemon server started.
2023-11-18T14:53:48.197+0400 [DEBUG] [org.gradle.launcher.daemon.bootstrap.DaemonStartupCommunication] Completed writing the daemon greeting. Closing streams...
2023-11-18T14:53:48.205+0400 [DEBUG] [org.gradle.launcher.daemon.server.Daemon] stopOnExpiration() called on daemon
2023-11-18T14:53:48.206+0400 [DEBUG] [org.gradle.launcher.daemon.server.Daemon] awaitExpiration() called on daemon
2023-11-18T14:53:48.207+0400 [DEBUG] [org.gradle.launcher.daemon.server.DaemonStateCoordinator] daemon is running. Sleeping until state changes.
2023-11-18T14:53:48.210+0400 [DEBUG] [org.gradle.internal.remote.internal.inet.TcpIncomingConnector] Accepted connection from /127.0.0.1:53823 to /127.0.0.1:53822.
2023-11-18T14:53:48.360+0400 [DEBUG] [org.gradle.launcher.daemon.server.SynchronizedDispatchConnection] thread 22: received class org.gradle.launcher.daemon.protocol.Build
2023-11-18T14:53:48.360+0400 [DEBUG] [org.gradle.launcher.daemon.server.DefaultDaemonConnection] thread 22: Received non-IO message from client: Build{id=534325c8-6630-4721-bd8b-d5e25b575618, currentDir=C:\Users\Rufet\IdeaProjects\Booking}
2023-11-18T14:53:48.360+0400 [INFO] [org.gradle.launcher.daemon.server.DefaultIncomingConnectionHandler] Received command: Build{id=534325c8-6630-4721-bd8b-d5e25b575618, currentDir=C:\Users\Rufet\IdeaProjects\Booking}.
2023-11-18T14:53:48.360+0400 [DEBUG] [org.gradle.launcher.daemon.server.DefaultIncomingConnectionHandler] Starting executing command: Build{id=534325c8-6630-4721-bd8b-d5e25b575618, currentDir=C:\Users\Rufet\IdeaProjects\Booking} with connection: socket connection from /127.0.0.1:53822 to /127.0.0.1:53823.
2023-11-18T14:53:48.364+0400 [DEBUG] [org.gradle.launcher.daemon.server.DaemonStateCoordinator] Command execution: started DaemonCommandExecution[command = Build{id=534325c8-6630-4721-bd8b-d5e25b575618, currentDir=C:\Users\Rufet\IdeaProjects\Booking}, connection = DefaultDaemonConnection: socket connection from /127.0.0.1:53822 to /127.0.0.1:53823] after 0.0 minutes of idle
2023-11-18T14:53:48.364+0400 [INFO] [org.gradle.launcher.daemon.server.DaemonRegistryUpdater] Marking the daemon as busy, address: [66a8f84f-53d9-4c5d-ae8b-e27a308714dd port:53822, addresses:[localhost/127.0.0.1]]
2023-11-18T14:53:48.364+0400 [DEBUG] [org.gradle.launcher.daemon.registry.PersistentDaemonRegistry] Marking busy by address: [66a8f84f-53d9-4c5d-ae8b-e27a308714dd port:53822, addresses:[localhost/127.0.0.1]]
2023-11-18T14:53:48.366+0400 [DEBUG] [org.gradle.cache.internal.DefaultFileLockManager] Waiting to acquire exclusive lock on daemon addresses registry.
2023-11-18T14:53:48.366+0400 [DEBUG] [org.gradle.cache.internal.DefaultFileLockManager] Lock acquired on daemon addresses registry.
2023-11-18T14:53:48.369+0400 [DEBUG] [org.gradle.cache.internal.DefaultFileLockManager] Releasing lock on daemon addresses registry.
2023-11-18T14:53:48.370+0400 [DEBUG] [org.gradle.launcher.daemon.server.DaemonStateCoordinator] resetting idle timer
2023-11-18T14:53:48.370+0400 [DEBUG] [org.gradle.launcher.daemon.server.DaemonStateCoordinator] daemon is running. Sleeping until state changes.
2023-11-18T14:53:48.371+0400 [INFO] [org.gradle.launcher.daemon.server.exec.StartBuildOrRespondWithBusy] Daemon is about to start building Build{id=534325c8-6630-4721-bd8b-d5e25b575618, currentDir=C:\Users\Rufet\IdeaProjects\Booking}. Dispatching build started information...
2023-11-18T14:53:48.371+0400 [DEBUG] [org.gradle.launcher.daemon.server.SynchronizedDispatchConnection] thread 24: dispatching org.gradle.launcher.daemon.protocol.BuildStarted@6493e4e2
2023-11-18T14:53:48.373+0400 [DEBUG] [org.gradle.launcher.daemon.server.exec.EstablishBuildEnvironment] Configuring env variables: [USERDOMAIN_ROAMINGPROFILE, IGCCSVC_DB, LOCALAPPDATA, PROCESSOR_LEVEL, IntelliJ IDEA, USERDOMAIN, LOGONSERVER, FPS_BROWSER_APP_PROFILE_STRING, SESSIONNAME, ALLUSERSPROFILE, PROCESSOR_ARCHITECTURE, PSModulePath, SystemDrive, OneDrive, APPDATA, EFC_14868, USERNAME, ProgramFiles(x86), VBOX_MSI_INSTALL_PATH, CommonProgramFiles, Path, FPS_BROWSER_USER_PROFILE_STRING, PATHEXT, DriverData, OS, COMPUTERNAME, PROCESSOR_REVISION, CommonProgramW6432, ComSpec, ProgramData, ProgramW6432, TEMP, HOMEPATH, SystemRoot, PROCESSOR_IDENTIFIER, HOMEDRIVE, USERPROFILE, TMP, CommonProgramFiles(x86), ProgramFiles, PUBLIC, windir, NUMBER_OF_PROCESSORS, =::, IDEA_INITIAL_DIRECTORY, ZES_ENABLE_SYSMAN]
2023-11-18T14:53:48.378+0400 [DEBUG] [org.gradle.launcher.daemon.server.exec.LogToClient] About to start relaying all logs to the client via the connection.
2023-11-18T14:53:48.379+0400 [INFO] [org.gradle.launcher.daemon.server.exec.LogToClient] The client will now receive all logging from the daemon (pid: 13144). The daemon log file: C:\Users\Rufet\IdeaProjects\PaymentApp\daemon\8.3\daemon-13144.out.log
2023-11-18T14:53:48.379+0400 [DEBUG] [org.gradle.launcher.daemon.server.SynchronizedDispatchConnection] thread 22: received class org.gradle.launcher.daemon.protocol.CloseInput
2023-11-18T14:53:48.379+0400 [DEBUG] [org.gradle.launcher.daemon.server.DefaultDaemonConnection] thread 22: Received IO message from client: org.gradle.launcher.daemon.protocol.CloseInput@88c2a9c
2023-11-18T14:53:48.380+0400 [INFO] [org.gradle.launcher.daemon.server.exec.LogAndCheckHealth] Starting build in new daemon [memory: 512 MiB]
2023-11-18T14:53:48.382+0400 [INFO] [org.gradle.launcher.daemon.server.exec.ForwardClientInput] Closing daemon's stdin at end of input.
2023-11-18T14:53:48.382+0400 [INFO] [org.gradle.launcher.daemon.server.exec.ForwardClientInput] The daemon will no longer process any standard input.
2023-11-18T14:53:48.384+0400 [DEBUG] [org.gradle.launcher.daemon.server.exec.ExecuteBuild] The daemon has started executing the build.
2023-11-18T14:53:48.385+0400 [DEBUG] [org.gradle.launcher.daemon.server.exec.ExecuteBuild] Executing build with daemon context: DefaultDaemonContext[uid=f2550704-5489-4f9f-a853-e22b114834ca,javaHome=C:\Program Files\Java\jdk-17,daemonRegistryDir=C:\Users\Rufet\IdeaProjects\PaymentApp\daemon,pid=13144,idleTimeout=10800000,priority=NORMAL,applyInstrumentationAgent=true,daemonOpts=--add-opens=java.base/java.util.concurrent.atomic=ALL-UNNAMED,-XX:MaxMetaspaceSize=384m,-XX:+HeapDumpOnOutOfMemoryError,--add-opens=java.base/java.util=ALL-UNNAMED,--add-opens=java.base/java.lang=ALL-UNNAMED,--add-opens=java.base/java.lang.invoke=ALL-UNNAMED,--add-opens=java.prefs/java.util.prefs=ALL-UNNAMED,--add-opens=java.base/java.nio.charset=ALL-UNNAMED,--add-opens=java.base/java.net=ALL-UNNAMED,--add-opens=java.base/java.util.concurrent.atomic=ALL-UNNAMED,-Xms256m,-Xmx512m,-Dfile.encoding=windows-1252,-Duser.country=US,-Duser.language=en,-Duser.variant]

BUILD SUCCESSFUL in 48s
2023-11-18T14:54:31.891+0400 [DEBUG] [org.gradle.launcher.daemon.server.exec.ExecuteBuild] The daemon has finished executing the build.
2023-11-18T14:54:31.894+0400 [DEBUG] [org.gradle.launcher.daemon.server.DaemonStateCoordinator] daemon is running. Sleeping until state changes.
2023-11-18T14:54:31.894+0400 [DEBUG] [org.gradle.launcher.daemon.server.DaemonStateCoordinator] Command execution: finished waiting for DaemonCommandExecution[command = Build{id=534325c8-6630-4721-bd8b-d5e25b575618, currentDir=C:\Users\Rufet\IdeaProjects\Booking}, connection = DefaultDaemonConnection: socket connection from /127.0.0.1:53822 to /127.0.0.1:53823]. Result org.gradle.launcher.daemon.server.DaemonStateCoordinator@30e19364 with state Busy
2023-11-18T14:54:31.895+0400 [DEBUG] [org.gradle.launcher.daemon.server.DaemonStateCoordinator] Command execution: completed DaemonCommandExecution[command = Build{id=534325c8-6630-4721-bd8b-d5e25b575618, currentDir=C:\Users\Rufet\IdeaProjects\Booking}, connection = DefaultDaemonConnection: socket connection from /127.0.0.1:53822 to /127.0.0.1:53823]
2023-11-18T14:54:31.895+0400 [DEBUG] [org.gradle.launcher.daemon.server.DaemonStateCoordinator] resetting idle timer
2023-11-18T14:54:31.895+0400 [INFO] [org.gradle.launcher.daemon.server.DaemonRegistryUpdater] Marking the daemon as idle, address: [66a8f84f-53d9-4c5d-ae8b-e27a308714dd port:53822, addresses:[localhost/127.0.0.1]]
2023-11-18T14:54:31.895+0400 [DEBUG] [org.gradle.launcher.daemon.registry.PersistentDaemonRegistry] Marking busy by address: [66a8f84f-53d9-4c5d-ae8b-e27a308714dd port:53822, addresses:[localhost/127.0.0.1]]
2023-11-18T14:54:31.897+0400 [DEBUG] [org.gradle.cache.internal.DefaultFileLockManager] Waiting to acquire exclusive lock on daemon addresses registry.
2023-11-18T14:54:31.898+0400 [DEBUG] [org.gradle.cache.internal.DefaultFileLockManager] Lock acquired on daemon addresses registry.
2023-11-18T14:54:31.900+0400 [DEBUG] [org.gradle.cache.internal.DefaultFileLockManager] Releasing lock on daemon addresses registry.
2023-11-18T14:54:31.901+0400 [DEBUG] [org.gradle.launcher.daemon.server.DaemonStateCoordinator] daemon is running. Sleeping until state changes.
2023-11-18T14:54:31.901+0400 [DEBUG] [org.gradle.launcher.daemon.server.exec.ReturnResult] Daemon is dispatching the build result: Success[value=org.gradle.launcher.exec.BuildActionResult@7fe93eea]
2023-11-18T14:54:31.901+0400 [DEBUG] [org.gradle.launcher.daemon.server.SynchronizedDispatchConnection] thread 21: dispatching Success[value=org.gradle.launcher.exec.BuildActionResult@7fe93eea]
2023-11-18T14:54:31.902+0400 [DEBUG] [org.gradle.launcher.daemon.server.DefaultIncomingConnectionHandler] Finishing executing command: Build{id=534325c8-6630-4721-bd8b-d5e25b575618, currentDir=C:\Users\Rufet\IdeaProjects\Booking}
2023-11-18T14:54:31.946+0400 [DEBUG] [org.gradle.launcher.daemon.server.SynchronizedDispatchConnection] thread 22: received class org.gradle.launcher.daemon.protocol.Finished
2023-11-18T14:54:31.947+0400 [DEBUG] [org.gradle.launcher.daemon.server.DefaultDaemonConnection] thread 22: Received non-IO message from client: org.gradle.launcher.daemon.protocol.Finished@26fce2cc
2023-11-18T14:54:31.948+0400 [DEBUG] [org.gradle.launcher.daemon.server.DefaultIncomingConnectionHandler] Received finished message: org.gradle.launcher.daemon.protocol.Finished@26fce2cc
2023-11-18T14:54:31.948+0400 [DEBUG] [org.gradle.launcher.daemon.server.SynchronizedDispatchConnection] thread 21: stopping connection
2023-11-18T14:54:31.948+0400 [DEBUG] [org.gradle.internal.remote.internal.inet.SocketConnection] Discarding EOFException: java.io.EOFException
2023-11-18T14:54:31.949+0400 [DEBUG] [org.gradle.launcher.daemon.server.SynchronizedDispatchConnection] thread 22: received null
2023-11-18T14:54:31.949+0400 [DEBUG] [org.gradle.launcher.daemon.server.DefaultDaemonConnection] thread 22: Received end-of-input from client.
2023-11-18T14:54:31.950+0400 [DEBUG] [org.gradle.launcher.daemon.server.SynchronizedDispatchConnection] thread 21: stopping connection
2023-11-18T14:54:36.626+0400 [DEBUG] [org.gradle.process.internal.health.memory.DefaultMemoryManager] 831183257 memory requested, 53932032 free
2023-11-18T14:54:36.627+0400 [DEBUG] [org.gradle.workers.internal.WorkerDaemonExpiration] Will attempt to release 792 of memory
2023-11-18T14:54:36.627+0400 [DEBUG] [org.gradle.process.internal.health.memory.DefaultMemoryManager] 831183257 memory requested, 0 released, 53932032 free
2023-11-18T14:54:38.244+0400 [DEBUG] [org.gradle.cache.internal.DefaultFileLockManager] Waiting to acquire shared lock on daemon addresses registry.
2023-11-18T14:54:38.248+0400 [DEBUG] [org.gradle.cache.internal.DefaultFileLockManager] Lock acquired on daemon addresses registry.
2023-11-18T14:54:38.250+0400 [DEBUG] [org.gradle.cache.internal.DefaultFileLockManager] Releasing lock on daemon addresses registry.
2023-11-18T14:54:38.252+0400 [DEBUG] [org.gradle.cache.internal.DefaultFileLockManager] Waiting to acquire shared lock on daemon addresses registry.
2023-11-18T14:54:38.253+0400 [DEBUG] [org.gradle.cache.internal.DefaultFileLockManager] Lock acquired on daemon addresses registry.
2023-11-18T14:54:38.256+0400 [DEBUG] [org.gradle.cache.internal.DefaultFileLockManager] Releasing lock on daemon addresses registry.
2023-11-18T14:54:41.486+0400 [DEBUG] [org.gradle.process.internal.health.memory.DefaultMemoryManager] 831183257 memory requested, 112766976 free
2023-11-18T14:54:41.487+0400 [DEBUG] [org.gradle.workers.internal.WorkerDaemonExpiration] Will attempt to release 792 of memory
2023-11-18T14:54:41.487+0400 [DEBUG] [org.gradle.process.internal.health.memory.DefaultMemoryManager] 831183257 memory requested, 0 released, 112766976 free
2023-11-18T14:54:46.492+0400 [DEBUG] [org.gradle.process.internal.health.memory.DefaultMemoryManager] 831183257 memory requested, 133910528 free
2023-11-18T14:54:46.500+0400 [DEBUG] [org.gradle.workers.internal.WorkerDaemonExpiration] Will attempt to release 792 of memory
2023-11-18T14:54:46.500+0400 [DEBUG] [org.gradle.process.internal.health.memory.DefaultMemoryManager] 831183257 memory requested, 0 released, 133910528 free
2023-11-18T14:54:48.684+0400 [DEBUG] [org.gradle.cache.internal.DefaultFileLockManager] Waiting to acquire shared lock on daemon addresses registry.
2023-11-18T14:54:48.695+0400 [DEBUG] [org.gradle.cache.internal.DefaultFileLockManager] Lock acquired on daemon addresses registry.
2023-11-18T14:54:48.803+0400 [DEBUG] [org.gradle.cache.internal.DefaultFileLockManager] Releasing lock on daemon addresses registry.
2023-11-18T14:54:51.561+0400 [DEBUG] [org.gradle.process.internal.health.memory.DefaultMemoryManager] 831183257 memory requested, 18845696 free
2023-11-18T14:54:51.578+0400 [DEBUG] [org.gradle.workers.internal.WorkerDaemonExpiration] Will attempt to release 792 of memory
2023-11-18T14:54:51.587+0400 [DEBUG] [org.gradle.process.internal.health.memory.DefaultMemoryManager] 831183257 memory requested, 0 released, 18845696 free
2023-11-18T14:54:51.616+0400 [DEBUG] [org.gradle.cache.internal.DefaultFileLockManager] Waiting to acquire shared lock on daemon addresses registry.
2023-11-18T14:54:51.626+0400 [DEBUG] [org.gradle.cache.internal.DefaultFileLockManager] Lock acquired on daemon addresses registry.
2023-11-18T14:54:51.643+0400 [DEBUG] [org.gradle.cache.internal.DefaultFileLockManager] Releasing lock on daemon addresses registry.
2023-11-18T14:54:52.322+0400 [DEBUG] [org.gradle.cache.internal.DefaultFileLockManager] Waiting to acquire shared lock on daemon addresses registry.
2023-11-18T14:54:52.377+0400 [DEBUG] [org.gradle.cache.internal.DefaultFileLockManager] Lock acquired on daemon addresses registry.
2023-11-18T14:54:52.382+0400 [DEBUG] [org.gradle.cache.internal.DefaultFileLockManager] Releasing lock on daemon addresses registry.
2023-11-18T14:54:56.630+0400 [DEBUG] [org.gradle.process.internal.health.memory.DefaultMemoryManager] 831183257 memory requested, 10317824 free
2023-11-18T14:54:56.639+0400 [DEBUG] [org.gradle.workers.internal.WorkerDaemonExpiration] Will attempt to release 792 of memory
2023-11-18T14:54:56.640+0400 [DEBUG] [org.gradle.process.internal.health.memory.DefaultMemoryManager] 831183257 memory requested, 0 released, 10317824 free
2023-11-18T14:54:58.543+0400 [DEBUG] [org.gradle.cache.internal.DefaultFileLockManager] Waiting to acquire shared lock on daemon addresses registry.
2023-11-18T14:54:58.546+0400 [DEBUG] [org.gradle.cache.internal.DefaultFileLockManager] Lock acquired on daemon addresses registry.
2023-11-18T14:54:58.550+0400 [DEBUG] [org.gradle.cache.internal.DefaultFileLockManager] Releasing lock on daemon addresses registry.
2023-11-18T14:54:58.564+0400 [DEBUG] [org.gradle.cache.internal.DefaultFileLockManager] Waiting to acquire shared lock on daemon addresses registry.
2023-11-18T14:54:58.566+0400 [DEBUG] [org.gradle.cache.internal.DefaultFileLockManager] Lock acquired on daemon addresses registry.
2023-11-18T14:54:58.567+0400 [DEBUG] [org.gradle.cache.internal.DefaultFileLockManager] Releasing lock on daemon addresses registry.
2023-11-18T14:54:58.571+0400 [DEBUG] [org.gradle.cache.internal.DefaultFileLockManager] Waiting to acquire shared lock on daemon addresses registry.
2023-11-18T14:54:58.573+0400 [DEBUG] [org.gradle.cache.internal.DefaultFileLockManager] Lock acquired on daemon addresses registry.
2023-11-18T14:54:58.574+0400 [DEBUG] [org.gradle.cache.internal.DefaultFileLockManager] Releasing lock on daemon addresses registry.
2023-11-18T14:55:01.509+0400 [DEBUG] [org.gradle.process.internal.health.memory.DefaultMemoryManager] 831183257 memory requested, 43876352 free
2023-11-18T14:55:01.517+0400 [DEBUG] [org.gradle.workers.internal.WorkerDaemonExpiration] Will attempt to release 792 of memory
2023-11-18T14:55:01.517+0400 [DEBUG] [org.gradle.process.internal.health.memory.DefaultMemoryManager] 831183257 memory requested, 0 released, 43876352 free
2023-11-18T14:55:06.560+0400 [DEBUG] [org.gradle.process.internal.health.memory.DefaultMemoryManager] 831183257 memory requested, 585854976 free
2023-11-18T14:55:06.563+0400 [DEBUG] [org.gradle.workers.internal.WorkerDaemonExpiration] Will attempt to release 792 of memory
2023-11-18T14:55:06.563+0400 [DEBUG] [org.gradle.process.internal.health.memory.DefaultMemoryManager] 831183257 memory requested, 0 released, 585854976 free
2023-11-18T14:55:08.216+0400 [DEBUG] [org.gradle.cache.internal.DefaultFileLockManager] Waiting to acquire shared lock on daemon addresses registry.
2023-11-18T14:55:08.216+0400 [DEBUG] [org.gradle.cache.internal.DefaultFileLockManager] Lock acquired on daemon addresses registry.
2023-11-18T14:55:08.217+0400 [DEBUG] [org.gradle.cache.internal.DefaultFileLockManager] Releasing lock on daemon addresses registry.
2023-11-18T14:55:08.221+0400 [DEBUG] [org.gradle.cache.internal.DefaultFileLockManager] Waiting to acquire shared lock on daemon addresses registry.
2023-11-18T14:55:08.221+0400 [DEBUG] [org.gradle.cache.internal.DefaultFileLockManager] Lock acquired on daemon addresses registry.
2023-11-18T14:55:08.222+0400 [DEBUG] [org.gradle.cache.internal.DefaultFileLockManager] Releasing lock on daemon addresses registry.
2023-11-18T14:55:08.224+0400 [DEBUG] [org.gradle.cache.internal.DefaultFileLockManager] Waiting to acquire shared lock on daemon addresses registry.
2023-11-18T14:55:08.224+0400 [DEBUG] [org.gradle.cache.internal.DefaultFileLockManager] Lock acquired on daemon addresses registry.
2023-11-18T14:55:08.225+0400 [DEBUG] [org.gradle.cache.internal.DefaultFileLockManager] Releasing lock on daemon addresses registry.
2023-11-18T14:55:18.223+0400 [DEBUG] [org.gradle.cache.internal.DefaultFileLockManager] Waiting to acquire shared lock on daemon addresses registry.
2023-11-18T14:55:18.223+0400 [DEBUG] [org.gradle.cache.internal.DefaultFileLockManager] Lock acquired on daemon addresses registry.
2023-11-18T14:55:18.225+0400 [DEBUG] [org.gradle.cache.internal.DefaultFileLockManager] Releasing lock on daemon addresses registry.
2023-11-18T14:55:18.226+0400 [DEBUG] [org.gradle.cache.internal.DefaultFileLockManager] Waiting to acquire shared lock on daemon addresses registry.
2023-11-18T14:55:18.227+0400 [DEBUG] [org.gradle.cache.internal.DefaultFileLockManager] Lock acquired on daemon addresses registry.
2023-11-18T14:55:18.227+0400 [DEBUG] [org.gradle.cache.internal.DefaultFileLockManager] Releasing lock on daemon addresses registry.
2023-11-18T14:55:18.229+0400 [DEBUG] [org.gradle.cache.internal.DefaultFileLockManager] Waiting to acquire shared lock on daemon addresses registry.
2023-11-18T14:55:18.229+0400 [DEBUG] [org.gradle.cache.internal.DefaultFileLockManager] Lock acquired on daemon addresses registry.
2023-11-18T14:55:18.230+0400 [DEBUG] [org.gradle.cache.internal.DefaultFileLockManager] Releasing lock on daemon addresses registry.
2023-11-18T14:55:26.475+0400 [DEBUG] [org.gradle.process.internal.health.memory.DefaultMemoryManager] 831183257 memory requested, 482668544 free
2023-11-18T14:55:26.479+0400 [DEBUG] [org.gradle.workers.internal.WorkerDaemonExpiration] Will attempt to release 792 of memory
2023-11-18T14:55:26.479+0400 [DEBUG] [org.gradle.process.internal.health.memory.DefaultMemoryManager] 831183257 memory requested, 0 released, 482668544 free
2023-11-18T14:55:27.275+0400 [DEBUG] [org.gradle.internal.remote.internal.inet.TcpIncomingConnector] Accepted connection from /127.0.0.1:53970 to /127.0.0.1:53822.
2023-11-18T14:55:27.305+0400 [DEBUG] [org.gradle.internal.remote.internal.inet.TcpIncomingConnector] Accepted connection from /127.0.0.1:53971 to /127.0.0.1:53822.
2023-11-18T14:55:27.351+0400 [DEBUG] [org.gradle.launcher.daemon.server.SynchronizedDispatchConnection] thread 142: received class org.gradle.launcher.daemon.protocol.Build
2023-11-18T14:55:27.352+0400 [DEBUG] [org.gradle.launcher.daemon.server.DefaultDaemonConnection] thread 142: Received non-IO message from client: Build{id=dcb2206c-335e-4dd0-9398-be7df693a766, currentDir=C:\Users\Rufet\IdeaProjects\Booking}
2023-11-18T14:55:27.352+0400 [INFO] [org.gradle.launcher.daemon.server.DefaultIncomingConnectionHandler] Received command: Build{id=dcb2206c-335e-4dd0-9398-be7df693a766, currentDir=C:\Users\Rufet\IdeaProjects\Booking}.
2023-11-18T14:55:27.352+0400 [DEBUG] [org.gradle.launcher.daemon.server.DefaultIncomingConnectionHandler] Starting executing command: Build{id=dcb2206c-335e-4dd0-9398-be7df693a766, currentDir=C:\Users\Rufet\IdeaProjects\Booking} with connection: socket connection from /127.0.0.1:53822 to /127.0.0.1:53971.
2023-11-18T14:55:27.353+0400 [DEBUG] [org.gradle.launcher.daemon.server.SynchronizedDispatchConnection] thread 140: received class org.gradle.launcher.daemon.protocol.InvalidateVirtualFileSystem
2023-11-18T14:55:27.355+0400 [DEBUG] [org.gradle.launcher.daemon.server.DefaultDaemonConnection] thread 140: Received non-IO message from client: InvalidateVirtualFileSystem[id=3cee5b55-3710-4e3e-aede-a07cd16d72be]
2023-11-18T14:55:27.355+0400 [INFO] [org.gradle.launcher.daemon.server.DefaultIncomingConnectionHandler] Received command: InvalidateVirtualFileSystem[id=3cee5b55-3710-4e3e-aede-a07cd16d72be].
2023-11-18T14:55:27.356+0400 [DEBUG] [org.gradle.launcher.daemon.server.DefaultIncomingConnectionHandler] Starting executing command: InvalidateVirtualFileSystem[id=3cee5b55-3710-4e3e-aede-a07cd16d72be] with connection: socket connection from /127.0.0.1:53822 to /127.0.0.1:53970.
2023-11-18T14:55:27.356+0400 [DEBUG] [org.gradle.launcher.daemon.server.DaemonStateCoordinator] Command execution: started DaemonCommandExecution[command = Build{id=dcb2206c-335e-4dd0-9398-be7df693a766, currentDir=C:\Users\Rufet\IdeaProjects\Booking}, connection = DefaultDaemonConnection: socket connection from /127.0.0.1:53822 to /127.0.0.1:53971] after 0.0 minutes of idle
2023-11-18T14:55:27.358+0400 [INFO] [org.gradle.launcher.daemon.server.DaemonRegistryUpdater] Marking the daemon as busy, address: [66a8f84f-53d9-4c5d-ae8b-e27a308714dd port:53822, addresses:[localhost/127.0.0.1]]
2023-11-18T14:55:27.358+0400 [DEBUG] [org.gradle.launcher.daemon.registry.PersistentDaemonRegistry] Marking busy by address: [66a8f84f-53d9-4c5d-ae8b-e27a308714dd port:53822, addresses:[localhost/127.0.0.1]]
2023-11-18T14:55:27.359+0400 [DEBUG] [org.gradle.cache.internal.DefaultFileLockManager] Waiting to acquire exclusive lock on daemon addresses registry.
2023-11-18T14:55:27.360+0400 [DEBUG] [org.gradle.cache.internal.DefaultFileLockManager] Lock acquired on daemon addresses registry.
2023-11-18T14:55:27.363+0400 [DEBUG] [org.gradle.cache.internal.DefaultFileLockManager] Releasing lock on daemon addresses registry.
2023-11-18T14:55:27.363+0400 [DEBUG] [org.gradle.launcher.daemon.server.DaemonStateCoordinator] resetting idle timer
2023-11-18T14:55:27.364+0400 [DEBUG] [org.gradle.launcher.daemon.server.DaemonStateCoordinator] daemon is running. Sleeping until state changes.
2023-11-18T14:55:27.366+0400 [INFO] [org.gradle.launcher.daemon.server.exec.StartBuildOrRespondWithBusy] Daemon is about to start building Build{id=dcb2206c-335e-4dd0-9398-be7df693a766, currentDir=C:\Users\Rufet\IdeaProjects\Booking}. Dispatching build started information...
2023-11-18T14:55:27.367+0400 [DEBUG] [org.gradle.launcher.daemon.server.SynchronizedDispatchConnection] thread 24: dispatching org.gradle.launcher.daemon.protocol.BuildStarted@7270194d
2023-11-18T14:55:27.371+0400 [DEBUG] [org.gradle.launcher.daemon.server.SynchronizedDispatchConnection] thread 142: received class org.gradle.launcher.daemon.protocol.CloseInput
2023-11-18T14:55:27.371+0400 [DEBUG] [org.gradle.launcher.daemon.server.exec.EstablishBuildEnvironment] Configuring env variables: [USERDOMAIN_ROAMINGPROFILE, IGCCSVC_DB, LOCALAPPDATA, PROCESSOR_LEVEL, IntelliJ IDEA, USERDOMAIN, LOGONSERVER, FPS_BROWSER_APP_PROFILE_STRING, SESSIONNAME, ALLUSERSPROFILE, PROCESSOR_ARCHITECTURE, PSModulePath, SystemDrive, OneDrive, APPDATA, EFC_14868, USERNAME, ProgramFiles(x86), VBOX_MSI_INSTALL_PATH, CommonProgramFiles, Path, FPS_BROWSER_USER_PROFILE_STRING, PATHEXT, DriverData, OS, COMPUTERNAME, PROCESSOR_REVISION, CommonProgramW6432, ComSpec, ProgramData, ProgramW6432, TEMP, HOMEPATH, SystemRoot, PROCESSOR_IDENTIFIER, HOMEDRIVE, USERPROFILE, TMP, CommonProgramFiles(x86), ProgramFiles, PUBLIC, windir, NUMBER_OF_PROCESSORS, =::, IDEA_INITIAL_DIRECTORY, ZES_ENABLE_SYSMAN]
2023-11-18T14:55:27.371+0400 [DEBUG] [org.gradle.launcher.daemon.server.DefaultDaemonConnection] thread 142: Received IO message from client: org.gradle.launcher.daemon.protocol.CloseInput@25cb3413
2023-11-18T14:55:27.380+0400 [DEBUG] [org.gradle.launcher.daemon.server.exec.LogToClient] About to start relaying all logs to the client via the connection.
2023-11-18T14:55:27.381+0400 [INFO] [org.gradle.launcher.daemon.server.exec.LogToClient] The client will now receive all logging from the daemon (pid: 13144). The daemon log file: C:\Users\Rufet\IdeaProjects\PaymentApp\daemon\8.3\daemon-13144.out.log
2023-11-18T14:55:27.388+0400 [INFO] [org.gradle.launcher.daemon.server.api.HandleInvalidateVirtualFileSystem] Invalidating [C:\Users\Rufet\IdeaProjects\Booking\build.gradle]
2023-11-18T14:55:27.398+0400 [DEBUG] [org.gradle.internal.vfs.impl.AbstractVirtualFileSystem] Invalidating VFS paths: [C:\Users\Rufet\IdeaProjects\Booking\build.gradle]
2023-11-18T14:55:27.466+0400 [INFO] [org.gradle.launcher.daemon.server.exec.LogAndCheckHealth] Starting 2nd build in daemon [uptime: 1 mins 40.324 secs, performance: 100%, GC rate: 0.00/s, heap usage: 0% of 512 MiB, non-heap usage: 20% of 384 MiB]
2023-11-18T14:55:27.475+0400 [DEBUG] [org.gradle.launcher.daemon.server.exec.ExecuteBuild] The daemon has started executing the build.
2023-11-18T14:55:27.476+0400 [DEBUG] [org.gradle.launcher.daemon.server.exec.ExecuteBuild] Executing build with daemon context: DefaultDaemonContext[uid=f2550704-5489-4f9f-a853-e22b114834ca,javaHome=C:\Program Files\Java\jdk-17,daemonRegistryDir=C:\Users\Rufet\IdeaProjects\PaymentApp\daemon,pid=13144,idleTimeout=10800000,priority=NORMAL,applyInstrumentationAgent=true,daemonOpts=--add-opens=java.base/java.util.concurrent.atomic=ALL-UNNAMED,-XX:MaxMetaspaceSize=384m,-XX:+HeapDumpOnOutOfMemoryError,--add-opens=java.base/java.util=ALL-UNNAMED,--add-opens=java.base/java.lang=ALL-UNNAMED,--add-opens=java.base/java.lang.invoke=ALL-UNNAMED,--add-opens=java.prefs/java.util.prefs=ALL-UNNAMED,--add-opens=java.base/java.nio.charset=ALL-UNNAMED,--add-opens=java.base/java.net=ALL-UNNAMED,--add-opens=java.base/java.util.concurrent.atomic=ALL-UNNAMED,-Xms256m,-Xmx512m,-Dfile.encoding=windows-1252,-Duser.country=US,-Duser.language=en,-Duser.variant]

BUILD SUCCESSFUL in 43s
2023-11-18T14:56:10.742+0400 [DEBUG] [org.gradle.launcher.daemon.server.exec.ExecuteBuild] The daemon has finished executing the build.
2023-11-18T14:56:10.767+0400 [DEBUG] [org.gradle.launcher.daemon.server.DaemonStateCoordinator] Command execution: finished waiting for DaemonCommandExecution[command = Build{id=dcb2206c-335e-4dd0-9398-be7df693a766, currentDir=C:\Users\Rufet\IdeaProjects\Booking}, connection = DefaultDaemonConnection: socket connection from /127.0.0.1:53822 to /127.0.0.1:53971]. Result org.gradle.launcher.daemon.server.DaemonStateCoordinator@30e19364 with state Busy
2023-11-18T14:56:10.768+0400 [DEBUG] [org.gradle.launcher.daemon.server.DaemonStateCoordinator] Command execution: completed DaemonCommandExecution[command = Build{id=dcb2206c-335e-4dd0-9398-be7df693a766, currentDir=C:\Users\Rufet\IdeaProjects\Booking}, connection = DefaultDaemonConnection: socket connection from /127.0.0.1:53822 to /127.0.0.1:53971]
2023-11-18T14:56:10.768+0400 [DEBUG] [org.gradle.launcher.daemon.server.DaemonStateCoordinator] resetting idle timer
2023-11-18T14:56:10.769+0400 [INFO] [org.gradle.launcher.daemon.server.DaemonRegistryUpdater] Marking the daemon as idle, address: [66a8f84f-53d9-4c5d-ae8b-e27a308714dd port:53822, addresses:[localhost/127.0.0.1]]
2023-11-18T14:56:10.769+0400 [DEBUG] [org.gradle.launcher.daemon.registry.PersistentDaemonRegistry] Marking busy by address: [66a8f84f-53d9-4c5d-ae8b-e27a308714dd port:53822, addresses:[localhost/127.0.0.1]]
2023-11-18T14:56:10.786+0400 [DEBUG] [org.gradle.cache.internal.DefaultFileLockManager] Waiting to acquire exclusive lock on daemon addresses registry.
2023-11-18T14:56:10.787+0400 [DEBUG] [org.gradle.cache.internal.DefaultFileLockManager] Lock acquired on daemon addresses registry.
2023-11-18T14:56:10.797+0400 [DEBUG] [org.gradle.cache.internal.DefaultFileLockManager] Releasing lock on daemon addresses registry.
2023-11-18T14:56:10.799+0400 [DEBUG] [org.gradle.launcher.daemon.server.DaemonStateCoordinator] daemon is running. Sleeping until state changes.
2023-11-18T14:56:10.800+0400 [DEBUG] [org.gradle.launcher.daemon.server.exec.ReturnResult] Daemon is dispatching the build result: Success[value=org.gradle.launcher.exec.BuildActionResult@17367c88]
2023-11-18T14:56:10.801+0400 [DEBUG] [org.gradle.launcher.daemon.server.SynchronizedDispatchConnection] thread 141: dispatching Success[value=org.gradle.launcher.exec.BuildActionResult@17367c88]
2023-11-18T14:56:10.804+0400 [DEBUG] [org.gradle.launcher.daemon.server.DefaultIncomingConnectionHandler] Finishing executing command: Build{id=dcb2206c-335e-4dd0-9398-be7df693a766, currentDir=C:\Users\Rufet\IdeaProjects\Booking}
2023-11-18T14:56:10.804+0400 [DEBUG] [org.gradle.launcher.daemon.server.SynchronizedDispatchConnection] thread 142: received class org.gradle.launcher.daemon.protocol.Finished
2023-11-18T14:56:10.807+0400 [DEBUG] [org.gradle.launcher.daemon.server.DefaultDaemonConnection] thread 142: Received non-IO message from client: org.gradle.launcher.daemon.protocol.Finished@2b0cceda
2023-11-18T14:56:10.808+0400 [DEBUG] [org.gradle.internal.remote.internal.inet.SocketConnection] Discarding EOFException: java.io.EOFException
2023-11-18T14:56:10.808+0400 [DEBUG] [org.gradle.launcher.daemon.server.SynchronizedDispatchConnection] thread 142: received null
2023-11-18T14:56:10.809+0400 [DEBUG] [org.gradle.launcher.daemon.server.DefaultDaemonConnection] thread 142: Received end-of-input from client.
2023-11-18T14:56:10.809+0400 [DEBUG] [org.gradle.launcher.daemon.server.DefaultIncomingConnectionHandler] Received finished message: org.gradle.launcher.daemon.protocol.Finished@2b0cceda
2023-11-18T14:56:10.810+0400 [DEBUG] [org.gradle.launcher.daemon.server.SynchronizedDispatchConnection] thread 141: stopping connection
2023-11-18T14:56:10.814+0400 [DEBUG] [org.gradle.launcher.daemon.server.SynchronizedDispatchConnection] thread 141: stopping connection
2023-11-18T14:56:11.489+0400 [DEBUG] [org.gradle.process.internal.health.memory.DefaultMemoryManager] 831183257 memory requested, 254210048 free
2023-11-18T14:56:11.489+0400 [DEBUG] [org.gradle.workers.internal.WorkerDaemonExpiration] Will attempt to release 792 of memory
2023-11-18T14:56:11.489+0400 [DEBUG] [org.gradle.process.internal.health.memory.DefaultMemoryManager] 831183257 memory requested, 0 released, 254210048 free
2023-11-18T14:56:14.319+0400 [DEBUG] [org.gradle.cache.internal.LockOnDemandCrossProcessCacheAccess] Lock on artifact cache (C:\Users\Rufet\IdeaProjects\PaymentApp\caches\modules-2) requested by another process - releasing lock.
2023-11-18T14:56:14.320+0400 [DEBUG] [org.gradle.cache.internal.LockOnDemandCrossProcessCacheAccess] Releasing file lock for artifact cache (C:\Users\Rufet\IdeaProjects\PaymentApp\caches\modules-2)
2023-11-18T14:56:14.320+0400 [DEBUG] [org.gradle.cache.internal.btree.BTreePersistentIndexedCache] Closing cache module-artifact.bin (C:\Users\Rufet\IdeaProjects\PaymentApp\caches\modules-2\metadata-2.106\module-artifact.bin)
2023-11-18T14:56:14.321+0400 [DEBUG] [org.gradle.cache.internal.btree.BTreePersistentIndexedCache] Closing cache resource-at-url.bin (C:\Users\Rufet\IdeaProjects\PaymentApp\caches\modules-2\metadata-2.106\resource-at-url.bin)
2023-11-18T14:56:14.323+0400 [DEBUG] [org.gradle.cache.internal.btree.BTreePersistentIndexedCache] Closing cache module-metadata.bin (C:\Users\Rufet\IdeaProjects\PaymentApp\caches\modules-2\metadata-2.106\module-metadata.bin)
2023-11-18T14:56:14.324+0400 [DEBUG] [org.gradle.cache.internal.btree.BTreePersistentIndexedCache] Closing cache module-artifacts.bin (C:\Users\Rufet\IdeaProjects\PaymentApp\caches\modules-2\metadata-2.106\module-artifacts.bin)
2023-11-18T14:56:14.326+0400 [DEBUG] [org.gradle.cache.internal.DefaultFileLockManager] Releasing lock on artifact cache (C:\Users\Rufet\IdeaProjects\PaymentApp\caches\modules-2).
2023-11-18T14:56:14.327+0400 [DEBUG] [org.gradle.cache.internal.locklistener.FileLockCommunicator] Confirming lock release to Gradle process at port 65444 for lock with id -2216335321872873191.
2023-11-18T14:56:14.330+0400 [DEBUG] [org.gradle.cache.internal.locklistener.FileLockCommunicator] Confirming lock release to Gradle process at port 65444 for lock with id -2216335321872873191.
2023-11-18T14:56:16.487+0400 [DEBUG] [org.gradle.process.internal.health.memory.DefaultMemoryManager] 831183257 memory requested, 158011392 free
2023-11-18T14:56:16.488+0400 [DEBUG] [org.gradle.workers.internal.WorkerDaemonExpiration] Will attempt to release 792 of memory
2023-11-18T14:56:16.488+0400 [DEBUG] [org.gradle.process.internal.health.memory.DefaultMemoryManager] 831183257 memory requested, 0 released, 158011392 free
2023-11-18T14:56:18.228+0400 [DEBUG] [org.gradle.cache.internal.DefaultFileLockManager] Waiting to acquire shared lock on daemon addresses registry.
2023-11-18T14:56:18.229+0400 [DEBUG] [org.gradle.cache.internal.DefaultFileLockManager] Lock acquired on daemon addresses registry.
2023-11-18T14:56:18.247+0400 [DEBUG] [org.gradle.cache.internal.DefaultFileLockManager] Releasing lock on daemon addresses registry.
2023-11-18T14:56:18.252+0400 [DEBUG] [org.gradle.cache.internal.DefaultFileLockManager] Waiting to acquire shared lock on daemon addresses registry.
2023-11-18T14:56:18.253+0400 [DEBUG] [org.gradle.cache.internal.DefaultFileLockManager] Lock acquired on daemon addresses registry.
2023-11-18T14:56:18.258+0400 [DEBUG] [org.gradle.cache.internal.DefaultFileLockManager] Releasing lock on daemon addresses registry.
2023-11-18T14:56:21.519+0400 [DEBUG] [org.gradle.process.internal.health.memory.DefaultMemoryManager] 831183257 memory requested, 208166912 free
2023-11-18T14:56:21.519+0400 [DEBUG] [org.gradle.workers.internal.WorkerDaemonExpiration] Will attempt to release 792 of memory
2023-11-18T14:56:21.519+0400 [DEBUG] [org.gradle.process.internal.health.memory.DefaultMemoryManager] 831183257 memory requested, 0 released, 208166912 free
2023-11-18T14:56:26.765+0400 [DEBUG] [org.gradle.process.internal.health.memory.DefaultMemoryManager] 831183257 memory requested, 83902464 free
2023-11-18T14:56:26.765+0400 [DEBUG] [org.gradle.workers.internal.WorkerDaemonExpiration] Will attempt to release 792 of memory
2023-11-18T14:56:26.765+0400 [DEBUG] [org.gradle.process.internal.health.memory.DefaultMemoryManager] 831183257 memory requested, 0 released, 83902464 free
2023-11-18T14:56:28.536+0400 [DEBUG] [org.gradle.cache.internal.DefaultFileLockManager] Waiting to acquire shared lock on daemon addresses registry.
2023-11-18T14:56:28.629+0400 [DEBUG] [org.gradle.cache.internal.DefaultFileLockManager] Lock acquired on daemon addresses registry.
2023-11-18T14:56:29.085+0400 [DEBUG] [org.gradle.cache.internal.DefaultFileLockManager] Releasing lock on daemon addresses registry.
2023-11-18T14:56:29.101+0400 [DEBUG] [org.gradle.cache.internal.DefaultFileLockManager] Waiting to acquire shared lock on daemon addresses registry.
2023-11-18T14:56:29.102+0400 [DEBUG] [org.gradle.cache.internal.DefaultFileLockManager] Lock acquired on daemon addresses registry.
2023-11-18T14:56:29.103+0400 [DEBUG] [org.gradle.cache.internal.DefaultFileLockManager] Releasing lock on daemon addresses registry.
2023-11-18T14:56:29.324+0400 [DEBUG] [org.gradle.cache.internal.DefaultFileLockManager] Waiting to acquire shared lock on daemon addresses registry.
2023-11-18T14:56:29.326+0400 [DEBUG] [org.gradle.cache.internal.DefaultFileLockManager] Lock acquired on daemon addresses registry.
2023-11-18T14:56:29.560+0400 [DEBUG] [org.gradle.cache.internal.DefaultFileLockManager] Releasing lock on daemon addresses registry.
2023-11-18T14:56:31.599+0400 [DEBUG] [org.gradle.process.internal.health.memory.DefaultMemoryManager] 831183257 memory requested, 112140288 free
2023-11-18T14:56:31.599+0400 [DEBUG] [org.gradle.workers.internal.WorkerDaemonExpiration] Will attempt to release 792 of memory
2023-11-18T14:56:31.599+0400 [DEBUG] [org.gradle.process.internal.health.memory.DefaultMemoryManager] 831183257 memory requested, 0 released, 112140288 free
2023-11-18T14:56:36.562+0400 [DEBUG] [org.gradle.process.internal.health.memory.DefaultMemoryManager] 831183257 memory requested, 25231360 free
2023-11-18T14:56:36.579+0400 [DEBUG] [org.gradle.workers.internal.WorkerDaemonExpiration] Will attempt to release 792 of memory
2023-11-18T14:56:36.580+0400 [DEBUG] [org.gradle.process.internal.health.memory.DefaultMemoryManager] 831183257 memory requested, 0 released, 25231360 free
2023-11-18T14:56:38.243+0400 [DEBUG] [org.gradle.cache.internal.DefaultFileLockManager] Waiting to acquire shared lock on daemon addresses registry.
2023-11-18T14:56:38.248+0400 [DEBUG] [org.gradle.cache.internal.DefaultFileLockManager] Lock acquired on daemon addresses registry.
2023-11-18T14:56:38.255+0400 [DEBUG] [org.gradle.cache.internal.DefaultFileLockManager] Releasing lock on daemon addresses registry.
2023-11-18T14:56:38.264+0400 [DEBUG] [org.gradle.cache.internal.DefaultFileLockManager] Waiting to acquire shared lock on daemon addresses registry.
2023-11-18T14:56:38.265+0400 [DEBUG] [org.gradle.cache.internal.DefaultFileLockManager] Lock acquired on daemon addresses registry.
2023-11-18T14:56:38.271+0400 [DEBUG] [org.gradle.cache.internal.DefaultFileLockManager] Releasing lock on daemon addresses registry.
2023-11-18T14:56:38.275+0400 [DEBUG] [org.gradle.cache.internal.DefaultFileLockManager] Waiting to acquire shared lock on daemon addresses registry.
2023-11-18T14:56:38.276+0400 [DEBUG] [org.gradle.cache.internal.DefaultFileLockManager] Lock acquired on daemon addresses registry.
2023-11-18T14:56:38.290+0400 [DEBUG] [org.gradle.cache.internal.DefaultFileLockManager] Releasing lock on daemon addresses registry.
2023-11-18T14:56:41.569+0400 [DEBUG] [org.gradle.process.internal.health.memory.DefaultMemoryManager] 831183257 memory requested, 17199104 free
2023-11-18T14:56:41.570+0400 [DEBUG] [org.gradle.workers.internal.WorkerDaemonExpiration] Will attempt to release 792 of memory
2023-11-18T14:56:41.570+0400 [DEBUG] [org.gradle.process.internal.health.memory.DefaultMemoryManager] 831183257 memory requested, 0 released, 17199104 free
2023-11-18T14:56:46.474+0400 [DEBUG] [org.gradle.process.internal.health.memory.DefaultMemoryManager] 831183257 memory requested, 198578176 free
2023-11-18T14:56:46.476+0400 [DEBUG] [org.gradle.workers.internal.WorkerDaemonExpiration] Will attempt to release 792 of memory
2023-11-18T14:56:46.476+0400 [DEBUG] [org.gradle.process.internal.health.memory.DefaultMemoryManager] 831183257 memory requested, 0 released, 198578176 free
2023-11-18T14:56:48.217+0400 [DEBUG] [org.gradle.cache.internal.DefaultFileLockManager] Waiting to acquire shared lock on daemon addresses registry.
2023-11-18T14:56:48.219+0400 [DEBUG] [org.gradle.cache.internal.DefaultFileLockManager] Lock acquired on daemon addresses registry.
2023-11-18T14:56:48.221+0400 [DEBUG] [org.gradle.cache.internal.DefaultFileLockManager] Releasing lock on daemon addresses registry.
2023-11-18T14:56:48.224+0400 [DEBUG] [org.gradle.cache.internal.DefaultFileLockManager] Waiting to acquire shared lock on daemon addresses registry.
2023-11-18T14:56:48.224+0400 [DEBUG] [org.gradle.cache.internal.DefaultFileLockManager] Lock acquired on daemon addresses registry.
2023-11-18T14:56:48.225+0400 [DEBUG] [org.gradle.cache.internal.DefaultFileLockManager] Releasing lock on daemon addresses registry.
2023-11-18T14:56:48.235+0400 [DEBUG] [org.gradle.cache.internal.DefaultFileLockManager] Waiting to acquire shared lock on daemon addresses registry.
2023-11-18T14:56:48.236+0400 [DEBUG] [org.gradle.cache.internal.DefaultFileLockManager] Lock acquired on daemon addresses registry.
2023-11-18T14:56:48.236+0400 [DEBUG] [org.gradle.cache.internal.DefaultFileLockManager] Releasing lock on daemon addresses registry.
2023-11-18T14:56:51.474+0400 [DEBUG] [org.gradle.process.internal.health.memory.DefaultMemoryManager] 831183257 memory requested, 17252352 free
2023-11-18T14:56:51.475+0400 [DEBUG] [org.gradle.workers.internal.WorkerDaemonExpiration] Will attempt to release 792 of memory
2023-11-18T14:56:51.476+0400 [DEBUG] [org.gradle.process.internal.health.memory.DefaultMemoryManager] 831183257 memory requested, 0 released, 17252352 free
2023-11-18T14:56:56.479+0400 [DEBUG] [org.gradle.process.internal.health.memory.DefaultMemoryManager] 831183257 memory requested, 54128640 free
2023-11-18T14:56:56.480+0400 [DEBUG] [org.gradle.workers.internal.WorkerDaemonExpiration] Will attempt to release 792 of memory
2023-11-18T14:56:56.482+0400 [DEBUG] [org.gradle.process.internal.health.memory.DefaultMemoryManager] 831183257 memory requested, 0 released, 54128640 free
2023-11-18T14:56:58.231+0400 [DEBUG] [org.gradle.cache.internal.DefaultFileLockManager] Waiting to acquire shared lock on daemon addresses registry.
2023-11-18T14:56:58.231+0400 [DEBUG] [org.gradle.cache.internal.DefaultFileLockManager] Lock acquired on daemon addresses registry.
2023-11-18T14:56:58.235+0400 [DEBUG] [org.gradle.cache.internal.DefaultFileLockManager] Releasing lock on daemon addresses registry.
2023-11-18T14:56:58.238+0400 [DEBUG] [org.gradle.cache.internal.DefaultFileLockManager] Waiting to acquire shared lock on daemon addresses registry.
2023-11-18T14:56:58.238+0400 [DEBUG] [org.gradle.cache.internal.DefaultFileLockManager] Lock acquired on daemon addresses registry.
2023-11-18T14:56:58.242+0400 [DEBUG] [org.gradle.cache.internal.DefaultFileLockManager] Releasing lock on daemon addresses registry.
2023-11-18T14:56:58.245+0400 [DEBUG] [org.gradle.cache.internal.DefaultFileLockManager] Waiting to acquire shared lock on daemon addresses registry.
2023-11-18T14:56:58.245+0400 [DEBUG] [org.gradle.cache.internal.DefaultFileLockManager] Lock acquired on daemon addresses registry.
2023-11-18T14:56:58.247+0400 [DEBUG] [org.gradle.cache.internal.DefaultFileLockManager] Releasing lock on daemon addresses registry.
2023-11-18T14:57:01.485+0400 [DEBUG] [org.gradle.process.internal.health.memory.DefaultMemoryManager] 831183257 memory requested, 140132352 free
2023-11-18T14:57:01.485+0400 [DEBUG] [org.gradle.workers.internal.WorkerDaemonExpiration] Will attempt to release 792 of memory
2023-11-18T14:57:01.486+0400 [DEBUG] [org.gradle.process.internal.health.memory.DefaultMemoryManager] 831183257 memory requested, 0 released, 140132352 free
2023-11-18T14:57:06.479+0400 [DEBUG] [org.gradle.process.internal.health.memory.DefaultMemoryManager] 831183257 memory requested, 113963008 free
2023-11-18T14:57:06.480+0400 [DEBUG] [org.gradle.workers.internal.WorkerDaemonExpiration] Will attempt to release 792 of memory
2023-11-18T14:57:06.480+0400 [DEBUG] [org.gradle.process.internal.health.memory.DefaultMemoryManager] 831183257 memory requested, 0 released, 113963008 free
2023-11-18T14:57:08.216+0400 [DEBUG] [org.gradle.cache.internal.DefaultFileLockManager] Waiting to acquire shared lock on daemon addresses registry.
2023-11-18T14:57:08.218+0400 [DEBUG] [org.gradle.cache.internal.DefaultFileLockManager] Lock acquired on daemon addresses registry.
2023-11-18T14:57:08.220+0400 [DEBUG] [org.gradle.cache.internal.DefaultFileLockManager] Releasing lock on daemon addresses registry.
2023-11-18T14:57:08.224+0400 [DEBUG] [org.gradle.cache.internal.DefaultFileLockManager] Waiting to acquire shared lock on daemon addresses registry.
2023-11-18T14:57:08.225+0400 [DEBUG] [org.gradle.cache.internal.DefaultFileLockManager] Lock acquired on daemon addresses registry.
2023-11-18T14:57:08.227+0400 [DEBUG] [org.gradle.cache.internal.DefaultFileLockManager] Releasing lock on daemon addresses registry.
2023-11-18T14:57:08.232+0400 [DEBUG] [org.gradle.cache.internal.DefaultFileLockManager] Waiting to acquire shared lock on daemon addresses registry.
2023-11-18T14:57:08.233+0400 [DEBUG] [org.gradle.cache.internal.DefaultFileLockManager] Lock acquired on daemon addresses registry.
2023-11-18T14:57:08.236+0400 [DEBUG] [org.gradle.cache.internal.DefaultFileLockManager] Releasing lock on daemon addresses registry.
2023-11-18T14:57:11.491+0400 [DEBUG] [org.gradle.process.internal.health.memory.DefaultMemoryManager] 831183257 memory requested, 83144704 free
2023-11-18T14:57:11.491+0400 [DEBUG] [org.gradle.workers.internal.WorkerDaemonExpiration] Will attempt to release 792 of memory
2023-11-18T14:57:11.503+0400 [DEBUG] [org.gradle.process.internal.health.memory.DefaultMemoryManager] 831183257 memory requested, 0 released, 83144704 free
2023-11-18T14:57:16.473+0400 [DEBUG] [org.gradle.process.internal.health.memory.DefaultMemoryManager] 831183257 memory requested, 405254144 free
2023-11-18T14:57:16.474+0400 [DEBUG] [org.gradle.workers.internal.WorkerDaemonExpiration] Will attempt to release 792 of memory
2023-11-18T14:57:16.474+0400 [DEBUG] [org.gradle.process.internal.health.memory.DefaultMemoryManager] 831183257 memory requested, 0 released, 405254144 free
2023-11-18T14:57:18.224+0400 [DEBUG] [org.gradle.cache.internal.DefaultFileLockManager] Waiting to acquire shared lock on daemon addresses registry.
2023-11-18T14:57:18.224+0400 [DEBUG] [org.gradle.cache.internal.DefaultFileLockManager] Lock acquired on daemon addresses registry.
2023-11-18T14:57:18.227+0400 [DEBUG] [org.gradle.cache.internal.DefaultFileLockManager] Releasing lock on daemon addresses registry.
2023-11-18T14:57:18.254+0400 [DEBUG] [org.gradle.cache.internal.DefaultFileLockManager] Waiting to acquire shared lock on daemon addresses registry.
2023-11-18T14:57:18.306+0400 [DEBUG] [org.gradle.cache.internal.DefaultFileLockManager] Lock acquired on daemon addresses registry.
2023-11-18T14:57:18.307+0400 [DEBUG] [org.gradle.cache.internal.DefaultFileLockManager] Releasing lock on daemon addresses registry.
2023-11-18T14:57:18.322+0400 [INFO] [org.gradle.launcher.daemon.server.health.LowMemoryDaemonExpirationStrategy] after free system memory (386.4 MiB) fell below threshold of 396.3 MiB
2023-11-18T14:57:18.368+0400 [DEBUG] [org.gradle.cache.internal.DefaultFileLockManager] Waiting to acquire shared lock on daemon addresses registry.
2023-11-18T14:57:18.369+0400 [DEBUG] [org.gradle.cache.internal.DefaultFileLockManager] Lock acquired on daemon addresses registry.
2023-11-18T14:57:18.370+0400 [DEBUG] [org.gradle.cache.internal.DefaultFileLockManager] Releasing lock on daemon addresses registry.
2023-11-18T14:57:18.394+0400 [DEBUG] [org.gradle.launcher.daemon.server.DaemonRegistryUpdater] Storing daemon stop event: after being idle for 1 minutes and not recently used and to reclaim system memory
2023-11-18T14:57:18.398+0400 [DEBUG] [org.gradle.launcher.daemon.registry.PersistentDaemonRegistry] Storing daemon stop event with timestamp 1700305038398
2023-11-18T14:57:18.523+0400 [DEBUG] [org.gradle.cache.internal.DefaultFileLockManager] Waiting to acquire exclusive lock on daemon addresses registry.
2023-11-18T14:57:18.528+0400 [DEBUG] [org.gradle.cache.internal.DefaultFileLockManager] Lock acquired on daemon addresses registry.
2023-11-18T14:57:18.541+0400 [DEBUG] [org.gradle.cache.internal.DefaultFileLockManager] Releasing lock on daemon addresses registry.
2023-11-18T14:57:18.550+0400 [LIFECYCLE] [org.gradle.launcher.daemon.server.DaemonStateCoordinator] Daemon will be stopped at the end of the build after being idle for 1 minutes and not recently used and to reclaim system memory
2023-11-18T14:57:18.557+0400 [DEBUG] [org.gradle.launcher.daemon.server.DaemonStateCoordinator] Marking daemon stopped due to after being idle for 1 minutes and not recently used and to reclaim system memory. The daemon is running a build: false
2023-11-18T14:57:18.569+0400 [DEBUG] [org.gradle.launcher.daemon.server.DaemonStateCoordinator] daemon has stopped.
2023-11-18T14:57:18.586+0400 [DEBUG] [org.gradle.launcher.daemon.server.Daemon] stop() called on daemon
2023-11-18T14:57:18.590+0400 [INFO] [org.gradle.launcher.daemon.server.Daemon] Stop requested. Daemon is removing its presence from the registry...
2023-11-18T14:57:18.612+0400 [DEBUG] [org.gradle.launcher.daemon.server.DaemonRegistryUpdater] Removing our presence to clients, eg. removing this address from the registry: [66a8f84f-53d9-4c5d-ae8b-e27a308714dd port:53822, addresses:[localhost/127.0.0.1]]
2023-11-18T14:57:18.614+0400 [DEBUG] [org.gradle.launcher.daemon.registry.PersistentDaemonRegistry] Removing daemon address: [66a8f84f-53d9-4c5d-ae8b-e27a308714dd port:53822, addresses:[localhost/127.0.0.1]]
2023-11-18T14:57:18.642+0400 [DEBUG] [org.gradle.cache.internal.DefaultFileLockManager] Waiting to acquire exclusive lock on daemon addresses registry.
2023-11-18T14:57:18.643+0400 [DEBUG] [org.gradle.cache.internal.DefaultFileLockManager] Lock acquired on daemon addresses registry.
2023-11-18T14:57:18.646+0400 [DEBUG] [org.gradle.cache.internal.DefaultFileLockManager] Releasing lock on daemon addresses registry.
2023-11-18T14:57:18.647+0400 [DEBUG] [org.gradle.launcher.daemon.server.DaemonRegistryUpdater] Address removed from registry.
2023-11-18T14:57:18.730+0400 [DEBUG] [org.gradle.cache.internal.DefaultPersistentDirectoryStore] jars (C:\Users\Rufet\IdeaProjects\PaymentApp\caches\jars-9) has last been fully cleaned up 3 hours ago
2023-11-18T14:57:18.780+0400 [DEBUG] [org.gradle.cache.internal.DefaultPersistentDirectoryStore] Artifact transforms cache (C:\Users\Rufet\IdeaProjects\PaymentApp\caches\transforms-3) has last been fully cleaned up 3 hours ago
2023-11-18T14:57:18.780+0400 [DEBUG] [org.gradle.cache.internal.DefaultCacheCoordinator] Cache Artifact transforms cache (C:\Users\Rufet\IdeaProjects\PaymentApp\caches\transforms-3) was closed 0 times.
2023-11-18T14:57:18.906+0400 [DEBUG] [org.gradle.internal.watch.vfs.impl.WatchingVirtualFileSystem] Closing VFS, dropping state
2023-11-18T14:57:19.040+0400 [DEBUG] [org.gradle.internal.watch.registry.impl.DefaultFileWatcherRegistry] Finished listening to file system change events
2023-11-18T14:57:19.041+0400 [DEBUG] [org.gradle.cache.internal.DefaultCacheCoordinator] Cache Generated Gradle JARs cache (C:\Users\Rufet\IdeaProjects\PaymentApp\caches\8.3\generated-gradle-jars) was closed 0 times.
2023-11-18T14:57:19.043+0400 [DEBUG] [org.gradle.cache.internal.DefaultPersistentDirectoryStore] artifact cache (C:\Users\Rufet\IdeaProjects\PaymentApp\caches\modules-2) has last been fully cleaned up 3 hours ago
2023-11-18T14:57:19.053+0400 [DEBUG] [org.gradle.cache.internal.DefaultCacheCoordinator] Cache journal cache (C:\Users\Rufet\IdeaProjects\PaymentApp\caches\journal-1) was closed 3 times.
2023-11-18T14:57:19.118+0400 [DEBUG] [org.gradle.launcher.daemon.registry.PersistentDaemonRegistry] Removing daemon address: [66a8f84f-53d9-4c5d-ae8b-e27a308714dd port:53822, addresses:[localhost/127.0.0.1]]
Daemon vm is shutting down... The daemon has exited normally or was terminated in response to a user interrupt.
2023-11-18T14:57:19.120+0400 [DEBUG] [org.gradle.cache.internal.DefaultFileLockManager] Waiting to acquire exclusive lock on daemon addresses registry.
2023-11-18T14:57:19.121+0400 [DEBUG] [org.gradle.cache.internal.DefaultFileLockManager] Lock acquired on daemon addresses registry.
2023-11-18T14:57:19.125+0400 [DEBUG] [org.gradle.cache.internal.DefaultFileLockManager] Releasing lock on daemon addresses registry.
