2023-11-18T14:51:08.719+0400 [DEBUG] [org.gradle.launcher.daemon.bootstrap.DaemonMain] Assuming the daemon was started with following jvm opts: [--add-opens=java.base/java.util=ALL-UNNAMED, --add-opens=java.base/java.lang=ALL-UNNAMED, --add-opens=java.base/java.lang.invoke=ALL-UNNAMED, --add-opens=java.prefs/java.util.prefs=ALL-UNNAMED, --add-opens=java.base/java.nio.charset=ALL-UNNAMED, --add-opens=java.base/java.net=ALL-UNNAMED, --add-opens=java.base/java.util.concurrent.atomic=ALL-UNNAMED, -XX:MaxMetaspaceSize=384m, -XX:+HeapDumpOnOutOfMemoryError, -Xms256m, -Xmx512m, -Dfile.encoding=windows-1252, -Duser.country=US, -Duser.language=en, -Duser.variant]
2023-11-18T14:51:08.943+0400 [DEBUG] [org.gradle.internal.nativeintegration.services.NativeServices] Native-platform posix files integration is not available. Continuing with fallback.
2023-11-18T14:51:08.959+0400 [INFO] [org.gradle.launcher.daemon.server.Daemon] start() called on daemon - DefaultDaemonContext[uid=4e6211e5-f51a-4321-b642-1c9955bf801b,javaHome=C:\Program Files\Java\jdk-17,daemonRegistryDir=C:\Users\Rufet\IdeaProjects\PaymentApp\daemon,pid=10824,idleTimeout=10800000,priority=NORMAL,applyInstrumentationAgent=true,daemonOpts=--add-opens=java.base/java.util=ALL-UNNAMED,--add-opens=java.base/java.lang=ALL-UNNAMED,--add-opens=java.base/java.lang.invoke=ALL-UNNAMED,--add-opens=java.prefs/java.util.prefs=ALL-UNNAMED,--add-opens=java.base/java.nio.charset=ALL-UNNAMED,--add-opens=java.base/java.net=ALL-UNNAMED,--add-opens=java.base/java.util.concurrent.atomic=ALL-UNNAMED,-XX:MaxMetaspaceSize=384m,-XX:+HeapDumpOnOutOfMemoryError,-Xms256m,-Xmx512m,-Dfile.encoding=windows-1252,-Duser.country=US,-Duser.language=en,-Duser.variant]
2023-11-18T14:51:09.237+0400 [DEBUG] [org.gradle.internal.remote.internal.inet.InetAddresses] Adding IP addresses for network interface Software Loopback Interface 1
2023-11-18T14:51:09.240+0400 [DEBUG] [org.gradle.internal.remote.internal.inet.InetAddresses] Is this a loopback interface? true
2023-11-18T14:51:09.240+0400 [DEBUG] [org.gradle.internal.remote.internal.inet.InetAddresses] Adding loopback address /127.0.0.1
2023-11-18T14:51:09.241+0400 [DEBUG] [org.gradle.internal.remote.internal.inet.InetAddresses] Adding loopback address /0:0:0:0:0:0:0:1
2023-11-18T14:51:09.241+0400 [DEBUG] [org.gradle.internal.remote.internal.inet.InetAddresses] Adding IP addresses for network interface Microsoft 6to4 Adapter
2023-11-18T14:51:09.245+0400 [DEBUG] [org.gradle.internal.remote.internal.inet.InetAddresses] Is this a loopback interface? false
2023-11-18T14:51:09.245+0400 [DEBUG] [org.gradle.internal.remote.internal.inet.InetAddresses] Adding IP addresses for network interface WAN Miniport (IP)
2023-11-18T14:51:09.249+0400 [DEBUG] [org.gradle.internal.remote.internal.inet.InetAddresses] Is this a loopback interface? false
2023-11-18T14:51:09.249+0400 [DEBUG] [org.gradle.internal.remote.internal.inet.InetAddresses] Adding IP addresses for network interface Microsoft IP-HTTPS Platform Adapter
2023-11-18T14:51:09.254+0400 [DEBUG] [org.gradle.internal.remote.internal.inet.InetAddresses] Is this a loopback interface? false
2023-11-18T14:51:09.254+0400 [DEBUG] [org.gradle.internal.remote.internal.inet.InetAddresses] Adding IP addresses for network interface WAN Miniport (L2TP)
2023-11-18T14:51:09.259+0400 [DEBUG] [org.gradle.internal.remote.internal.inet.InetAddresses] Is this a loopback interface? false
2023-11-18T14:51:09.259+0400 [DEBUG] [org.gradle.internal.remote.internal.inet.InetAddresses] Adding IP addresses for network interface WAN Miniport (PPPOE)
2023-11-18T14:51:09.262+0400 [DEBUG] [org.gradle.internal.remote.internal.inet.InetAddresses] Is this a loopback interface? false
2023-11-18T14:51:09.263+0400 [DEBUG] [org.gradle.internal.remote.internal.inet.InetAddresses] Adding IP addresses for network interface Microsoft Wi-Fi Direct Virtual Adapter
2023-11-18T14:51:09.266+0400 [DEBUG] [org.gradle.internal.remote.internal.inet.InetAddresses] Is this a loopback interface? false
2023-11-18T14:51:09.266+0400 [DEBUG] [org.gradle.internal.remote.internal.inet.InetAddresses] Adding IP addresses for network interface Hyper-V Virtual Switch Extension Adapter #2-Hyper-V Virtual Switch Extension Filter-0000
2023-11-18T14:51:09.270+0400 [DEBUG] [org.gradle.internal.remote.internal.inet.InetAddresses] Is this a loopback interface? false
2023-11-18T14:51:09.270+0400 [DEBUG] [org.gradle.internal.remote.internal.inet.InetAddresses] Adding IP addresses for network interface WAN Miniport (IPv6)
2023-11-18T14:51:09.276+0400 [DEBUG] [org.gradle.internal.remote.internal.inet.InetAddresses] Is this a loopback interface? false
2023-11-18T14:51:09.276+0400 [DEBUG] [org.gradle.internal.remote.internal.inet.InetAddresses] Adding IP addresses for network interface Microsoft Teredo Tunneling Adapter
2023-11-18T14:51:09.280+0400 [DEBUG] [org.gradle.internal.remote.internal.inet.InetAddresses] Is this a loopback interface? false
2023-11-18T14:51:09.280+0400 [DEBUG] [org.gradle.internal.remote.internal.inet.InetAddresses] Adding IP addresses for network interface Microsoft Wi-Fi Direct Virtual Adapter #3
2023-11-18T14:51:09.285+0400 [DEBUG] [org.gradle.internal.remote.internal.inet.InetAddresses] Is this a loopback interface? false
2023-11-18T14:51:09.285+0400 [DEBUG] [org.gradle.internal.remote.internal.inet.InetAddresses] Adding remote address /fe80:0:0:0:74b4:c4bb:23f1:14ee%wlan1
2023-11-18T14:51:09.286+0400 [DEBUG] [org.gradle.internal.remote.internal.inet.InetAddresses] Adding IP addresses for network interface VirtualBox Host-Only Ethernet Adapter
2023-11-18T14:51:09.290+0400 [DEBUG] [org.gradle.internal.remote.internal.inet.InetAddresses] Is this a loopback interface? false
2023-11-18T14:51:09.290+0400 [DEBUG] [org.gradle.internal.remote.internal.inet.InetAddresses] Adding remote address /192.168.56.1
2023-11-18T14:51:09.290+0400 [DEBUG] [org.gradle.internal.remote.internal.inet.InetAddresses] Adding remote address /fe80:0:0:0:40eb:7258:5781:3151%eth3
2023-11-18T14:51:09.291+0400 [DEBUG] [org.gradle.internal.remote.internal.inet.InetAddresses] Adding IP addresses for network interface Microsoft Kernel Debug Network Adapter
2023-11-18T14:51:09.295+0400 [DEBUG] [org.gradle.internal.remote.internal.inet.InetAddresses] Is this a loopback interface? false
2023-11-18T14:51:09.295+0400 [DEBUG] [org.gradle.internal.remote.internal.inet.InetAddresses] Adding IP addresses for network interface Microsoft Wi-Fi Direct Virtual Adapter #2
2023-11-18T14:51:09.299+0400 [DEBUG] [org.gradle.internal.remote.internal.inet.InetAddresses] Is this a loopback interface? false
2023-11-18T14:51:09.300+0400 [DEBUG] [org.gradle.internal.remote.internal.inet.InetAddresses] Adding IP addresses for network interface Bluetooth Device (Personal Area Network)
2023-11-18T14:51:09.303+0400 [DEBUG] [org.gradle.internal.remote.internal.inet.InetAddresses] Is this a loopback interface? false
2023-11-18T14:51:09.304+0400 [DEBUG] [org.gradle.internal.remote.internal.inet.InetAddresses] Adding remote address /fe80:0:0:0:bb59:97a2:2369:a911%eth5
2023-11-18T14:51:09.304+0400 [DEBUG] [org.gradle.internal.remote.internal.inet.InetAddresses] Adding IP addresses for network interface Intel(R) Wi-Fi 6 AX201 160MHz
2023-11-18T14:51:09.308+0400 [DEBUG] [org.gradle.internal.remote.internal.inet.InetAddresses] Is this a loopback interface? false
2023-11-18T14:51:09.309+0400 [DEBUG] [org.gradle.internal.remote.internal.inet.InetAddresses] Adding remote address /192.168.1.116
2023-11-18T14:51:09.309+0400 [DEBUG] [org.gradle.internal.remote.internal.inet.InetAddresses] Adding remote address /fe80:0:0:0:f542:b92c:c215:edf%wlan3
2023-11-18T14:51:09.309+0400 [DEBUG] [org.gradle.internal.remote.internal.inet.InetAddresses] Adding IP addresses for network interface WAN Miniport (SSTP)
2023-11-18T14:51:09.313+0400 [DEBUG] [org.gradle.internal.remote.internal.inet.InetAddresses] Is this a loopback interface? false
2023-11-18T14:51:09.313+0400 [DEBUG] [org.gradle.internal.remote.internal.inet.InetAddresses] Adding IP addresses for network interface WAN Miniport (IKEv2)
2023-11-18T14:51:09.318+0400 [DEBUG] [org.gradle.internal.remote.internal.inet.InetAddresses] Is this a loopback interface? false
2023-11-18T14:51:09.319+0400 [DEBUG] [org.gradle.internal.remote.internal.inet.InetAddresses] Adding IP addresses for network interface Microsoft Wi-Fi Direct Virtual Adapter #4
2023-11-18T14:51:09.325+0400 [DEBUG] [org.gradle.internal.remote.internal.inet.InetAddresses] Is this a loopback interface? false
2023-11-18T14:51:09.325+0400 [DEBUG] [org.gradle.internal.remote.internal.inet.InetAddresses] Adding remote address /fe80:0:0:0:34d6:2de6:9347:d50d%wlan4
2023-11-18T14:51:09.325+0400 [DEBUG] [org.gradle.internal.remote.internal.inet.InetAddresses] Adding IP addresses for network interface Realtek PCIe GbE Family Controller
2023-11-18T14:51:09.329+0400 [DEBUG] [org.gradle.internal.remote.internal.inet.InetAddresses] Is this a loopback interface? false
2023-11-18T14:51:09.329+0400 [DEBUG] [org.gradle.internal.remote.internal.inet.InetAddresses] Adding remote address /fe80:0:0:0:75ef:ba06:85d8:745f%eth6
2023-11-18T14:51:09.329+0400 [DEBUG] [org.gradle.internal.remote.internal.inet.InetAddresses] Adding IP addresses for network interface WAN Miniport (PPTP)
2023-11-18T14:51:09.332+0400 [DEBUG] [org.gradle.internal.remote.internal.inet.InetAddresses] Is this a loopback interface? false
2023-11-18T14:51:09.333+0400 [DEBUG] [org.gradle.internal.remote.internal.inet.InetAddresses] Adding IP addresses for network interface WAN Miniport (Network Monitor)
2023-11-18T14:51:09.336+0400 [DEBUG] [org.gradle.internal.remote.internal.inet.InetAddresses] Is this a loopback interface? false
2023-11-18T14:51:09.336+0400 [DEBUG] [org.gradle.internal.remote.internal.inet.InetAddresses] Adding IP addresses for network interface Hyper-V Virtual Switch Extension Adapter
2023-11-18T14:51:09.339+0400 [DEBUG] [org.gradle.internal.remote.internal.inet.InetAddresses] Is this a loopback interface? false
2023-11-18T14:51:09.339+0400 [DEBUG] [org.gradle.internal.remote.internal.inet.InetAddresses] Adding IP addresses for network interface VirtualBox Host-Only Ethernet Adapter #2
2023-11-18T14:51:09.342+0400 [DEBUG] [org.gradle.internal.remote.internal.inet.InetAddresses] Is this a loopback interface? false
2023-11-18T14:51:09.342+0400 [DEBUG] [org.gradle.internal.remote.internal.inet.InetAddresses] Adding remote address /192.168.179.1
2023-11-18T14:51:09.342+0400 [DEBUG] [org.gradle.internal.remote.internal.inet.InetAddresses] Adding remote address /fe80:0:0:0:278b:4e18:8e65:a12%eth9
2023-11-18T14:51:09.343+0400 [DEBUG] [org.gradle.internal.remote.internal.inet.InetAddresses] Adding IP addresses for network interface Hyper-V Virtual Switch Extension Adapter-Hyper-V Virtual Switch Extension Filter-0000
2023-11-18T14:51:09.346+0400 [DEBUG] [org.gradle.internal.remote.internal.inet.InetAddresses] Is this a loopback interface? false
2023-11-18T14:51:09.346+0400 [DEBUG] [org.gradle.internal.remote.internal.inet.InetAddresses] Adding IP addresses for network interface Hyper-V Virtual Ethernet Adapter
2023-11-18T14:51:09.350+0400 [DEBUG] [org.gradle.internal.remote.internal.inet.InetAddresses] Is this a loopback interface? false
2023-11-18T14:51:09.350+0400 [DEBUG] [org.gradle.internal.remote.internal.inet.InetAddresses] Adding remote address /172.22.80.1
2023-11-18T14:51:09.350+0400 [DEBUG] [org.gradle.internal.remote.internal.inet.InetAddresses] Adding remote address /fe80:0:0:0:6840:90a9:c53f:c78b%eth11
2023-11-18T14:51:09.350+0400 [DEBUG] [org.gradle.internal.remote.internal.inet.InetAddresses] Adding IP addresses for network interface Hyper-V Virtual Ethernet Adapter-WFP Native MAC Layer LightWeight Filter-0000
2023-11-18T14:51:09.353+0400 [DEBUG] [org.gradle.internal.remote.internal.inet.InetAddresses] Is this a loopback interface? false
2023-11-18T14:51:09.354+0400 [DEBUG] [org.gradle.internal.remote.internal.inet.InetAddresses] Adding IP addresses for network interface Hyper-V Virtual Ethernet Adapter-VirtualBox NDIS Light-Weight Filter-0000
2023-11-18T14:51:09.356+0400 [DEBUG] [org.gradle.internal.remote.internal.inet.InetAddresses] Is this a loopback interface? false
2023-11-18T14:51:09.357+0400 [DEBUG] [org.gradle.internal.remote.internal.inet.InetAddresses] Adding IP addresses for network interface VirtualBox Host-Only Ethernet Adapter-WFP Native MAC Layer LightWeight Filter-0000
2023-11-18T14:51:09.360+0400 [DEBUG] [org.gradle.internal.remote.internal.inet.InetAddresses] Is this a loopback interface? false
2023-11-18T14:51:09.360+0400 [DEBUG] [org.gradle.internal.remote.internal.inet.InetAddresses] Adding IP addresses for network interface VirtualBox Host-Only Ethernet Adapter-QoS Packet Scheduler-0000
2023-11-18T14:51:09.363+0400 [DEBUG] [org.gradle.internal.remote.internal.inet.InetAddresses] Is this a loopback interface? false
2023-11-18T14:51:09.363+0400 [DEBUG] [org.gradle.internal.remote.internal.inet.InetAddresses] Adding IP addresses for network interface VirtualBox Host-Only Ethernet Adapter-WFP 802.3 MAC Layer LightWeight Filter-0000
2023-11-18T14:51:09.366+0400 [DEBUG] [org.gradle.internal.remote.internal.inet.InetAddresses] Is this a loopback interface? false
2023-11-18T14:51:09.366+0400 [DEBUG] [org.gradle.internal.remote.internal.inet.InetAddresses] Adding IP addresses for network interface VirtualBox Host-Only Ethernet Adapter #2-WFP Native MAC Layer LightWeight Filter-0000
2023-11-18T14:51:09.370+0400 [DEBUG] [org.gradle.internal.remote.internal.inet.InetAddresses] Is this a loopback interface? false
2023-11-18T14:51:09.370+0400 [DEBUG] [org.gradle.internal.remote.internal.inet.InetAddresses] Adding IP addresses for network interface VirtualBox Host-Only Ethernet Adapter #2-QoS Packet Scheduler-0000
2023-11-18T14:51:09.373+0400 [DEBUG] [org.gradle.internal.remote.internal.inet.InetAddresses] Is this a loopback interface? false
2023-11-18T14:51:09.373+0400 [DEBUG] [org.gradle.internal.remote.internal.inet.InetAddresses] Adding IP addresses for network interface VirtualBox Host-Only Ethernet Adapter #2-WFP 802.3 MAC Layer LightWeight Filter-0000
2023-11-18T14:51:09.376+0400 [DEBUG] [org.gradle.internal.remote.internal.inet.InetAddresses] Is this a loopback interface? false
2023-11-18T14:51:09.376+0400 [DEBUG] [org.gradle.internal.remote.internal.inet.InetAddresses] Adding IP addresses for network interface Microsoft Wi-Fi Direct Virtual Adapter #3-WFP Native MAC Layer LightWeight Filter-0000
2023-11-18T14:51:09.380+0400 [DEBUG] [org.gradle.internal.remote.internal.inet.InetAddresses] Is this a loopback interface? false
2023-11-18T14:51:09.380+0400 [DEBUG] [org.gradle.internal.remote.internal.inet.InetAddresses] Adding IP addresses for network interface Realtek PCIe GbE Family Controller-WFP Native MAC Layer LightWeight Filter-0000
2023-11-18T14:51:09.385+0400 [DEBUG] [org.gradle.internal.remote.internal.inet.InetAddresses] Is this a loopback interface? false
2023-11-18T14:51:09.385+0400 [DEBUG] [org.gradle.internal.remote.internal.inet.InetAddresses] Adding IP addresses for network interface Realtek PCIe GbE Family Controller-VirtualBox NDIS Light-Weight Filter-0000
2023-11-18T14:51:09.388+0400 [DEBUG] [org.gradle.internal.remote.internal.inet.InetAddresses] Is this a loopback interface? false
2023-11-18T14:51:09.389+0400 [DEBUG] [org.gradle.internal.remote.internal.inet.InetAddresses] Adding IP addresses for network interface Realtek PCIe GbE Family Controller-QoS Packet Scheduler-0000
2023-11-18T14:51:09.392+0400 [DEBUG] [org.gradle.internal.remote.internal.inet.InetAddresses] Is this a loopback interface? false
2023-11-18T14:51:09.392+0400 [DEBUG] [org.gradle.internal.remote.internal.inet.InetAddresses] Adding IP addresses for network interface Realtek PCIe GbE Family Controller-WFP 802.3 MAC Layer LightWeight Filter-0000
2023-11-18T14:51:09.395+0400 [DEBUG] [org.gradle.internal.remote.internal.inet.InetAddresses] Is this a loopback interface? false
2023-11-18T14:51:09.396+0400 [DEBUG] [org.gradle.internal.remote.internal.inet.InetAddresses] Adding IP addresses for network interface Intel(R) Wi-Fi 6 AX201 160MHz-WFP Native MAC Layer LightWeight Filter-0000
2023-11-18T14:51:09.400+0400 [DEBUG] [org.gradle.internal.remote.internal.inet.InetAddresses] Is this a loopback interface? false
2023-11-18T14:51:09.400+0400 [DEBUG] [org.gradle.internal.remote.internal.inet.InetAddresses] Adding IP addresses for network interface Intel(R) Wi-Fi 6 AX201 160MHz-Virtual WiFi Filter Driver-0000
2023-11-18T14:51:09.404+0400 [DEBUG] [org.gradle.internal.remote.internal.inet.InetAddresses] Is this a loopback interface? false
2023-11-18T14:51:09.404+0400 [DEBUG] [org.gradle.internal.remote.internal.inet.InetAddresses] Adding IP addresses for network interface Intel(R) Wi-Fi 6 AX201 160MHz-Native WiFi Filter Driver-0000
2023-11-18T14:51:09.408+0400 [DEBUG] [org.gradle.internal.remote.internal.inet.InetAddresses] Is this a loopback interface? false
2023-11-18T14:51:09.409+0400 [DEBUG] [org.gradle.internal.remote.internal.inet.InetAddresses] Adding IP addresses for network interface Intel(R) Wi-Fi 6 AX201 160MHz-VirtualBox NDIS Light-Weight Filter-0000
2023-11-18T14:51:09.413+0400 [DEBUG] [org.gradle.internal.remote.internal.inet.InetAddresses] Is this a loopback interface? false
2023-11-18T14:51:09.414+0400 [DEBUG] [org.gradle.internal.remote.internal.inet.InetAddresses] Adding IP addresses for network interface Intel(R) Wi-Fi 6 AX201 160MHz-QoS Packet Scheduler-0000
2023-11-18T14:51:09.419+0400 [DEBUG] [org.gradle.internal.remote.internal.inet.InetAddresses] Is this a loopback interface? false
2023-11-18T14:51:09.419+0400 [DEBUG] [org.gradle.internal.remote.internal.inet.InetAddresses] Adding IP addresses for network interface Intel(R) Wi-Fi 6 AX201 160MHz-WFP 802.3 MAC Layer LightWeight Filter-0000
2023-11-18T14:51:09.422+0400 [DEBUG] [org.gradle.internal.remote.internal.inet.InetAddresses] Is this a loopback interface? false
2023-11-18T14:51:09.422+0400 [DEBUG] [org.gradle.internal.remote.internal.inet.InetAddresses] Adding IP addresses for network interface WAN Miniport (IP)-WFP Native MAC Layer LightWeight Filter-0000
2023-11-18T14:51:09.425+0400 [DEBUG] [org.gradle.internal.remote.internal.inet.InetAddresses] Is this a loopback interface? false
2023-11-18T14:51:09.425+0400 [DEBUG] [org.gradle.internal.remote.internal.inet.InetAddresses] Adding IP addresses for network interface WAN Miniport (IP)-QoS Packet Scheduler-0000
2023-11-18T14:51:09.431+0400 [DEBUG] [org.gradle.internal.remote.internal.inet.InetAddresses] Is this a loopback interface? false
2023-11-18T14:51:09.432+0400 [DEBUG] [org.gradle.internal.remote.internal.inet.InetAddresses] Adding IP addresses for network interface WAN Miniport (IPv6)-WFP Native MAC Layer LightWeight Filter-0000
2023-11-18T14:51:09.436+0400 [DEBUG] [org.gradle.internal.remote.internal.inet.InetAddresses] Is this a loopback interface? false
2023-11-18T14:51:09.436+0400 [DEBUG] [org.gradle.internal.remote.internal.inet.InetAddresses] Adding IP addresses for network interface WAN Miniport (IPv6)-QoS Packet Scheduler-0000
2023-11-18T14:51:09.440+0400 [DEBUG] [org.gradle.internal.remote.internal.inet.InetAddresses] Is this a loopback interface? false
2023-11-18T14:51:09.440+0400 [DEBUG] [org.gradle.internal.remote.internal.inet.InetAddresses] Adding IP addresses for network interface WAN Miniport (Network Monitor)-WFP Native MAC Layer LightWeight Filter-0000
2023-11-18T14:51:09.443+0400 [DEBUG] [org.gradle.internal.remote.internal.inet.InetAddresses] Is this a loopback interface? false
2023-11-18T14:51:09.443+0400 [DEBUG] [org.gradle.internal.remote.internal.inet.InetAddresses] Adding IP addresses for network interface WAN Miniport (Network Monitor)-QoS Packet Scheduler-0000
2023-11-18T14:51:09.447+0400 [DEBUG] [org.gradle.internal.remote.internal.inet.InetAddresses] Is this a loopback interface? false
2023-11-18T14:51:09.447+0400 [DEBUG] [org.gradle.internal.remote.internal.inet.InetAddresses] Adding IP addresses for network interface Microsoft Wi-Fi Direct Virtual Adapter #3-Native WiFi Filter Driver-0000
2023-11-18T14:51:09.451+0400 [DEBUG] [org.gradle.internal.remote.internal.inet.InetAddresses] Is this a loopback interface? false
2023-11-18T14:51:09.451+0400 [DEBUG] [org.gradle.internal.remote.internal.inet.InetAddresses] Adding IP addresses for network interface Microsoft Wi-Fi Direct Virtual Adapter #3-VirtualBox NDIS Light-Weight Filter-0000
2023-11-18T14:51:09.455+0400 [DEBUG] [org.gradle.internal.remote.internal.inet.InetAddresses] Is this a loopback interface? false
2023-11-18T14:51:09.455+0400 [DEBUG] [org.gradle.internal.remote.internal.inet.InetAddresses] Adding IP addresses for network interface Microsoft Wi-Fi Direct Virtual Adapter #3-QoS Packet Scheduler-0000
2023-11-18T14:51:09.460+0400 [DEBUG] [org.gradle.internal.remote.internal.inet.InetAddresses] Is this a loopback interface? false
2023-11-18T14:51:09.460+0400 [DEBUG] [org.gradle.internal.remote.internal.inet.InetAddresses] Adding IP addresses for network interface Hyper-V Virtual Ethernet Adapter-QoS Packet Scheduler-0000
2023-11-18T14:51:09.463+0400 [DEBUG] [org.gradle.internal.remote.internal.inet.InetAddresses] Is this a loopback interface? false
2023-11-18T14:51:09.464+0400 [DEBUG] [org.gradle.internal.remote.internal.inet.InetAddresses] Adding IP addresses for network interface Hyper-V Virtual Ethernet Adapter-WFP 802.3 MAC Layer LightWeight Filter-0000
2023-11-18T14:51:09.468+0400 [DEBUG] [org.gradle.internal.remote.internal.inet.InetAddresses] Is this a loopback interface? false
2023-11-18T14:51:09.468+0400 [DEBUG] [org.gradle.internal.remote.internal.inet.InetAddresses] Adding IP addresses for network interface Microsoft Wi-Fi Direct Virtual Adapter #3-WFP 802.3 MAC Layer LightWeight Filter-0000
2023-11-18T14:51:09.472+0400 [DEBUG] [org.gradle.internal.remote.internal.inet.InetAddresses] Is this a loopback interface? false
2023-11-18T14:51:09.472+0400 [DEBUG] [org.gradle.internal.remote.internal.inet.InetAddresses] Adding IP addresses for network interface Microsoft Wi-Fi Direct Virtual Adapter #4-WFP Native MAC Layer LightWeight Filter-0000
2023-11-18T14:51:09.477+0400 [DEBUG] [org.gradle.internal.remote.internal.inet.InetAddresses] Is this a loopback interface? false
2023-11-18T14:51:09.478+0400 [DEBUG] [org.gradle.internal.remote.internal.inet.InetAddresses] Adding IP addresses for network interface Microsoft Wi-Fi Direct Virtual Adapter #4-Native WiFi Filter Driver-0000
2023-11-18T14:51:09.484+0400 [DEBUG] [org.gradle.internal.remote.internal.inet.InetAddresses] Is this a loopback interface? false
2023-11-18T14:51:09.485+0400 [DEBUG] [org.gradle.internal.remote.internal.inet.InetAddresses] Adding IP addresses for network interface Microsoft Wi-Fi Direct Virtual Adapter #4-VirtualBox NDIS Light-Weight Filter-0000
2023-11-18T14:51:09.489+0400 [DEBUG] [org.gradle.internal.remote.internal.inet.InetAddresses] Is this a loopback interface? false
2023-11-18T14:51:09.490+0400 [DEBUG] [org.gradle.internal.remote.internal.inet.InetAddresses] Adding IP addresses for network interface Microsoft Wi-Fi Direct Virtual Adapter #4-QoS Packet Scheduler-0000
2023-11-18T14:51:09.493+0400 [DEBUG] [org.gradle.internal.remote.internal.inet.InetAddresses] Is this a loopback interface? false
2023-11-18T14:51:09.494+0400 [DEBUG] [org.gradle.internal.remote.internal.inet.InetAddresses] Adding IP addresses for network interface Hyper-V Virtual Switch Extension Adapter #2
2023-11-18T14:51:09.499+0400 [DEBUG] [org.gradle.internal.remote.internal.inet.InetAddresses] Is this a loopback interface? false
2023-11-18T14:51:09.500+0400 [DEBUG] [org.gradle.internal.remote.internal.inet.InetAddresses] Adding IP addresses for network interface Microsoft Wi-Fi Direct Virtual Adapter #4-WFP 802.3 MAC Layer LightWeight Filter-0000
2023-11-18T14:51:09.504+0400 [DEBUG] [org.gradle.internal.remote.internal.inet.InetAddresses] Is this a loopback interface? false
2023-11-18T14:51:09.504+0400 [DEBUG] [org.gradle.internal.remote.internal.inet.InetAddresses] Adding IP addresses for network interface Hyper-V Virtual Ethernet Adapter #2
2023-11-18T14:51:09.508+0400 [DEBUG] [org.gradle.internal.remote.internal.inet.InetAddresses] Is this a loopback interface? false
2023-11-18T14:51:09.508+0400 [DEBUG] [org.gradle.internal.remote.internal.inet.InetAddresses] Adding remote address /172.21.192.1
2023-11-18T14:51:09.508+0400 [DEBUG] [org.gradle.internal.remote.internal.inet.InetAddresses] Adding remote address /fe80:0:0:0:20db:e272:248a:bf91%eth33
2023-11-18T14:51:09.508+0400 [DEBUG] [org.gradle.internal.remote.internal.inet.InetAddresses] Adding IP addresses for network interface Hyper-V Virtual Ethernet Adapter #2-WFP Native MAC Layer LightWeight Filter-0000
2023-11-18T14:51:09.512+0400 [DEBUG] [org.gradle.internal.remote.internal.inet.InetAddresses] Is this a loopback interface? false
2023-11-18T14:51:09.513+0400 [DEBUG] [org.gradle.internal.remote.internal.inet.InetAddresses] Adding IP addresses for network interface Hyper-V Virtual Ethernet Adapter #2-VirtualBox NDIS Light-Weight Filter-0000
2023-11-18T14:51:09.518+0400 [DEBUG] [org.gradle.internal.remote.internal.inet.InetAddresses] Is this a loopback interface? false
2023-11-18T14:51:09.519+0400 [DEBUG] [org.gradle.internal.remote.internal.inet.InetAddresses] Adding IP addresses for network interface Hyper-V Virtual Ethernet Adapter #2-QoS Packet Scheduler-0000
2023-11-18T14:51:09.522+0400 [DEBUG] [org.gradle.internal.remote.internal.inet.InetAddresses] Is this a loopback interface? false
2023-11-18T14:51:09.524+0400 [DEBUG] [org.gradle.internal.remote.internal.inet.InetAddresses] Adding IP addresses for network interface Hyper-V Virtual Ethernet Adapter #2-WFP 802.3 MAC Layer LightWeight Filter-0000
2023-11-18T14:51:09.529+0400 [DEBUG] [org.gradle.internal.remote.internal.inet.InetAddresses] Is this a loopback interface? false
2023-11-18T14:51:09.529+0400 [DEBUG] [org.gradle.internal.remote.internal.inet.InetAddresses] Adding IP addresses for network interface Hyper-V Virtual Switch Extension Adapter #3
2023-11-18T14:51:09.533+0400 [DEBUG] [org.gradle.internal.remote.internal.inet.InetAddresses] Is this a loopback interface? false
2023-11-18T14:51:09.534+0400 [DEBUG] [org.gradle.internal.remote.internal.inet.InetAddresses] Adding IP addresses for network interface Hyper-V Virtual Switch Extension Adapter #3-Hyper-V Virtual Switch Extension Filter-0000
2023-11-18T14:51:09.537+0400 [DEBUG] [org.gradle.internal.remote.internal.inet.InetAddresses] Is this a loopback interface? false
2023-11-18T14:51:09.538+0400 [DEBUG] [org.gradle.internal.remote.internal.inet.InetAddresses] Adding IP addresses for network interface Hyper-V Virtual Switch Extension Adapter #3-Virtual Filtering Platform VMSwitch Extension-0000
2023-11-18T14:51:09.542+0400 [DEBUG] [org.gradle.internal.remote.internal.inet.InetAddresses] Is this a loopback interface? false
2023-11-18T14:51:09.542+0400 [DEBUG] [org.gradle.internal.remote.internal.inet.InetAddresses] Adding IP addresses for network interface Hyper-V Virtual Ethernet Adapter #3
2023-11-18T14:51:09.545+0400 [DEBUG] [org.gradle.internal.remote.internal.inet.InetAddresses] Is this a loopback interface? false
2023-11-18T14:51:09.546+0400 [DEBUG] [org.gradle.internal.remote.internal.inet.InetAddresses] Adding remote address /172.21.64.1
2023-11-18T14:51:09.546+0400 [DEBUG] [org.gradle.internal.remote.internal.inet.InetAddresses] Adding remote address /fe80:0:0:0:dad4:74f5:667a:9be9%eth41
2023-11-18T14:51:09.546+0400 [DEBUG] [org.gradle.internal.remote.internal.inet.InetAddresses] Adding IP addresses for network interface Hyper-V Virtual Ethernet Adapter #3-WFP Native MAC Layer LightWeight Filter-0000
2023-11-18T14:51:09.549+0400 [DEBUG] [org.gradle.internal.remote.internal.inet.InetAddresses] Is this a loopback interface? false
2023-11-18T14:51:09.549+0400 [DEBUG] [org.gradle.internal.remote.internal.inet.InetAddresses] Adding IP addresses for network interface Hyper-V Virtual Ethernet Adapter #3-VirtualBox NDIS Light-Weight Filter-0000
2023-11-18T14:51:09.553+0400 [DEBUG] [org.gradle.internal.remote.internal.inet.InetAddresses] Is this a loopback interface? false
2023-11-18T14:51:09.553+0400 [DEBUG] [org.gradle.internal.remote.internal.inet.InetAddresses] Adding IP addresses for network interface Hyper-V Virtual Ethernet Adapter #3-QoS Packet Scheduler-0000
2023-11-18T14:51:09.557+0400 [DEBUG] [org.gradle.internal.remote.internal.inet.InetAddresses] Is this a loopback interface? false
2023-11-18T14:51:09.557+0400 [DEBUG] [org.gradle.internal.remote.internal.inet.InetAddresses] Adding IP addresses for network interface Hyper-V Virtual Ethernet Adapter #3-WFP 802.3 MAC Layer LightWeight Filter-0000
2023-11-18T14:51:09.561+0400 [DEBUG] [org.gradle.internal.remote.internal.inet.InetAddresses] Is this a loopback interface? false
2023-11-18T14:51:09.574+0400 [DEBUG] [org.gradle.internal.remote.internal.inet.TcpIncomingConnector] Listening on [47bfd0d4-c3be-4368-a3db-2a6853f7d781 port:53727, addresses:[localhost/127.0.0.1]].
2023-11-18T14:51:09.596+0400 [DEBUG] [org.gradle.launcher.daemon.server.Daemon] Daemon starting at: Sat Nov 18 14:51:09 AZT 2023, with address: [47bfd0d4-c3be-4368-a3db-2a6853f7d781 port:53727, addresses:[localhost/127.0.0.1]]
2023-11-18T14:51:09.596+0400 [INFO] [org.gradle.launcher.daemon.server.DaemonRegistryUpdater] Advertising the daemon address to the clients: [47bfd0d4-c3be-4368-a3db-2a6853f7d781 port:53727, addresses:[localhost/127.0.0.1]]
2023-11-18T14:51:09.596+0400 [DEBUG] [org.gradle.launcher.daemon.server.DaemonRegistryUpdater] Advertised daemon context: DefaultDaemonContext[uid=4e6211e5-f51a-4321-b642-1c9955bf801b,javaHome=C:\Program Files\Java\jdk-17,daemonRegistryDir=C:\Users\Rufet\IdeaProjects\PaymentApp\daemon,pid=10824,idleTimeout=10800000,priority=NORMAL,applyInstrumentationAgent=true,daemonOpts=--add-opens=java.base/java.util=ALL-UNNAMED,--add-opens=java.base/java.lang=ALL-UNNAMED,--add-opens=java.base/java.lang.invoke=ALL-UNNAMED,--add-opens=java.prefs/java.util.prefs=ALL-UNNAMED,--add-opens=java.base/java.nio.charset=ALL-UNNAMED,--add-opens=java.base/java.net=ALL-UNNAMED,--add-opens=java.base/java.util.concurrent.atomic=ALL-UNNAMED,-XX:MaxMetaspaceSize=384m,-XX:+HeapDumpOnOutOfMemoryError,-Xms256m,-Xmx512m,-Dfile.encoding=windows-1252,-Duser.country=US,-Duser.language=en,-Duser.variant]
2023-11-18T14:51:09.597+0400 [DEBUG] [org.gradle.launcher.daemon.registry.PersistentDaemonRegistry] Storing daemon address: [47bfd0d4-c3be-4368-a3db-2a6853f7d781 port:53727, addresses:[localhost/127.0.0.1]], context: DefaultDaemonContext[uid=4e6211e5-f51a-4321-b642-1c9955bf801b,javaHome=C:\Program Files\Java\jdk-17,daemonRegistryDir=C:\Users\Rufet\IdeaProjects\PaymentApp\daemon,pid=10824,idleTimeout=10800000,priority=NORMAL,applyInstrumentationAgent=true,daemonOpts=--add-opens=java.base/java.util=ALL-UNNAMED,--add-opens=java.base/java.lang=ALL-UNNAMED,--add-opens=java.base/java.lang.invoke=ALL-UNNAMED,--add-opens=java.prefs/java.util.prefs=ALL-UNNAMED,--add-opens=java.base/java.nio.charset=ALL-UNNAMED,--add-opens=java.base/java.net=ALL-UNNAMED,--add-opens=java.base/java.util.concurrent.atomic=ALL-UNNAMED,-XX:MaxMetaspaceSize=384m,-XX:+HeapDumpOnOutOfMemoryError,-Xms256m,-Xmx512m,-Dfile.encoding=windows-1252,-Duser.country=US,-Duser.language=en,-Duser.variant]
2023-11-18T14:51:09.616+0400 [DEBUG] [org.gradle.cache.internal.DefaultFileLockManager] Waiting to acquire exclusive lock on daemon addresses registry.
2023-11-18T14:51:09.621+0400 [DEBUG] [org.gradle.cache.internal.DefaultFileLockManager] Lock acquired on daemon addresses registry.
2023-11-18T14:51:09.627+0400 [DEBUG] [org.gradle.cache.internal.DefaultFileLockManager] Releasing lock on daemon addresses registry.
2023-11-18T14:51:09.627+0400 [LIFECYCLE] [org.gradle.launcher.daemon.server.Daemon] Daemon server started.
2023-11-18T14:51:09.629+0400 [DEBUG] [org.gradle.launcher.daemon.bootstrap.DaemonStartupCommunication] Completed writing the daemon greeting. Closing streams...
2023-11-18T14:51:09.637+0400 [DEBUG] [org.gradle.launcher.daemon.server.Daemon] stopOnExpiration() called on daemon
2023-11-18T14:51:09.638+0400 [DEBUG] [org.gradle.launcher.daemon.server.Daemon] awaitExpiration() called on daemon
2023-11-18T14:51:09.639+0400 [DEBUG] [org.gradle.launcher.daemon.server.DaemonStateCoordinator] daemon is running. Sleeping until state changes.
2023-11-18T14:51:09.645+0400 [DEBUG] [org.gradle.internal.remote.internal.inet.TcpIncomingConnector] Accepted connection from /127.0.0.1:53728 to /127.0.0.1:53727.
2023-11-18T14:51:09.733+0400 [DEBUG] [org.gradle.launcher.daemon.server.SynchronizedDispatchConnection] thread 22: received class org.gradle.launcher.daemon.protocol.Build
2023-11-18T14:51:09.734+0400 [DEBUG] [org.gradle.launcher.daemon.server.DefaultDaemonConnection] thread 22: Received non-IO message from client: Build{id=b1595419-75ac-4a67-a645-a1f6f7acdbd6, currentDir=C:\Users\Rufet\IdeaProjects\Booking}
2023-11-18T14:51:09.734+0400 [INFO] [org.gradle.launcher.daemon.server.DefaultIncomingConnectionHandler] Received command: Build{id=b1595419-75ac-4a67-a645-a1f6f7acdbd6, currentDir=C:\Users\Rufet\IdeaProjects\Booking}.
2023-11-18T14:51:09.734+0400 [DEBUG] [org.gradle.launcher.daemon.server.DefaultIncomingConnectionHandler] Starting executing command: Build{id=b1595419-75ac-4a67-a645-a1f6f7acdbd6, currentDir=C:\Users\Rufet\IdeaProjects\Booking} with connection: socket connection from /127.0.0.1:53727 to /127.0.0.1:53728.
2023-11-18T14:51:09.737+0400 [DEBUG] [org.gradle.launcher.daemon.server.DaemonStateCoordinator] Command execution: started DaemonCommandExecution[command = Build{id=b1595419-75ac-4a67-a645-a1f6f7acdbd6, currentDir=C:\Users\Rufet\IdeaProjects\Booking}, connection = DefaultDaemonConnection: socket connection from /127.0.0.1:53727 to /127.0.0.1:53728] after 0.0 minutes of idle
2023-11-18T14:51:09.737+0400 [INFO] [org.gradle.launcher.daemon.server.DaemonRegistryUpdater] Marking the daemon as busy, address: [47bfd0d4-c3be-4368-a3db-2a6853f7d781 port:53727, addresses:[localhost/127.0.0.1]]
2023-11-18T14:51:09.738+0400 [DEBUG] [org.gradle.launcher.daemon.registry.PersistentDaemonRegistry] Marking busy by address: [47bfd0d4-c3be-4368-a3db-2a6853f7d781 port:53727, addresses:[localhost/127.0.0.1]]
2023-11-18T14:51:09.739+0400 [DEBUG] [org.gradle.cache.internal.DefaultFileLockManager] Waiting to acquire exclusive lock on daemon addresses registry.
2023-11-18T14:51:09.740+0400 [DEBUG] [org.gradle.cache.internal.DefaultFileLockManager] Lock acquired on daemon addresses registry.
2023-11-18T14:51:09.741+0400 [DEBUG] [org.gradle.cache.internal.DefaultFileLockManager] Releasing lock on daemon addresses registry.
2023-11-18T14:51:09.741+0400 [DEBUG] [org.gradle.launcher.daemon.server.DaemonStateCoordinator] resetting idle timer
2023-11-18T14:51:09.741+0400 [DEBUG] [org.gradle.launcher.daemon.server.DaemonStateCoordinator] daemon is running. Sleeping until state changes.
2023-11-18T14:51:09.742+0400 [INFO] [org.gradle.launcher.daemon.server.exec.StartBuildOrRespondWithBusy] Daemon is about to start building Build{id=b1595419-75ac-4a67-a645-a1f6f7acdbd6, currentDir=C:\Users\Rufet\IdeaProjects\Booking}. Dispatching build started information...
2023-11-18T14:51:09.742+0400 [DEBUG] [org.gradle.launcher.daemon.server.SynchronizedDispatchConnection] thread 24: dispatching org.gradle.launcher.daemon.protocol.BuildStarted@1a495855
2023-11-18T14:51:09.745+0400 [DEBUG] [org.gradle.launcher.daemon.server.exec.EstablishBuildEnvironment] Configuring env variables: [USERDOMAIN_ROAMINGPROFILE, IGCCSVC_DB, LOCALAPPDATA, PROCESSOR_LEVEL, IntelliJ IDEA, USERDOMAIN, LOGONSERVER, FPS_BROWSER_APP_PROFILE_STRING, SESSIONNAME, ALLUSERSPROFILE, PROCESSOR_ARCHITECTURE, PSModulePath, SystemDrive, OneDrive, APPDATA, EFC_14868, USERNAME, ProgramFiles(x86), VBOX_MSI_INSTALL_PATH, CommonProgramFiles, Path, FPS_BROWSER_USER_PROFILE_STRING, PATHEXT, DriverData, OS, COMPUTERNAME, PROCESSOR_REVISION, CommonProgramW6432, ComSpec, ProgramData, ProgramW6432, TEMP, HOMEPATH, SystemRoot, PROCESSOR_IDENTIFIER, HOMEDRIVE, USERPROFILE, TMP, CommonProgramFiles(x86), ProgramFiles, PUBLIC, windir, NUMBER_OF_PROCESSORS, =::, IDEA_INITIAL_DIRECTORY, ZES_ENABLE_SYSMAN]
2023-11-18T14:51:09.751+0400 [DEBUG] [org.gradle.launcher.daemon.server.exec.LogToClient] About to start relaying all logs to the client via the connection.
2023-11-18T14:51:09.751+0400 [INFO] [org.gradle.launcher.daemon.server.exec.LogToClient] The client will now receive all logging from the daemon (pid: 10824). The daemon log file: C:\Users\Rufet\IdeaProjects\PaymentApp\daemon\8.3\daemon-10824.out.log
2023-11-18T14:51:09.754+0400 [INFO] [org.gradle.launcher.daemon.server.exec.LogAndCheckHealth] Starting build in new daemon [memory: 512 MiB]
2023-11-18T14:51:09.758+0400 [DEBUG] [org.gradle.launcher.daemon.server.exec.ExecuteBuild] The daemon has started executing the build.
2023-11-18T14:51:09.759+0400 [DEBUG] [org.gradle.launcher.daemon.server.exec.ExecuteBuild] Executing build with daemon context: DefaultDaemonContext[uid=4e6211e5-f51a-4321-b642-1c9955bf801b,javaHome=C:\Program Files\Java\jdk-17,daemonRegistryDir=C:\Users\Rufet\IdeaProjects\PaymentApp\daemon,pid=10824,idleTimeout=10800000,priority=NORMAL,applyInstrumentationAgent=true,daemonOpts=--add-opens=java.base/java.util=ALL-UNNAMED,--add-opens=java.base/java.lang=ALL-UNNAMED,--add-opens=java.base/java.lang.invoke=ALL-UNNAMED,--add-opens=java.prefs/java.util.prefs=ALL-UNNAMED,--add-opens=java.base/java.nio.charset=ALL-UNNAMED,--add-opens=java.base/java.net=ALL-UNNAMED,--add-opens=java.base/java.util.concurrent.atomic=ALL-UNNAMED,-XX:MaxMetaspaceSize=384m,-XX:+HeapDumpOnOutOfMemoryError,-Xms256m,-Xmx512m,-Dfile.encoding=windows-1252,-Duser.country=US,-Duser.language=en,-Duser.variant]
C:\Users\Rufet\IdeaProjects\Booking\src\main\java\az\booking\config\securityConfig\ApplicationSecurityConfig.java:9: warning: This method or constructor is empty; @SneakyThrows has been ignored.
    @SneakyThrows
    ^
Note: C:\Users\Rufet\IdeaProjects\Booking\src\main\java\az\booking\config\securityConfig\SecurityConfig.java uses or overrides a deprecated API.
Note: Recompile with -Xlint:deprecation for details.
Note: C:\Users\Rufet\IdeaProjects\Booking\src\main\java\az\booking\service\impl\BookingServiceImpl.java uses unchecked or unsafe operations.
Note: Recompile with -Xlint:unchecked for details.
1 warning

BUILD SUCCESSFUL in 21s
2 actionable tasks: 1 executed, 1 up-to-date
2023-11-18T14:51:25.536+0400 [DEBUG] [org.gradle.launcher.daemon.server.exec.ExecuteBuild] The daemon has finished executing the build.
2023-11-18T14:51:25.560+0400 [DEBUG] [org.gradle.launcher.daemon.server.DaemonStateCoordinator] daemon is running. Sleeping until state changes.
2023-11-18T14:51:25.561+0400 [DEBUG] [org.gradle.launcher.daemon.server.DaemonStateCoordinator] Command execution: finished waiting for DaemonCommandExecution[command = Build{id=b1595419-75ac-4a67-a645-a1f6f7acdbd6, currentDir=C:\Users\Rufet\IdeaProjects\Booking}, connection = DefaultDaemonConnection: socket connection from /127.0.0.1:53727 to /127.0.0.1:53728]. Result org.gradle.launcher.daemon.server.DaemonStateCoordinator@227c2c39 with state Busy
2023-11-18T14:51:25.561+0400 [DEBUG] [org.gradle.launcher.daemon.server.DaemonStateCoordinator] Command execution: completed DaemonCommandExecution[command = Build{id=b1595419-75ac-4a67-a645-a1f6f7acdbd6, currentDir=C:\Users\Rufet\IdeaProjects\Booking}, connection = DefaultDaemonConnection: socket connection from /127.0.0.1:53727 to /127.0.0.1:53728]
2023-11-18T14:51:25.561+0400 [DEBUG] [org.gradle.launcher.daemon.server.DaemonStateCoordinator] resetting idle timer
2023-11-18T14:51:25.561+0400 [INFO] [org.gradle.launcher.daemon.server.DaemonRegistryUpdater] Marking the daemon as idle, address: [47bfd0d4-c3be-4368-a3db-2a6853f7d781 port:53727, addresses:[localhost/127.0.0.1]]
2023-11-18T14:51:25.561+0400 [DEBUG] [org.gradle.launcher.daemon.registry.PersistentDaemonRegistry] Marking busy by address: [47bfd0d4-c3be-4368-a3db-2a6853f7d781 port:53727, addresses:[localhost/127.0.0.1]]
2023-11-18T14:51:25.563+0400 [DEBUG] [org.gradle.cache.internal.DefaultFileLockManager] Waiting to acquire exclusive lock on daemon addresses registry.
2023-11-18T14:51:25.564+0400 [DEBUG] [org.gradle.cache.internal.DefaultFileLockManager] Lock acquired on daemon addresses registry.
2023-11-18T14:51:25.566+0400 [DEBUG] [org.gradle.cache.internal.DefaultFileLockManager] Releasing lock on daemon addresses registry.
2023-11-18T14:51:25.568+0400 [DEBUG] [org.gradle.launcher.daemon.server.DaemonStateCoordinator] daemon is running. Sleeping until state changes.
2023-11-18T14:51:25.568+0400 [DEBUG] [org.gradle.launcher.daemon.server.exec.ReturnResult] Daemon is dispatching the build result: Success[value=org.gradle.launcher.exec.BuildActionResult@23cf8e86]
2023-11-18T14:51:25.569+0400 [DEBUG] [org.gradle.launcher.daemon.server.SynchronizedDispatchConnection] thread 21: dispatching Success[value=org.gradle.launcher.exec.BuildActionResult@23cf8e86]
2023-11-18T14:51:25.569+0400 [DEBUG] [org.gradle.launcher.daemon.server.DefaultIncomingConnectionHandler] Finishing executing command: Build{id=b1595419-75ac-4a67-a645-a1f6f7acdbd6, currentDir=C:\Users\Rufet\IdeaProjects\Booking}
2023-11-18T14:51:25.690+0400 [DEBUG] [org.gradle.launcher.daemon.server.SynchronizedDispatchConnection] thread 22: received class org.gradle.launcher.daemon.protocol.CloseInput
2023-11-18T14:51:25.690+0400 [DEBUG] [org.gradle.launcher.daemon.server.DefaultDaemonConnection] thread 22: Received IO message from client: org.gradle.launcher.daemon.protocol.CloseInput@49846ec5
2023-11-18T14:51:25.690+0400 [DEBUG] [org.gradle.launcher.daemon.server.SynchronizedDispatchConnection] thread 22: received class org.gradle.launcher.daemon.protocol.Finished
2023-11-18T14:51:25.691+0400 [DEBUG] [org.gradle.launcher.daemon.server.DefaultDaemonConnection] thread 22: Received non-IO message from client: org.gradle.launcher.daemon.protocol.Finished@30f56c3b
2023-11-18T14:51:25.691+0400 [DEBUG] [org.gradle.launcher.daemon.server.DefaultIncomingConnectionHandler] Received finished message: org.gradle.launcher.daemon.protocol.Finished@30f56c3b
2023-11-18T14:51:25.691+0400 [DEBUG] [org.gradle.launcher.daemon.server.SynchronizedDispatchConnection] thread 21: stopping connection
2023-11-18T14:51:25.692+0400 [DEBUG] [org.gradle.internal.remote.internal.inet.SocketConnection] Discarding EOFException: java.io.EOFException
2023-11-18T14:51:25.693+0400 [DEBUG] [org.gradle.launcher.daemon.server.SynchronizedDispatchConnection] thread 22: received null
2023-11-18T14:51:25.693+0400 [DEBUG] [org.gradle.launcher.daemon.server.DefaultDaemonConnection] thread 22: Received end-of-input from client.
2023-11-18T14:51:25.694+0400 [DEBUG] [org.gradle.launcher.daemon.server.SynchronizedDispatchConnection] thread 21: stopping connection
2023-11-18T14:51:29.687+0400 [DEBUG] [org.gradle.cache.internal.DefaultFileLockManager] Waiting to acquire shared lock on daemon addresses registry.
2023-11-18T14:51:29.698+0400 [DEBUG] [org.gradle.cache.internal.DefaultFileLockManager] Lock acquired on daemon addresses registry.
2023-11-18T14:51:29.779+0400 [DEBUG] [org.gradle.cache.internal.DefaultFileLockManager] Releasing lock on daemon addresses registry.
2023-11-18T14:51:29.792+0400 [DEBUG] [org.gradle.cache.internal.DefaultFileLockManager] Waiting to acquire shared lock on daemon addresses registry.
2023-11-18T14:51:29.795+0400 [DEBUG] [org.gradle.cache.internal.DefaultFileLockManager] Lock acquired on daemon addresses registry.
2023-11-18T14:51:29.798+0400 [DEBUG] [org.gradle.cache.internal.DefaultFileLockManager] Releasing lock on daemon addresses registry.
2023-11-18T14:51:29.816+0400 [DEBUG] [org.gradle.process.internal.health.memory.DefaultMemoryManager] 831183257 memory requested, 296865792 free
2023-11-18T14:51:29.817+0400 [DEBUG] [org.gradle.workers.internal.WorkerDaemonExpiration] Will attempt to release 792 of memory
2023-11-18T14:51:29.818+0400 [DEBUG] [org.gradle.process.internal.health.memory.DefaultMemoryManager] 831183257 memory requested, 0 released, 296865792 free
2023-11-18T14:51:34.815+0400 [DEBUG] [org.gradle.process.internal.health.memory.DefaultMemoryManager] 831183257 memory requested, 462102528 free
2023-11-18T14:51:34.818+0400 [DEBUG] [org.gradle.workers.internal.WorkerDaemonExpiration] Will attempt to release 792 of memory
2023-11-18T14:51:34.819+0400 [DEBUG] [org.gradle.process.internal.health.memory.DefaultMemoryManager] 831183257 memory requested, 0 released, 462102528 free
2023-11-18T14:51:39.651+0400 [DEBUG] [org.gradle.cache.internal.DefaultFileLockManager] Waiting to acquire shared lock on daemon addresses registry.
2023-11-18T14:51:39.651+0400 [DEBUG] [org.gradle.cache.internal.DefaultFileLockManager] Lock acquired on daemon addresses registry.
2023-11-18T14:51:39.653+0400 [DEBUG] [org.gradle.cache.internal.DefaultFileLockManager] Releasing lock on daemon addresses registry.
2023-11-18T14:51:39.655+0400 [DEBUG] [org.gradle.cache.internal.DefaultFileLockManager] Waiting to acquire shared lock on daemon addresses registry.
2023-11-18T14:51:39.655+0400 [DEBUG] [org.gradle.cache.internal.DefaultFileLockManager] Lock acquired on daemon addresses registry.
2023-11-18T14:51:39.655+0400 [DEBUG] [org.gradle.cache.internal.DefaultFileLockManager] Releasing lock on daemon addresses registry.
2023-11-18T14:51:39.656+0400 [DEBUG] [org.gradle.cache.internal.DefaultFileLockManager] Waiting to acquire shared lock on daemon addresses registry.
2023-11-18T14:51:39.656+0400 [DEBUG] [org.gradle.cache.internal.DefaultFileLockManager] Lock acquired on daemon addresses registry.
2023-11-18T14:51:39.657+0400 [DEBUG] [org.gradle.cache.internal.DefaultFileLockManager] Releasing lock on daemon addresses registry.
2023-11-18T14:51:39.827+0400 [DEBUG] [org.gradle.process.internal.health.memory.DefaultMemoryManager] 831183257 memory requested, 491073536 free
2023-11-18T14:51:39.830+0400 [DEBUG] [org.gradle.workers.internal.WorkerDaemonExpiration] Will attempt to release 792 of memory
2023-11-18T14:51:39.830+0400 [DEBUG] [org.gradle.process.internal.health.memory.DefaultMemoryManager] 831183257 memory requested, 0 released, 491073536 free
2023-11-18T14:51:44.816+0400 [DEBUG] [org.gradle.process.internal.health.memory.DefaultMemoryManager] 831183257 memory requested, 793321472 free
2023-11-18T14:51:44.816+0400 [DEBUG] [org.gradle.workers.internal.WorkerDaemonExpiration] Will attempt to release 792 of memory
2023-11-18T14:51:44.817+0400 [DEBUG] [org.gradle.process.internal.health.memory.DefaultMemoryManager] 831183257 memory requested, 0 released, 793321472 free
2023-11-18T14:51:49.648+0400 [DEBUG] [org.gradle.cache.internal.DefaultFileLockManager] Waiting to acquire shared lock on daemon addresses registry.
2023-11-18T14:51:49.648+0400 [DEBUG] [org.gradle.cache.internal.DefaultFileLockManager] Lock acquired on daemon addresses registry.
2023-11-18T14:51:49.649+0400 [DEBUG] [org.gradle.cache.internal.DefaultFileLockManager] Releasing lock on daemon addresses registry.
2023-11-18T14:51:49.650+0400 [DEBUG] [org.gradle.cache.internal.DefaultFileLockManager] Waiting to acquire shared lock on daemon addresses registry.
2023-11-18T14:51:49.650+0400 [DEBUG] [org.gradle.cache.internal.DefaultFileLockManager] Lock acquired on daemon addresses registry.
2023-11-18T14:51:49.651+0400 [DEBUG] [org.gradle.cache.internal.DefaultFileLockManager] Releasing lock on daemon addresses registry.
2023-11-18T14:51:49.651+0400 [DEBUG] [org.gradle.cache.internal.DefaultFileLockManager] Waiting to acquire shared lock on daemon addresses registry.
2023-11-18T14:51:49.652+0400 [DEBUG] [org.gradle.cache.internal.DefaultFileLockManager] Lock acquired on daemon addresses registry.
2023-11-18T14:51:49.652+0400 [DEBUG] [org.gradle.cache.internal.DefaultFileLockManager] Releasing lock on daemon addresses registry.
2023-11-18T14:51:49.817+0400 [DEBUG] [org.gradle.process.internal.health.memory.DefaultMemoryManager] 831183257 memory requested, 777592832 free
2023-11-18T14:51:49.817+0400 [DEBUG] [org.gradle.workers.internal.WorkerDaemonExpiration] Will attempt to release 792 of memory
2023-11-18T14:51:49.817+0400 [DEBUG] [org.gradle.process.internal.health.memory.DefaultMemoryManager] 831183257 memory requested, 0 released, 777592832 free
2023-11-18T14:51:54.818+0400 [DEBUG] [org.gradle.process.internal.health.memory.DefaultMemoryManager] 831183257 memory requested, 667324416 free
2023-11-18T14:51:54.818+0400 [DEBUG] [org.gradle.workers.internal.WorkerDaemonExpiration] Will attempt to release 792 of memory
2023-11-18T14:51:54.818+0400 [DEBUG] [org.gradle.process.internal.health.memory.DefaultMemoryManager] 831183257 memory requested, 0 released, 667324416 free
2023-11-18T14:51:59.645+0400 [DEBUG] [org.gradle.cache.internal.DefaultFileLockManager] Waiting to acquire shared lock on daemon addresses registry.
2023-11-18T14:51:59.646+0400 [DEBUG] [org.gradle.cache.internal.DefaultFileLockManager] Lock acquired on daemon addresses registry.
2023-11-18T14:51:59.647+0400 [DEBUG] [org.gradle.cache.internal.DefaultFileLockManager] Releasing lock on daemon addresses registry.
2023-11-18T14:51:59.650+0400 [DEBUG] [org.gradle.cache.internal.DefaultFileLockManager] Waiting to acquire shared lock on daemon addresses registry.
2023-11-18T14:51:59.651+0400 [DEBUG] [org.gradle.cache.internal.DefaultFileLockManager] Lock acquired on daemon addresses registry.
2023-11-18T14:51:59.651+0400 [DEBUG] [org.gradle.cache.internal.DefaultFileLockManager] Releasing lock on daemon addresses registry.
2023-11-18T14:51:59.653+0400 [DEBUG] [org.gradle.cache.internal.DefaultFileLockManager] Waiting to acquire shared lock on daemon addresses registry.
2023-11-18T14:51:59.654+0400 [DEBUG] [org.gradle.cache.internal.DefaultFileLockManager] Lock acquired on daemon addresses registry.
2023-11-18T14:51:59.655+0400 [DEBUG] [org.gradle.cache.internal.DefaultFileLockManager] Releasing lock on daemon addresses registry.
2023-11-18T14:51:59.815+0400 [DEBUG] [org.gradle.process.internal.health.memory.DefaultMemoryManager] 831183257 memory requested, 575852544 free
2023-11-18T14:51:59.816+0400 [DEBUG] [org.gradle.workers.internal.WorkerDaemonExpiration] Will attempt to release 792 of memory
2023-11-18T14:51:59.817+0400 [DEBUG] [org.gradle.process.internal.health.memory.DefaultMemoryManager] 831183257 memory requested, 0 released, 575852544 free
2023-11-18T14:52:04.823+0400 [DEBUG] [org.gradle.process.internal.health.memory.DefaultMemoryManager] 831183257 memory requested, 570413056 free
2023-11-18T14:52:04.824+0400 [DEBUG] [org.gradle.workers.internal.WorkerDaemonExpiration] Will attempt to release 792 of memory
2023-11-18T14:52:04.827+0400 [DEBUG] [org.gradle.process.internal.health.memory.DefaultMemoryManager] 831183257 memory requested, 0 released, 570413056 free
2023-11-18T14:52:09.647+0400 [DEBUG] [org.gradle.cache.internal.DefaultFileLockManager] Waiting to acquire shared lock on daemon addresses registry.
2023-11-18T14:52:09.649+0400 [DEBUG] [org.gradle.cache.internal.DefaultFileLockManager] Lock acquired on daemon addresses registry.
2023-11-18T14:52:09.650+0400 [DEBUG] [org.gradle.cache.internal.DefaultFileLockManager] Releasing lock on daemon addresses registry.
2023-11-18T14:52:09.655+0400 [DEBUG] [org.gradle.cache.internal.DefaultFileLockManager] Waiting to acquire shared lock on daemon addresses registry.
2023-11-18T14:52:09.655+0400 [DEBUG] [org.gradle.cache.internal.DefaultFileLockManager] Lock acquired on daemon addresses registry.
2023-11-18T14:52:09.657+0400 [DEBUG] [org.gradle.cache.internal.DefaultFileLockManager] Releasing lock on daemon addresses registry.
2023-11-18T14:52:09.658+0400 [DEBUG] [org.gradle.cache.internal.DefaultFileLockManager] Waiting to acquire shared lock on daemon addresses registry.
2023-11-18T14:52:09.659+0400 [DEBUG] [org.gradle.cache.internal.DefaultFileLockManager] Lock acquired on daemon addresses registry.
2023-11-18T14:52:09.661+0400 [DEBUG] [org.gradle.cache.internal.DefaultFileLockManager] Releasing lock on daemon addresses registry.
2023-11-18T14:52:09.814+0400 [DEBUG] [org.gradle.process.internal.health.memory.DefaultMemoryManager] 831183257 memory requested, 519622656 free
2023-11-18T14:52:09.814+0400 [DEBUG] [org.gradle.workers.internal.WorkerDaemonExpiration] Will attempt to release 792 of memory
2023-11-18T14:52:09.814+0400 [DEBUG] [org.gradle.process.internal.health.memory.DefaultMemoryManager] 831183257 memory requested, 0 released, 519622656 free
2023-11-18T14:52:14.817+0400 [DEBUG] [org.gradle.process.internal.health.memory.DefaultMemoryManager] 831183257 memory requested, 530890752 free
2023-11-18T14:52:14.817+0400 [DEBUG] [org.gradle.workers.internal.WorkerDaemonExpiration] Will attempt to release 792 of memory
2023-11-18T14:52:14.819+0400 [DEBUG] [org.gradle.process.internal.health.memory.DefaultMemoryManager] 831183257 memory requested, 0 released, 530890752 free
2023-11-18T14:52:19.646+0400 [DEBUG] [org.gradle.cache.internal.DefaultFileLockManager] Waiting to acquire shared lock on daemon addresses registry.
2023-11-18T14:52:19.648+0400 [DEBUG] [org.gradle.cache.internal.DefaultFileLockManager] Lock acquired on daemon addresses registry.
2023-11-18T14:52:19.654+0400 [DEBUG] [org.gradle.cache.internal.DefaultFileLockManager] Releasing lock on daemon addresses registry.
2023-11-18T14:52:19.660+0400 [DEBUG] [org.gradle.cache.internal.DefaultFileLockManager] Waiting to acquire shared lock on daemon addresses registry.
2023-11-18T14:52:19.660+0400 [DEBUG] [org.gradle.cache.internal.DefaultFileLockManager] Lock acquired on daemon addresses registry.
2023-11-18T14:52:19.662+0400 [DEBUG] [org.gradle.cache.internal.DefaultFileLockManager] Releasing lock on daemon addresses registry.
2023-11-18T14:52:19.664+0400 [DEBUG] [org.gradle.cache.internal.DefaultFileLockManager] Waiting to acquire shared lock on daemon addresses registry.
2023-11-18T14:52:19.664+0400 [DEBUG] [org.gradle.cache.internal.DefaultFileLockManager] Lock acquired on daemon addresses registry.
2023-11-18T14:52:19.665+0400 [DEBUG] [org.gradle.cache.internal.DefaultFileLockManager] Releasing lock on daemon addresses registry.
2023-11-18T14:52:19.811+0400 [DEBUG] [org.gradle.process.internal.health.memory.DefaultMemoryManager] 831183257 memory requested, 564551680 free
2023-11-18T14:52:19.811+0400 [DEBUG] [org.gradle.workers.internal.WorkerDaemonExpiration] Will attempt to release 792 of memory
2023-11-18T14:52:19.811+0400 [DEBUG] [org.gradle.process.internal.health.memory.DefaultMemoryManager] 831183257 memory requested, 0 released, 564551680 free
2023-11-18T14:52:24.850+0400 [DEBUG] [org.gradle.process.internal.health.memory.DefaultMemoryManager] 831183257 memory requested, 486117376 free
2023-11-18T14:52:24.850+0400 [DEBUG] [org.gradle.workers.internal.WorkerDaemonExpiration] Will attempt to release 792 of memory
2023-11-18T14:52:24.850+0400 [DEBUG] [org.gradle.process.internal.health.memory.DefaultMemoryManager] 831183257 memory requested, 0 released, 486117376 free
2023-11-18T14:52:29.648+0400 [DEBUG] [org.gradle.cache.internal.DefaultFileLockManager] Waiting to acquire shared lock on daemon addresses registry.
2023-11-18T14:52:29.648+0400 [DEBUG] [org.gradle.cache.internal.DefaultFileLockManager] Lock acquired on daemon addresses registry.
2023-11-18T14:52:29.650+0400 [DEBUG] [org.gradle.cache.internal.DefaultFileLockManager] Releasing lock on daemon addresses registry.
2023-11-18T14:52:29.652+0400 [DEBUG] [org.gradle.cache.internal.DefaultFileLockManager] Waiting to acquire shared lock on daemon addresses registry.
2023-11-18T14:52:29.653+0400 [DEBUG] [org.gradle.cache.internal.DefaultFileLockManager] Lock acquired on daemon addresses registry.
2023-11-18T14:52:29.653+0400 [DEBUG] [org.gradle.cache.internal.DefaultFileLockManager] Releasing lock on daemon addresses registry.
2023-11-18T14:52:29.657+0400 [DEBUG] [org.gradle.cache.internal.DefaultFileLockManager] Waiting to acquire shared lock on daemon addresses registry.
2023-11-18T14:52:29.657+0400 [DEBUG] [org.gradle.cache.internal.DefaultFileLockManager] Lock acquired on daemon addresses registry.
2023-11-18T14:52:29.658+0400 [DEBUG] [org.gradle.cache.internal.DefaultFileLockManager] Releasing lock on daemon addresses registry.
2023-11-18T14:52:29.820+0400 [DEBUG] [org.gradle.process.internal.health.memory.DefaultMemoryManager] 831183257 memory requested, 624668672 free
2023-11-18T14:52:29.820+0400 [DEBUG] [org.gradle.workers.internal.WorkerDaemonExpiration] Will attempt to release 792 of memory
2023-11-18T14:52:29.820+0400 [DEBUG] [org.gradle.process.internal.health.memory.DefaultMemoryManager] 831183257 memory requested, 0 released, 624668672 free
2023-11-18T14:52:34.819+0400 [DEBUG] [org.gradle.process.internal.health.memory.DefaultMemoryManager] 831183257 memory requested, 505176064 free
2023-11-18T14:52:34.819+0400 [DEBUG] [org.gradle.workers.internal.WorkerDaemonExpiration] Will attempt to release 792 of memory
2023-11-18T14:52:34.819+0400 [DEBUG] [org.gradle.process.internal.health.memory.DefaultMemoryManager] 831183257 memory requested, 0 released, 505176064 free
2023-11-18T14:52:39.645+0400 [DEBUG] [org.gradle.cache.internal.DefaultFileLockManager] Waiting to acquire shared lock on daemon addresses registry.
2023-11-18T14:52:39.646+0400 [DEBUG] [org.gradle.cache.internal.DefaultFileLockManager] Lock acquired on daemon addresses registry.
2023-11-18T14:52:39.648+0400 [DEBUG] [org.gradle.cache.internal.DefaultFileLockManager] Releasing lock on daemon addresses registry.
2023-11-18T14:52:39.651+0400 [DEBUG] [org.gradle.cache.internal.DefaultFileLockManager] Waiting to acquire shared lock on daemon addresses registry.
2023-11-18T14:52:39.651+0400 [DEBUG] [org.gradle.cache.internal.DefaultFileLockManager] Lock acquired on daemon addresses registry.
2023-11-18T14:52:39.652+0400 [DEBUG] [org.gradle.cache.internal.DefaultFileLockManager] Releasing lock on daemon addresses registry.
2023-11-18T14:52:39.655+0400 [DEBUG] [org.gradle.cache.internal.DefaultFileLockManager] Waiting to acquire shared lock on daemon addresses registry.
2023-11-18T14:52:39.655+0400 [DEBUG] [org.gradle.cache.internal.DefaultFileLockManager] Lock acquired on daemon addresses registry.
2023-11-18T14:52:39.657+0400 [DEBUG] [org.gradle.cache.internal.DefaultFileLockManager] Releasing lock on daemon addresses registry.
2023-11-18T14:52:39.814+0400 [DEBUG] [org.gradle.process.internal.health.memory.DefaultMemoryManager] 831183257 memory requested, 675459072 free
2023-11-18T14:52:39.814+0400 [DEBUG] [org.gradle.workers.internal.WorkerDaemonExpiration] Will attempt to release 792 of memory
2023-11-18T14:52:39.815+0400 [DEBUG] [org.gradle.process.internal.health.memory.DefaultMemoryManager] 831183257 memory requested, 0 released, 675459072 free
2023-11-18T14:52:44.810+0400 [DEBUG] [org.gradle.process.internal.health.memory.DefaultMemoryManager] 831183257 memory requested, 643448832 free
2023-11-18T14:52:44.811+0400 [DEBUG] [org.gradle.workers.internal.WorkerDaemonExpiration] Will attempt to release 792 of memory
2023-11-18T14:52:44.811+0400 [DEBUG] [org.gradle.process.internal.health.memory.DefaultMemoryManager] 831183257 memory requested, 0 released, 643448832 free
2023-11-18T14:52:49.650+0400 [DEBUG] [org.gradle.cache.internal.DefaultFileLockManager] Waiting to acquire shared lock on daemon addresses registry.
2023-11-18T14:52:49.651+0400 [DEBUG] [org.gradle.cache.internal.DefaultFileLockManager] Lock acquired on daemon addresses registry.
2023-11-18T14:52:49.651+0400 [DEBUG] [org.gradle.cache.internal.DefaultFileLockManager] Releasing lock on daemon addresses registry.
2023-11-18T14:52:49.653+0400 [DEBUG] [org.gradle.cache.internal.DefaultFileLockManager] Waiting to acquire shared lock on daemon addresses registry.
2023-11-18T14:52:49.654+0400 [DEBUG] [org.gradle.cache.internal.DefaultFileLockManager] Lock acquired on daemon addresses registry.
2023-11-18T14:52:49.655+0400 [DEBUG] [org.gradle.cache.internal.DefaultFileLockManager] Releasing lock on daemon addresses registry.
2023-11-18T14:52:49.660+0400 [DEBUG] [org.gradle.cache.internal.DefaultFileLockManager] Waiting to acquire shared lock on daemon addresses registry.
2023-11-18T14:52:49.660+0400 [DEBUG] [org.gradle.cache.internal.DefaultFileLockManager] Lock acquired on daemon addresses registry.
2023-11-18T14:52:49.661+0400 [DEBUG] [org.gradle.cache.internal.DefaultFileLockManager] Releasing lock on daemon addresses registry.
2023-11-18T14:52:49.819+0400 [DEBUG] [org.gradle.process.internal.health.memory.DefaultMemoryManager] 831183257 memory requested, 680042496 free
2023-11-18T14:52:49.821+0400 [DEBUG] [org.gradle.workers.internal.WorkerDaemonExpiration] Will attempt to release 792 of memory
2023-11-18T14:52:49.821+0400 [DEBUG] [org.gradle.process.internal.health.memory.DefaultMemoryManager] 831183257 memory requested, 0 released, 680042496 free
2023-11-18T14:52:54.811+0400 [DEBUG] [org.gradle.process.internal.health.memory.DefaultMemoryManager] 831183257 memory requested, 694042624 free
2023-11-18T14:52:54.811+0400 [DEBUG] [org.gradle.workers.internal.WorkerDaemonExpiration] Will attempt to release 792 of memory
2023-11-18T14:52:54.811+0400 [DEBUG] [org.gradle.process.internal.health.memory.DefaultMemoryManager] 831183257 memory requested, 0 released, 694042624 free
2023-11-18T14:52:59.644+0400 [DEBUG] [org.gradle.cache.internal.DefaultFileLockManager] Waiting to acquire shared lock on daemon addresses registry.
2023-11-18T14:52:59.644+0400 [DEBUG] [org.gradle.cache.internal.DefaultFileLockManager] Lock acquired on daemon addresses registry.
2023-11-18T14:52:59.645+0400 [DEBUG] [org.gradle.cache.internal.DefaultFileLockManager] Releasing lock on daemon addresses registry.
2023-11-18T14:52:59.646+0400 [DEBUG] [org.gradle.cache.internal.DefaultFileLockManager] Waiting to acquire shared lock on daemon addresses registry.
2023-11-18T14:52:59.646+0400 [DEBUG] [org.gradle.cache.internal.DefaultFileLockManager] Lock acquired on daemon addresses registry.
2023-11-18T14:52:59.647+0400 [DEBUG] [org.gradle.cache.internal.DefaultFileLockManager] Releasing lock on daemon addresses registry.
2023-11-18T14:52:59.648+0400 [DEBUG] [org.gradle.cache.internal.DefaultFileLockManager] Waiting to acquire shared lock on daemon addresses registry.
2023-11-18T14:52:59.648+0400 [DEBUG] [org.gradle.cache.internal.DefaultFileLockManager] Lock acquired on daemon addresses registry.
2023-11-18T14:52:59.648+0400 [DEBUG] [org.gradle.cache.internal.DefaultFileLockManager] Releasing lock on daemon addresses registry.
2023-11-18T14:52:59.813+0400 [DEBUG] [org.gradle.process.internal.health.memory.DefaultMemoryManager] 831183257 memory requested, 625643520 free
2023-11-18T14:52:59.813+0400 [DEBUG] [org.gradle.workers.internal.WorkerDaemonExpiration] Will attempt to release 792 of memory
2023-11-18T14:52:59.813+0400 [DEBUG] [org.gradle.process.internal.health.memory.DefaultMemoryManager] 831183257 memory requested, 0 released, 625643520 free
2023-11-18T14:53:04.810+0400 [DEBUG] [org.gradle.process.internal.health.memory.DefaultMemoryManager] 831183257 memory requested, 658919424 free
2023-11-18T14:53:04.811+0400 [DEBUG] [org.gradle.workers.internal.WorkerDaemonExpiration] Will attempt to release 792 of memory
2023-11-18T14:53:04.811+0400 [DEBUG] [org.gradle.process.internal.health.memory.DefaultMemoryManager] 831183257 memory requested, 0 released, 658919424 free
2023-11-18T14:53:09.648+0400 [DEBUG] [org.gradle.cache.internal.DefaultFileLockManager] Waiting to acquire shared lock on daemon addresses registry.
2023-11-18T14:53:09.648+0400 [DEBUG] [org.gradle.cache.internal.DefaultFileLockManager] Lock acquired on daemon addresses registry.
2023-11-18T14:53:09.648+0400 [DEBUG] [org.gradle.cache.internal.DefaultFileLockManager] Releasing lock on daemon addresses registry.
2023-11-18T14:53:09.649+0400 [DEBUG] [org.gradle.cache.internal.DefaultFileLockManager] Waiting to acquire shared lock on daemon addresses registry.
2023-11-18T14:53:09.650+0400 [DEBUG] [org.gradle.cache.internal.DefaultFileLockManager] Lock acquired on daemon addresses registry.
2023-11-18T14:53:09.650+0400 [DEBUG] [org.gradle.cache.internal.DefaultFileLockManager] Releasing lock on daemon addresses registry.
2023-11-18T14:53:09.651+0400 [DEBUG] [org.gradle.cache.internal.DefaultFileLockManager] Waiting to acquire shared lock on daemon addresses registry.
2023-11-18T14:53:09.652+0400 [DEBUG] [org.gradle.cache.internal.DefaultFileLockManager] Lock acquired on daemon addresses registry.
2023-11-18T14:53:09.652+0400 [DEBUG] [org.gradle.cache.internal.DefaultFileLockManager] Releasing lock on daemon addresses registry.
2023-11-18T14:53:09.818+0400 [DEBUG] [org.gradle.process.internal.health.memory.DefaultMemoryManager] 831183257 memory requested, 679628800 free
2023-11-18T14:53:09.818+0400 [DEBUG] [org.gradle.workers.internal.WorkerDaemonExpiration] Will attempt to release 792 of memory
2023-11-18T14:53:09.818+0400 [DEBUG] [org.gradle.process.internal.health.memory.DefaultMemoryManager] 831183257 memory requested, 0 released, 679628800 free
2023-11-18T14:53:14.810+0400 [DEBUG] [org.gradle.process.internal.health.memory.DefaultMemoryManager] 831183257 memory requested, 676372480 free
2023-11-18T14:53:14.810+0400 [DEBUG] [org.gradle.workers.internal.WorkerDaemonExpiration] Will attempt to release 792 of memory
2023-11-18T14:53:14.810+0400 [DEBUG] [org.gradle.process.internal.health.memory.DefaultMemoryManager] 831183257 memory requested, 0 released, 676372480 free
2023-11-18T14:53:19.649+0400 [DEBUG] [org.gradle.cache.internal.DefaultFileLockManager] Waiting to acquire shared lock on daemon addresses registry.
2023-11-18T14:53:19.650+0400 [DEBUG] [org.gradle.cache.internal.DefaultFileLockManager] Lock acquired on daemon addresses registry.
2023-11-18T14:53:19.650+0400 [DEBUG] [org.gradle.cache.internal.DefaultFileLockManager] Releasing lock on daemon addresses registry.
2023-11-18T14:53:19.651+0400 [DEBUG] [org.gradle.cache.internal.DefaultFileLockManager] Waiting to acquire shared lock on daemon addresses registry.
2023-11-18T14:53:19.651+0400 [DEBUG] [org.gradle.cache.internal.DefaultFileLockManager] Lock acquired on daemon addresses registry.
2023-11-18T14:53:19.652+0400 [DEBUG] [org.gradle.cache.internal.DefaultFileLockManager] Releasing lock on daemon addresses registry.
2023-11-18T14:53:19.653+0400 [DEBUG] [org.gradle.cache.internal.DefaultFileLockManager] Waiting to acquire shared lock on daemon addresses registry.
2023-11-18T14:53:19.654+0400 [DEBUG] [org.gradle.cache.internal.DefaultFileLockManager] Lock acquired on daemon addresses registry.
2023-11-18T14:53:19.654+0400 [DEBUG] [org.gradle.cache.internal.DefaultFileLockManager] Releasing lock on daemon addresses registry.
2023-11-18T14:53:19.821+0400 [DEBUG] [org.gradle.process.internal.health.memory.DefaultMemoryManager] 831183257 memory requested, 721838080 free
2023-11-18T14:53:19.821+0400 [DEBUG] [org.gradle.workers.internal.WorkerDaemonExpiration] Will attempt to release 792 of memory
2023-11-18T14:53:19.821+0400 [DEBUG] [org.gradle.process.internal.health.memory.DefaultMemoryManager] 831183257 memory requested, 0 released, 721838080 free
2023-11-18T14:53:29.648+0400 [DEBUG] [org.gradle.cache.internal.DefaultFileLockManager] Waiting to acquire shared lock on daemon addresses registry.
2023-11-18T14:53:29.648+0400 [DEBUG] [org.gradle.cache.internal.DefaultFileLockManager] Lock acquired on daemon addresses registry.
2023-11-18T14:53:29.649+0400 [DEBUG] [org.gradle.cache.internal.DefaultFileLockManager] Releasing lock on daemon addresses registry.
2023-11-18T14:53:29.654+0400 [DEBUG] [org.gradle.cache.internal.DefaultFileLockManager] Waiting to acquire shared lock on daemon addresses registry.
2023-11-18T14:53:29.654+0400 [DEBUG] [org.gradle.cache.internal.DefaultFileLockManager] Lock acquired on daemon addresses registry.
2023-11-18T14:53:29.655+0400 [DEBUG] [org.gradle.cache.internal.DefaultFileLockManager] Releasing lock on daemon addresses registry.
2023-11-18T14:53:29.656+0400 [DEBUG] [org.gradle.cache.internal.DefaultFileLockManager] Waiting to acquire shared lock on daemon addresses registry.
2023-11-18T14:53:29.658+0400 [DEBUG] [org.gradle.cache.internal.DefaultFileLockManager] Lock acquired on daemon addresses registry.
2023-11-18T14:53:29.658+0400 [DEBUG] [org.gradle.cache.internal.DefaultFileLockManager] Releasing lock on daemon addresses registry.
2023-11-18T14:53:29.817+0400 [DEBUG] [org.gradle.process.internal.health.memory.DefaultMemoryManager] 831183257 memory requested, 627060736 free
2023-11-18T14:53:29.817+0400 [DEBUG] [org.gradle.workers.internal.WorkerDaemonExpiration] Will attempt to release 792 of memory
2023-11-18T14:53:29.817+0400 [DEBUG] [org.gradle.process.internal.health.memory.DefaultMemoryManager] 831183257 memory requested, 0 released, 627060736 free
2023-11-18T14:53:34.833+0400 [DEBUG] [org.gradle.process.internal.health.memory.DefaultMemoryManager] 831183257 memory requested, 162861056 free
2023-11-18T14:53:34.869+0400 [DEBUG] [org.gradle.workers.internal.WorkerDaemonExpiration] Will attempt to release 792 of memory
2023-11-18T14:53:34.869+0400 [DEBUG] [org.gradle.process.internal.health.memory.DefaultMemoryManager] 831183257 memory requested, 0 released, 162861056 free
2023-11-18T14:53:39.697+0400 [DEBUG] [org.gradle.cache.internal.DefaultFileLockManager] Waiting to acquire shared lock on daemon addresses registry.
2023-11-18T14:53:39.701+0400 [DEBUG] [org.gradle.cache.internal.DefaultFileLockManager] Lock acquired on daemon addresses registry.
2023-11-18T14:53:39.705+0400 [DEBUG] [org.gradle.cache.internal.DefaultFileLockManager] Releasing lock on daemon addresses registry.
2023-11-18T14:53:39.708+0400 [DEBUG] [org.gradle.cache.internal.DefaultFileLockManager] Waiting to acquire shared lock on daemon addresses registry.
2023-11-18T14:53:39.709+0400 [DEBUG] [org.gradle.cache.internal.DefaultFileLockManager] Lock acquired on daemon addresses registry.
2023-11-18T14:53:39.745+0400 [DEBUG] [org.gradle.cache.internal.DefaultFileLockManager] Releasing lock on daemon addresses registry.
2023-11-18T14:53:39.872+0400 [DEBUG] [org.gradle.process.internal.health.memory.DefaultMemoryManager] 831183257 memory requested, 27750400 free
2023-11-18T14:53:40.323+0400 [DEBUG] [org.gradle.workers.internal.WorkerDaemonExpiration] Will attempt to release 792 of memory
2023-11-18T14:53:40.324+0400 [DEBUG] [org.gradle.process.internal.health.memory.DefaultMemoryManager] 831183257 memory requested, 0 released, 27750400 free
2023-11-18T14:53:40.528+0400 [DEBUG] [org.gradle.cache.internal.DefaultFileLockManager] Waiting to acquire shared lock on daemon addresses registry.
2023-11-18T14:53:40.529+0400 [DEBUG] [org.gradle.cache.internal.DefaultFileLockManager] Lock acquired on daemon addresses registry.
2023-11-18T14:53:40.538+0400 [DEBUG] [org.gradle.cache.internal.DefaultFileLockManager] Releasing lock on daemon addresses registry.
2023-11-18T14:53:43.578+0400 [DEBUG] [org.gradle.internal.remote.internal.inet.TcpIncomingConnector] Accepted connection from /127.0.0.1:53821 to /127.0.0.1:53727.
2023-11-18T14:53:44.825+0400 [DEBUG] [org.gradle.process.internal.health.memory.DefaultMemoryManager] 831183257 memory requested, 201715712 free
2023-11-18T14:53:44.826+0400 [DEBUG] [org.gradle.workers.internal.WorkerDaemonExpiration] Will attempt to release 792 of memory
2023-11-18T14:53:44.826+0400 [DEBUG] [org.gradle.process.internal.health.memory.DefaultMemoryManager] 831183257 memory requested, 0 released, 201715712 free
2023-11-18T14:53:45.234+0400 [DEBUG] [org.gradle.launcher.daemon.server.SynchronizedDispatchConnection] thread 149: received class org.gradle.launcher.daemon.protocol.InvalidateVirtualFileSystem
2023-11-18T14:53:45.237+0400 [DEBUG] [org.gradle.launcher.daemon.server.DefaultDaemonConnection] thread 149: Received non-IO message from client: InvalidateVirtualFileSystem[id=adea709d-cbb8-4910-82ee-6fb60a103781]
2023-11-18T14:53:45.238+0400 [INFO] [org.gradle.launcher.daemon.server.DefaultIncomingConnectionHandler] Received command: InvalidateVirtualFileSystem[id=adea709d-cbb8-4910-82ee-6fb60a103781].
2023-11-18T14:53:45.238+0400 [DEBUG] [org.gradle.launcher.daemon.server.DefaultIncomingConnectionHandler] Starting executing command: InvalidateVirtualFileSystem[id=adea709d-cbb8-4910-82ee-6fb60a103781] with connection: socket connection from /127.0.0.1:53727 to /127.0.0.1:53821.
2023-11-18T14:53:45.253+0400 [INFO] [org.gradle.launcher.daemon.server.api.HandleInvalidateVirtualFileSystem] Invalidating [C:\Users\Rufet\IdeaProjects\Booking\build.gradle]
2023-11-18T14:53:45.271+0400 [DEBUG] [org.gradle.internal.vfs.impl.AbstractVirtualFileSystem] Invalidating VFS paths: [C:\Users\Rufet\IdeaProjects\Booking\build.gradle]
2023-11-18T14:53:45.279+0400 [DEBUG] [org.gradle.launcher.daemon.server.SynchronizedDispatchConnection] thread 148: dispatching Success[value=null]
2023-11-18T14:53:45.290+0400 [DEBUG] [org.gradle.launcher.daemon.server.DefaultIncomingConnectionHandler] Finishing executing command: InvalidateVirtualFileSystem[id=adea709d-cbb8-4910-82ee-6fb60a103781]
2023-11-18T14:53:45.291+0400 [DEBUG] [org.gradle.launcher.daemon.server.SynchronizedDispatchConnection] thread 149: received class org.gradle.launcher.daemon.protocol.Finished
2023-11-18T14:53:45.291+0400 [DEBUG] [org.gradle.launcher.daemon.server.DefaultDaemonConnection] thread 149: Received non-IO message from client: org.gradle.launcher.daemon.protocol.Finished@31aa4440
2023-11-18T14:53:45.292+0400 [DEBUG] [org.gradle.launcher.daemon.server.DefaultIncomingConnectionHandler] Received finished message: org.gradle.launcher.daemon.protocol.Finished@31aa4440
2023-11-18T14:53:45.293+0400 [DEBUG] [org.gradle.launcher.daemon.server.SynchronizedDispatchConnection] thread 148: stopping connection
2023-11-18T14:53:45.304+0400 [DEBUG] [org.gradle.internal.remote.internal.inet.SocketConnection] Discarding EOFException: java.io.EOFException
2023-11-18T14:53:45.304+0400 [DEBUG] [org.gradle.launcher.daemon.server.SynchronizedDispatchConnection] thread 149: received null
2023-11-18T14:53:45.304+0400 [DEBUG] [org.gradle.launcher.daemon.server.DefaultDaemonConnection] thread 149: Received end-of-input from client.
2023-11-18T14:53:45.307+0400 [DEBUG] [org.gradle.launcher.daemon.server.SynchronizedDispatchConnection] thread 148: stopping connection
2023-11-18T14:53:48.781+0400 [DEBUG] [org.gradle.cache.internal.LockOnDemandCrossProcessCacheAccess] Lock on journal cache (C:\Users\Rufet\IdeaProjects\PaymentApp\caches\journal-1) requested by another process - releasing lock.
2023-11-18T14:53:48.782+0400 [DEBUG] [org.gradle.cache.internal.LockOnDemandCrossProcessCacheAccess] Releasing file lock for journal cache (C:\Users\Rufet\IdeaProjects\PaymentApp\caches\journal-1)
2023-11-18T14:53:48.787+0400 [DEBUG] [org.gradle.cache.internal.btree.BTreePersistentIndexedCache] Closing cache file-access.bin (C:\Users\Rufet\IdeaProjects\PaymentApp\caches\journal-1\file-access.bin)
2023-11-18T14:53:48.796+0400 [DEBUG] [org.gradle.cache.internal.DefaultFileLockManager] Releasing lock on journal cache (C:\Users\Rufet\IdeaProjects\PaymentApp\caches\journal-1).
2023-11-18T14:53:48.798+0400 [DEBUG] [org.gradle.cache.internal.locklistener.FileLockCommunicator] Confirming lock release to Gradle process at port 64928 for lock with id 7051552391127125253.
2023-11-18T14:53:48.799+0400 [DEBUG] [org.gradle.cache.internal.locklistener.FileLockCommunicator] Confirming lock release to Gradle process at port 64928 for lock with id 7051552391127125253.
2023-11-18T14:53:49.059+0400 [DEBUG] [org.gradle.cache.internal.LockOnDemandCrossProcessCacheAccess] Lock on file hash cache (C:\Users\Rufet\IdeaProjects\PaymentApp\caches\8.3\fileHashes) requested by another process - releasing lock.
2023-11-18T14:53:49.059+0400 [DEBUG] [org.gradle.cache.internal.LockOnDemandCrossProcessCacheAccess] Releasing file lock for file hash cache (C:\Users\Rufet\IdeaProjects\PaymentApp\caches\8.3\fileHashes)
2023-11-18T14:53:49.060+0400 [DEBUG] [org.gradle.cache.internal.btree.BTreePersistentIndexedCache] Closing cache fileHashes.bin (C:\Users\Rufet\IdeaProjects\PaymentApp\caches\8.3\fileHashes\fileHashes.bin)
2023-11-18T14:53:49.060+0400 [DEBUG] [org.gradle.cache.internal.btree.BTreePersistentIndexedCache] Closing cache resourceHashesCache.bin (C:\Users\Rufet\IdeaProjects\PaymentApp\caches\8.3\fileHashes\resourceHashesCache.bin)
2023-11-18T14:53:49.061+0400 [DEBUG] [org.gradle.cache.internal.DefaultFileLockManager] Releasing lock on file hash cache (C:\Users\Rufet\IdeaProjects\PaymentApp\caches\8.3\fileHashes).
2023-11-18T14:53:49.061+0400 [DEBUG] [org.gradle.cache.internal.locklistener.FileLockCommunicator] Confirming lock release to Gradle process at port 64928 for lock with id -2721659616952775997.
2023-11-18T14:53:49.062+0400 [DEBUG] [org.gradle.cache.internal.locklistener.FileLockCommunicator] Confirming lock release to Gradle process at port 64928 for lock with id -2721659616952775997.
2023-11-18T14:53:49.651+0400 [DEBUG] [org.gradle.cache.internal.DefaultFileLockManager] Waiting to acquire shared lock on daemon addresses registry.
2023-11-18T14:53:49.652+0400 [DEBUG] [org.gradle.cache.internal.DefaultFileLockManager] Lock acquired on daemon addresses registry.
2023-11-18T14:53:49.653+0400 [DEBUG] [org.gradle.cache.internal.DefaultFileLockManager] Releasing lock on daemon addresses registry.
2023-11-18T14:53:49.656+0400 [DEBUG] [org.gradle.cache.internal.DefaultFileLockManager] Waiting to acquire shared lock on daemon addresses registry.
2023-11-18T14:53:49.656+0400 [DEBUG] [org.gradle.cache.internal.DefaultFileLockManager] Lock acquired on daemon addresses registry.
2023-11-18T14:53:49.658+0400 [DEBUG] [org.gradle.cache.internal.DefaultFileLockManager] Releasing lock on daemon addresses registry.
2023-11-18T14:53:49.660+0400 [DEBUG] [org.gradle.cache.internal.DefaultFileLockManager] Waiting to acquire shared lock on daemon addresses registry.
2023-11-18T14:53:49.661+0400 [DEBUG] [org.gradle.cache.internal.DefaultFileLockManager] Lock acquired on daemon addresses registry.
2023-11-18T14:53:49.662+0400 [DEBUG] [org.gradle.cache.internal.DefaultFileLockManager] Releasing lock on daemon addresses registry.
2023-11-18T14:53:49.813+0400 [DEBUG] [org.gradle.cache.internal.LockOnDemandCrossProcessCacheAccess] Lock on jars (C:\Users\Rufet\IdeaProjects\PaymentApp\caches\jars-9) requested by another process - releasing lock.
2023-11-18T14:53:49.813+0400 [DEBUG] [org.gradle.cache.internal.LockOnDemandCrossProcessCacheAccess] Releasing file lock for jars (C:\Users\Rufet\IdeaProjects\PaymentApp\caches\jars-9)
2023-11-18T14:53:49.814+0400 [DEBUG] [org.gradle.cache.internal.DefaultFileLockManager] Releasing lock on jars (C:\Users\Rufet\IdeaProjects\PaymentApp\caches\jars-9).
2023-11-18T14:53:49.814+0400 [DEBUG] [org.gradle.cache.internal.locklistener.FileLockCommunicator] Confirming lock release to Gradle process at port 64928 for lock with id 4846945968082120258.
2023-11-18T14:53:49.814+0400 [DEBUG] [org.gradle.cache.internal.locklistener.FileLockCommunicator] Confirming lock release to Gradle process at port 64928 for lock with id 4846945968082120258.
2023-11-18T14:53:49.820+0400 [DEBUG] [org.gradle.process.internal.health.memory.DefaultMemoryManager] 831183257 memory requested, 790859776 free
2023-11-18T14:53:49.821+0400 [DEBUG] [org.gradle.workers.internal.WorkerDaemonExpiration] Will attempt to release 792 of memory
2023-11-18T14:53:49.821+0400 [DEBUG] [org.gradle.process.internal.health.memory.DefaultMemoryManager] 831183257 memory requested, 0 released, 790859776 free
2023-11-18T14:53:50.428+0400 [DEBUG] [org.gradle.cache.internal.LockOnDemandCrossProcessCacheAccess] Lock on file content cache (C:\Users\Rufet\IdeaProjects\PaymentApp\caches\8.3\fileContent) requested by another process - releasing lock.
2023-11-18T14:53:50.428+0400 [DEBUG] [org.gradle.cache.internal.LockOnDemandCrossProcessCacheAccess] Releasing file lock for file content cache (C:\Users\Rufet\IdeaProjects\PaymentApp\caches\8.3\fileContent)
2023-11-18T14:53:50.428+0400 [DEBUG] [org.gradle.cache.internal.btree.BTreePersistentIndexedCache] Closing cache annotation-processors.bin (C:\Users\Rufet\IdeaProjects\PaymentApp\caches\8.3\fileContent\annotation-processors.bin)
2023-11-18T14:53:50.429+0400 [DEBUG] [org.gradle.cache.internal.DefaultFileLockManager] Releasing lock on file content cache (C:\Users\Rufet\IdeaProjects\PaymentApp\caches\8.3\fileContent).
2023-11-18T14:53:50.429+0400 [DEBUG] [org.gradle.cache.internal.locklistener.FileLockCommunicator] Confirming lock release to Gradle process at port 64928 for lock with id -3459897096410409137.
2023-11-18T14:53:50.429+0400 [DEBUG] [org.gradle.cache.internal.locklistener.FileLockCommunicator] Confirming lock release to Gradle process at port 64928 for lock with id -3459897096410409137.
2023-11-18T14:53:50.681+0400 [DEBUG] [org.gradle.cache.internal.LockOnDemandCrossProcessCacheAccess] Lock on execution history cache (C:\Users\Rufet\IdeaProjects\PaymentApp\caches\8.3\executionHistory) requested by another process - releasing lock.
2023-11-18T14:53:50.681+0400 [DEBUG] [org.gradle.cache.internal.LockOnDemandCrossProcessCacheAccess] Releasing file lock for execution history cache (C:\Users\Rufet\IdeaProjects\PaymentApp\caches\8.3\executionHistory)
2023-11-18T14:53:50.681+0400 [DEBUG] [org.gradle.cache.internal.DefaultFileLockManager] Releasing lock on execution history cache (C:\Users\Rufet\IdeaProjects\PaymentApp\caches\8.3\executionHistory).
2023-11-18T14:53:50.682+0400 [DEBUG] [org.gradle.cache.internal.locklistener.FileLockCommunicator] Confirming lock release to Gradle process at port 64928 for lock with id -7616151173264901104.
2023-11-18T14:53:50.682+0400 [DEBUG] [org.gradle.cache.internal.locklistener.FileLockCommunicator] Confirming lock release to Gradle process at port 64928 for lock with id -7616151173264901104.
2023-11-18T14:53:54.815+0400 [DEBUG] [org.gradle.process.internal.health.memory.DefaultMemoryManager] 831183257 memory requested, 392724480 free
2023-11-18T14:53:54.815+0400 [DEBUG] [org.gradle.workers.internal.WorkerDaemonExpiration] Will attempt to release 792 of memory
2023-11-18T14:53:54.815+0400 [DEBUG] [org.gradle.process.internal.health.memory.DefaultMemoryManager] 831183257 memory requested, 0 released, 392724480 free
2023-11-18T14:53:55.432+0400 [DEBUG] [org.gradle.cache.internal.LockOnDemandCrossProcessCacheAccess] Lock on artifact cache (C:\Users\Rufet\IdeaProjects\PaymentApp\caches\modules-2) requested by another process - releasing lock.
2023-11-18T14:53:55.433+0400 [DEBUG] [org.gradle.cache.internal.LockOnDemandCrossProcessCacheAccess] Releasing file lock for artifact cache (C:\Users\Rufet\IdeaProjects\PaymentApp\caches\modules-2)
2023-11-18T14:53:55.435+0400 [DEBUG] [org.gradle.cache.internal.btree.BTreePersistentIndexedCache] Closing cache module-artifact.bin (C:\Users\Rufet\IdeaProjects\PaymentApp\caches\modules-2\metadata-2.106\module-artifact.bin)
2023-11-18T14:53:55.443+0400 [DEBUG] [org.gradle.cache.internal.btree.BTreePersistentIndexedCache] Closing cache module-metadata.bin (C:\Users\Rufet\IdeaProjects\PaymentApp\caches\modules-2\metadata-2.106\module-metadata.bin)
2023-11-18T14:53:55.447+0400 [DEBUG] [org.gradle.cache.internal.DefaultFileLockManager] Releasing lock on artifact cache (C:\Users\Rufet\IdeaProjects\PaymentApp\caches\modules-2).
2023-11-18T14:53:55.448+0400 [DEBUG] [org.gradle.cache.internal.locklistener.FileLockCommunicator] Confirming lock release to Gradle process at port 64928 for lock with id -4327955191369771695.
2023-11-18T14:53:55.449+0400 [DEBUG] [org.gradle.cache.internal.locklistener.FileLockCommunicator] Confirming lock release to Gradle process at port 64928 for lock with id -4327955191369771695.
2023-11-18T14:53:59.644+0400 [DEBUG] [org.gradle.cache.internal.DefaultFileLockManager] Waiting to acquire shared lock on daemon addresses registry.
2023-11-18T14:53:59.645+0400 [DEBUG] [org.gradle.cache.internal.DefaultFileLockManager] Lock acquired on daemon addresses registry.
2023-11-18T14:53:59.646+0400 [DEBUG] [org.gradle.cache.internal.DefaultFileLockManager] Releasing lock on daemon addresses registry.
2023-11-18T14:53:59.827+0400 [DEBUG] [org.gradle.process.internal.health.memory.DefaultMemoryManager] 831183257 memory requested, 437579776 free
2023-11-18T14:53:59.827+0400 [DEBUG] [org.gradle.workers.internal.WorkerDaemonExpiration] Will attempt to release 792 of memory
2023-11-18T14:53:59.827+0400 [DEBUG] [org.gradle.process.internal.health.memory.DefaultMemoryManager] 831183257 memory requested, 0 released, 437579776 free
2023-11-18T14:53:59.828+0400 [DEBUG] [org.gradle.cache.internal.DefaultFileLockManager] Waiting to acquire shared lock on daemon addresses registry.
2023-11-18T14:53:59.829+0400 [DEBUG] [org.gradle.cache.internal.DefaultFileLockManager] Lock acquired on daemon addresses registry.
2023-11-18T14:53:59.835+0400 [DEBUG] [org.gradle.cache.internal.DefaultFileLockManager] Releasing lock on daemon addresses registry.
2023-11-18T14:53:59.839+0400 [DEBUG] [org.gradle.cache.internal.DefaultFileLockManager] Waiting to acquire shared lock on daemon addresses registry.
2023-11-18T14:53:59.842+0400 [DEBUG] [org.gradle.cache.internal.DefaultFileLockManager] Lock acquired on daemon addresses registry.
2023-11-18T14:53:59.865+0400 [DEBUG] [org.gradle.cache.internal.DefaultFileLockManager] Releasing lock on daemon addresses registry.
2023-11-18T14:54:09.648+0400 [DEBUG] [org.gradle.cache.internal.DefaultFileLockManager] Waiting to acquire shared lock on daemon addresses registry.
2023-11-18T14:54:09.649+0400 [DEBUG] [org.gradle.cache.internal.DefaultFileLockManager] Lock acquired on daemon addresses registry.
2023-11-18T14:54:09.650+0400 [DEBUG] [org.gradle.cache.internal.DefaultFileLockManager] Releasing lock on daemon addresses registry.
2023-11-18T14:54:09.651+0400 [DEBUG] [org.gradle.cache.internal.DefaultFileLockManager] Waiting to acquire shared lock on daemon addresses registry.
2023-11-18T14:54:09.652+0400 [DEBUG] [org.gradle.cache.internal.DefaultFileLockManager] Lock acquired on daemon addresses registry.
2023-11-18T14:54:09.652+0400 [DEBUG] [org.gradle.cache.internal.DefaultFileLockManager] Releasing lock on daemon addresses registry.
2023-11-18T14:54:09.653+0400 [DEBUG] [org.gradle.cache.internal.DefaultFileLockManager] Waiting to acquire shared lock on daemon addresses registry.
2023-11-18T14:54:09.654+0400 [DEBUG] [org.gradle.cache.internal.DefaultFileLockManager] Lock acquired on daemon addresses registry.
2023-11-18T14:54:09.654+0400 [DEBUG] [org.gradle.cache.internal.DefaultFileLockManager] Releasing lock on daemon addresses registry.
2023-11-18T14:54:14.817+0400 [DEBUG] [org.gradle.process.internal.health.memory.DefaultMemoryManager] 831183257 memory requested, 811827200 free
2023-11-18T14:54:14.817+0400 [DEBUG] [org.gradle.workers.internal.WorkerDaemonExpiration] Will attempt to release 792 of memory
2023-11-18T14:54:14.818+0400 [DEBUG] [org.gradle.process.internal.health.memory.DefaultMemoryManager] 831183257 memory requested, 0 released, 811827200 free
2023-11-18T14:54:19.646+0400 [DEBUG] [org.gradle.cache.internal.DefaultFileLockManager] Waiting to acquire shared lock on daemon addresses registry.
2023-11-18T14:54:19.646+0400 [DEBUG] [org.gradle.cache.internal.DefaultFileLockManager] Lock acquired on daemon addresses registry.
2023-11-18T14:54:19.647+0400 [DEBUG] [org.gradle.cache.internal.DefaultFileLockManager] Releasing lock on daemon addresses registry.
2023-11-18T14:54:19.648+0400 [DEBUG] [org.gradle.cache.internal.DefaultFileLockManager] Waiting to acquire shared lock on daemon addresses registry.
2023-11-18T14:54:19.648+0400 [DEBUG] [org.gradle.cache.internal.DefaultFileLockManager] Lock acquired on daemon addresses registry.
2023-11-18T14:54:19.652+0400 [DEBUG] [org.gradle.cache.internal.DefaultFileLockManager] Releasing lock on daemon addresses registry.
2023-11-18T14:54:19.653+0400 [DEBUG] [org.gradle.cache.internal.DefaultFileLockManager] Waiting to acquire shared lock on daemon addresses registry.
2023-11-18T14:54:19.654+0400 [DEBUG] [org.gradle.cache.internal.DefaultFileLockManager] Lock acquired on daemon addresses registry.
2023-11-18T14:54:19.654+0400 [DEBUG] [org.gradle.cache.internal.DefaultFileLockManager] Releasing lock on daemon addresses registry.
2023-11-18T14:54:24.819+0400 [DEBUG] [org.gradle.process.internal.health.memory.DefaultMemoryManager] 831183257 memory requested, 555876352 free
2023-11-18T14:54:24.819+0400 [DEBUG] [org.gradle.workers.internal.WorkerDaemonExpiration] Will attempt to release 792 of memory
2023-11-18T14:54:24.819+0400 [DEBUG] [org.gradle.process.internal.health.memory.DefaultMemoryManager] 831183257 memory requested, 0 released, 555876352 free
2023-11-18T14:54:29.644+0400 [DEBUG] [org.gradle.cache.internal.DefaultFileLockManager] Waiting to acquire shared lock on daemon addresses registry.
2023-11-18T14:54:29.644+0400 [DEBUG] [org.gradle.cache.internal.DefaultFileLockManager] Lock acquired on daemon addresses registry.
2023-11-18T14:54:29.645+0400 [DEBUG] [org.gradle.cache.internal.DefaultFileLockManager] Releasing lock on daemon addresses registry.
2023-11-18T14:54:29.646+0400 [DEBUG] [org.gradle.cache.internal.DefaultFileLockManager] Waiting to acquire shared lock on daemon addresses registry.
2023-11-18T14:54:29.646+0400 [DEBUG] [org.gradle.cache.internal.DefaultFileLockManager] Lock acquired on daemon addresses registry.
2023-11-18T14:54:29.647+0400 [DEBUG] [org.gradle.cache.internal.DefaultFileLockManager] Releasing lock on daemon addresses registry.
2023-11-18T14:54:29.647+0400 [DEBUG] [org.gradle.cache.internal.DefaultFileLockManager] Waiting to acquire shared lock on daemon addresses registry.
2023-11-18T14:54:29.647+0400 [DEBUG] [org.gradle.cache.internal.DefaultFileLockManager] Lock acquired on daemon addresses registry.
2023-11-18T14:54:29.647+0400 [DEBUG] [org.gradle.cache.internal.DefaultFileLockManager] Releasing lock on daemon addresses registry.
2023-11-18T14:54:29.813+0400 [DEBUG] [org.gradle.process.internal.health.memory.DefaultMemoryManager] 831183257 memory requested, 823013376 free
2023-11-18T14:54:29.813+0400 [DEBUG] [org.gradle.workers.internal.WorkerDaemonExpiration] Will attempt to release 792 of memory
2023-11-18T14:54:29.814+0400 [DEBUG] [org.gradle.process.internal.health.memory.DefaultMemoryManager] 831183257 memory requested, 0 released, 823013376 free
2023-11-18T14:54:35.028+0400 [DEBUG] [org.gradle.process.internal.health.memory.DefaultMemoryManager] 831183257 memory requested, 288710656 free
2023-11-18T14:54:35.030+0400 [DEBUG] [org.gradle.workers.internal.WorkerDaemonExpiration] Will attempt to release 792 of memory
2023-11-18T14:54:35.030+0400 [DEBUG] [org.gradle.process.internal.health.memory.DefaultMemoryManager] 831183257 memory requested, 0 released, 288710656 free
2023-11-18T14:54:39.775+0400 [DEBUG] [org.gradle.cache.internal.DefaultFileLockManager] Waiting to acquire shared lock on daemon addresses registry.
2023-11-18T14:54:39.776+0400 [DEBUG] [org.gradle.cache.internal.DefaultFileLockManager] Lock acquired on daemon addresses registry.
2023-11-18T14:54:39.779+0400 [DEBUG] [org.gradle.cache.internal.DefaultFileLockManager] Releasing lock on daemon addresses registry.
2023-11-18T14:54:39.818+0400 [DEBUG] [org.gradle.cache.internal.DefaultFileLockManager] Waiting to acquire shared lock on daemon addresses registry.
2023-11-18T14:54:39.819+0400 [DEBUG] [org.gradle.cache.internal.DefaultFileLockManager] Lock acquired on daemon addresses registry.
2023-11-18T14:54:39.820+0400 [DEBUG] [org.gradle.cache.internal.DefaultFileLockManager] Releasing lock on daemon addresses registry.
2023-11-18T14:54:39.861+0400 [INFO] [org.gradle.launcher.daemon.server.health.LowMemoryDaemonExpirationStrategy] after free system memory (275.3 MiB) fell below threshold of 396.3 MiB
2023-11-18T14:54:39.863+0400 [DEBUG] [org.gradle.process.internal.health.memory.DefaultMemoryManager] 831183257 memory requested, 146800640 free
2023-11-18T14:54:39.868+0400 [DEBUG] [org.gradle.workers.internal.WorkerDaemonExpiration] Will attempt to release 792 of memory
2023-11-18T14:54:39.869+0400 [DEBUG] [org.gradle.process.internal.health.memory.DefaultMemoryManager] 831183257 memory requested, 0 released, 146800640 free
2023-11-18T14:54:39.878+0400 [DEBUG] [org.gradle.cache.internal.DefaultFileLockManager] Waiting to acquire shared lock on daemon addresses registry.
2023-11-18T14:54:39.878+0400 [DEBUG] [org.gradle.cache.internal.DefaultFileLockManager] Lock acquired on daemon addresses registry.
2023-11-18T14:54:39.880+0400 [DEBUG] [org.gradle.cache.internal.DefaultFileLockManager] Releasing lock on daemon addresses registry.
2023-11-18T14:54:39.889+0400 [DEBUG] [org.gradle.launcher.daemon.server.DaemonRegistryUpdater] Storing daemon stop event: after being idle for 3 minutes and not recently used and to reclaim system memory
2023-11-18T14:54:39.896+0400 [DEBUG] [org.gradle.launcher.daemon.registry.PersistentDaemonRegistry] Storing daemon stop event with timestamp 1700304879894
2023-11-18T14:54:39.937+0400 [DEBUG] [org.gradle.cache.internal.DefaultFileLockManager] Waiting to acquire exclusive lock on daemon addresses registry.
2023-11-18T14:54:39.968+0400 [DEBUG] [org.gradle.cache.internal.DefaultFileLockManager] Lock acquired on daemon addresses registry.
2023-11-18T14:54:39.978+0400 [DEBUG] [org.gradle.cache.internal.DefaultFileLockManager] Releasing lock on daemon addresses registry.
2023-11-18T14:54:39.979+0400 [LIFECYCLE] [org.gradle.launcher.daemon.server.DaemonStateCoordinator] Daemon will be stopped at the end of the build after being idle for 3 minutes and not recently used and to reclaim system memory
2023-11-18T14:54:39.979+0400 [DEBUG] [org.gradle.launcher.daemon.server.DaemonStateCoordinator] Marking daemon stopped due to after being idle for 3 minutes and not recently used and to reclaim system memory. The daemon is running a build: false
2023-11-18T14:54:39.992+0400 [DEBUG] [org.gradle.launcher.daemon.server.DaemonStateCoordinator] daemon has stopped.
2023-11-18T14:54:39.992+0400 [DEBUG] [org.gradle.launcher.daemon.server.Daemon] stop() called on daemon
2023-11-18T14:54:40.003+0400 [INFO] [org.gradle.launcher.daemon.server.Daemon] Stop requested. Daemon is removing its presence from the registry...
2023-11-18T14:54:40.016+0400 [DEBUG] [org.gradle.launcher.daemon.server.DaemonRegistryUpdater] Removing our presence to clients, eg. removing this address from the registry: [47bfd0d4-c3be-4368-a3db-2a6853f7d781 port:53727, addresses:[localhost/127.0.0.1]]
2023-11-18T14:54:40.016+0400 [DEBUG] [org.gradle.launcher.daemon.registry.PersistentDaemonRegistry] Removing daemon address: [47bfd0d4-c3be-4368-a3db-2a6853f7d781 port:53727, addresses:[localhost/127.0.0.1]]
2023-11-18T14:54:40.029+0400 [DEBUG] [org.gradle.cache.internal.DefaultFileLockManager] Waiting to acquire exclusive lock on daemon addresses registry.
2023-11-18T14:54:40.029+0400 [DEBUG] [org.gradle.cache.internal.DefaultFileLockManager] Lock acquired on daemon addresses registry.
2023-11-18T14:54:40.033+0400 [DEBUG] [org.gradle.cache.internal.DefaultFileLockManager] Releasing lock on daemon addresses registry.
2023-11-18T14:54:40.034+0400 [DEBUG] [org.gradle.launcher.daemon.server.DaemonRegistryUpdater] Address removed from registry.
2023-11-18T14:54:40.289+0400 [DEBUG] [org.gradle.cache.internal.DefaultPersistentDirectoryStore] jars (C:\Users\Rufet\IdeaProjects\PaymentApp\caches\jars-9) has last been fully cleaned up 3 hours ago
2023-11-18T14:54:40.753+0400 [DEBUG] [org.gradle.cache.internal.DefaultPersistentDirectoryStore] Artifact transforms cache (C:\Users\Rufet\IdeaProjects\PaymentApp\caches\transforms-3) has last been fully cleaned up 3 hours ago
2023-11-18T14:54:40.755+0400 [DEBUG] [org.gradle.cache.internal.DefaultCacheCoordinator] Cache Artifact transforms cache (C:\Users\Rufet\IdeaProjects\PaymentApp\caches\transforms-3) was closed 0 times.
2023-11-18T14:54:42.171+0400 [DEBUG] [org.gradle.internal.watch.vfs.impl.WatchingVirtualFileSystem] Closing VFS, dropping state
2023-11-18T14:54:45.016+0400 [DEBUG] [org.gradle.process.internal.health.memory.DefaultMemoryManager] 831183257 memory requested, 22204416 free
2023-11-18T14:54:45.018+0400 [DEBUG] [org.gradle.process.internal.health.memory.DefaultMemoryManager] 831183257 memory requested, 0 released, 22204416 free
2023-11-18T14:54:45.607+0400 [DEBUG] [org.gradle.internal.watch.registry.impl.DefaultFileWatcherRegistry] Finished listening to file system change events
2023-11-18T14:54:46.192+0400 [DEBUG] [org.gradle.cache.internal.DefaultCacheCoordinator] Cache Generated Gradle JARs cache (C:\Users\Rufet\IdeaProjects\PaymentApp\caches\8.3\generated-gradle-jars) was closed 0 times.
2023-11-18T14:54:46.398+0400 [DEBUG] [org.gradle.cache.internal.DefaultPersistentDirectoryStore] artifact cache (C:\Users\Rufet\IdeaProjects\PaymentApp\caches\modules-2) has last been fully cleaned up 3 hours ago
2023-11-18T14:54:46.819+0400 [DEBUG] [org.gradle.cache.internal.LockOnDemandCrossProcessCacheAccess] Releasing file lock for Java compile cache (C:\Users\Rufet\IdeaProjects\PaymentApp\caches\8.3\javaCompile)
2023-11-18T14:54:46.827+0400 [DEBUG] [org.gradle.cache.internal.btree.BTreePersistentIndexedCache] Closing cache jarAnalysis.bin (C:\Users\Rufet\IdeaProjects\PaymentApp\caches\8.3\javaCompile\jarAnalysis.bin)
2023-11-18T14:54:46.849+0400 [DEBUG] [org.gradle.cache.internal.btree.BTreePersistentIndexedCache] Closing cache classAnalysis.bin (C:\Users\Rufet\IdeaProjects\PaymentApp\caches\8.3\javaCompile\classAnalysis.bin)
2023-11-18T14:54:47.179+0400 [DEBUG] [org.gradle.cache.internal.DefaultFileLockManager] Releasing lock on Java compile cache (C:\Users\Rufet\IdeaProjects\PaymentApp\caches\8.3\javaCompile).
2023-11-18T14:54:49.873+0400 [DEBUG] [org.gradle.process.internal.health.memory.DefaultMemoryManager] 831183257 memory requested, 33398784 free
2023-11-18T14:54:49.878+0400 [DEBUG] [org.gradle.process.internal.health.memory.DefaultMemoryManager] 831183257 memory requested, 0 released, 33398784 free
Daemon vm is shutting down... The daemon has exited normally or was terminated in response to a user interrupt.
2023-11-18T14:54:51.900+0400 [DEBUG] [org.gradle.launcher.daemon.registry.PersistentDaemonRegistry] Removing daemon address: [47bfd0d4-c3be-4368-a3db-2a6853f7d781 port:53727, addresses:[localhost/127.0.0.1]]
2023-11-18T14:54:51.919+0400 [DEBUG] [org.gradle.cache.internal.DefaultFileLockManager] Waiting to acquire exclusive lock on daemon addresses registry.
2023-11-18T14:54:51.923+0400 [DEBUG] [org.gradle.cache.internal.DefaultFileLockManager] Lock acquired on daemon addresses registry.
2023-11-18T14:54:51.959+0400 [DEBUG] [org.gradle.cache.internal.DefaultFileLockManager] Releasing lock on daemon addresses registry.
